2008-01-29 18:17:37,000, INFO, DB exists, dropping ...
2008-01-29 18:17:37,015, INFO, Creating DB ...
2008-01-29 18:17:37,015, INFO, Creating table ...
2008-01-29 18:17:37,015, DEBUG, CREATE TABLE largetable (_internal_id INT NOT NULL AUTO_INCREMENT, col1 VARCHAR(100), col2 VARCHAR(100), col3 INT, col4 DATETIME, col5 VARCHAR(100), col6 VARCHAR(100), col7 VARCHAR(100), col8 VARCHAR(100), PRIMARY KEY(_internal_id))
2008-01-29 18:17:37,062, INFO, Start to load data ...
2008-01-29 18:17:37,062, DEBUG, asldkfasldfjalsdjfalsdkfjasldfjasldkfjasldkfjalsdfjaslkdfjaslkdfjasdlkfjasdlkfjasldkfjasdlf
2008-01-29 18:17:37,280, INFO, Commiting... 1, 1000
2008-01-29 18:17:37,483, INFO, Commiting... 2, 1000
2008-01-29 18:17:37,687, INFO, Commiting... 3, 1000
2008-01-29 18:17:37,905, INFO, Commiting... 4, 1000
2008-01-29 18:17:38,108, INFO, Commiting... 5, 1000
2008-01-29 18:17:38,312, INFO, Commiting... 6, 1000
2008-01-29 18:17:38,530, INFO, Commiting... 7, 1000
2008-01-29 18:17:38,733, INFO, Commiting... 8, 1000
2008-01-29 18:17:38,937, INFO, Commiting... 9, 1000
2008-01-29 18:17:39,155, INFO, Commiting... 10, 1000
2008-01-29 18:17:39,358, INFO, Commiting... 11, 1000
2008-01-29 18:17:39,562, INFO, Commiting... 12, 1000
2008-01-29 18:17:39,780, INFO, Commiting... 13, 1000
2008-01-29 18:17:39,983, INFO, Commiting... 14, 1000
2008-01-29 18:17:40,203, INFO, Commiting... 15, 1000
2008-01-29 18:17:40,405, INFO, Commiting... 16, 1000
2008-01-29 18:17:40,625, INFO, Commiting... 17, 1000
2008-01-29 18:17:40,828, INFO, Commiting... 18, 1000
2008-01-29 18:17:41,046, INFO, Commiting... 19, 1000
2008-01-29 18:17:41,250, INFO, Commiting... 20, 1000
2008-01-29 18:17:41,467, INFO, Commiting... 21, 1000
2008-01-29 18:17:41,687, INFO, Commiting... 22, 1000
2008-01-29 18:17:41,890, INFO, Commiting... 23, 1000
2008-01-29 18:17:42,108, INFO, Commiting... 24, 1000
2008-01-29 18:17:42,312, INFO, Commiting... 25, 1000
2008-01-29 18:17:42,530, INFO, Commiting... 26, 1000
2008-01-29 18:17:42,733, INFO, Commiting... 27, 1000
2008-01-29 18:17:42,953, INFO, Commiting... 28, 1000
2008-01-29 18:17:43,171, INFO, Commiting... 29, 1000
2008-01-29 18:17:43,375, INFO, Commiting... 30, 1000
2008-01-29 18:17:43,592, INFO, Commiting... 31, 1000
2008-01-29 18:17:43,796, INFO, Commiting... 32, 1000
2008-01-29 18:17:44,015, INFO, Commiting... 33, 1000
2008-01-29 18:17:44,217, INFO, Commiting... 34, 1000
2008-01-29 18:17:44,437, INFO, Commiting... 35, 1000
2008-01-29 18:17:44,655, INFO, Commiting... 36, 1000
2008-01-29 18:17:44,858, INFO, Commiting... 37, 1000
2008-01-29 18:17:45,078, INFO, Commiting... 38, 1000
2008-01-29 18:17:45,296, INFO, Commiting... 39, 1000
2008-01-29 18:17:45,500, INFO, Commiting... 40, 1000
2008-01-29 18:17:45,717, INFO, Commiting... 41, 1000
2008-01-29 18:17:45,921, INFO, Commiting... 42, 1000
2008-01-29 18:17:46,140, INFO, Commiting... 43, 1000
2008-01-29 18:17:46,358, INFO, Commiting... 44, 1000
2008-01-29 18:17:46,562, INFO, Commiting... 45, 1000
2008-01-29 18:17:46,780, INFO, Commiting... 46, 1000
2008-01-29 18:17:46,983, INFO, Commiting... 47, 1000
2008-01-29 18:17:47,203, INFO, Commiting... 48, 1000
2008-01-29 18:17:47,405, INFO, Commiting... 49, 1000
2008-01-29 18:17:47,625, INFO, Commiting... 50, 1000
2008-01-29 18:17:47,842, INFO, Commiting... 51, 1000
2008-01-29 18:17:48,046, INFO, Commiting... 52, 1000
2008-01-29 18:17:48,280, INFO, Commiting... 53, 1000
2008-01-29 18:17:48,483, INFO, Commiting... 54, 1000
2008-01-29 18:17:48,703, INFO, Commiting... 55, 1000
2008-01-29 18:17:48,905, INFO, Commiting... 56, 1000
2008-01-29 18:17:49,125, INFO, Commiting... 57, 1000
2008-01-29 18:17:49,328, INFO, Commiting... 58, 1000
2008-01-29 18:17:49,530, INFO, Commiting... 59, 1000
2008-01-29 18:17:49,750, INFO, Commiting... 60, 1000
2008-01-29 18:17:49,953, INFO, Commiting... 61, 1000
2008-01-29 18:17:50,171, INFO, Commiting... 62, 1000
2008-01-29 18:17:50,375, INFO, Commiting... 63, 1000
2008-01-29 18:17:50,578, INFO, Commiting... 64, 1000
2008-01-29 18:17:50,796, INFO, Commiting... 65, 1000
2008-01-29 18:17:51,000, INFO, Commiting... 66, 1000
2008-01-29 18:17:51,217, INFO, Commiting... 67, 1000
2008-01-29 18:17:51,421, INFO, Commiting... 68, 1000
2008-01-29 18:17:51,625, INFO, Commiting... 69, 1000
2008-01-29 18:17:51,842, INFO, Commiting... 70, 1000
2008-01-29 18:17:52,062, INFO, Commiting... 71, 1000
2008-01-29 18:17:52,280, INFO, Commiting... 72, 1000
2008-01-29 18:17:52,483, INFO, Commiting... 73, 1000
2008-01-29 18:17:52,703, INFO, Commiting... 74, 1000
2008-01-29 18:17:52,921, INFO, Commiting... 75, 1000
2008-01-29 18:17:53,296, INFO, Commiting... 76, 1000
2008-01-29 18:17:53,733, INFO, Commiting... 77, 1000
2008-01-29 18:17:53,967, INFO, Commiting... 78, 1000
2008-01-29 18:17:54,187, INFO, Commiting... 79, 1000
2008-01-29 18:17:54,390, INFO, Commiting... 80, 1000
2008-01-29 18:17:54,608, INFO, Commiting... 81, 1000
2008-01-29 18:17:54,828, INFO, Commiting... 82, 1000
2008-01-29 18:17:55,030, INFO, Commiting... 83, 1000
2008-01-29 18:17:55,250, INFO, Commiting... 84, 1000
2008-01-29 18:17:55,453, INFO, Commiting... 85, 1000
2008-01-29 18:17:55,671, INFO, Commiting... 86, 1000
2008-01-29 18:17:55,875, INFO, Commiting... 87, 1000
2008-01-29 18:17:56,092, INFO, Commiting... 88, 1000
2008-01-29 18:17:56,296, INFO, Commiting... 89, 1000
2008-01-29 18:17:56,515, INFO, Commiting... 90, 1000
2008-01-29 18:17:56,733, INFO, Commiting... 91, 1000
2008-01-29 18:17:56,953, INFO, Commiting... 92, 1000
2008-01-29 18:17:57,155, INFO, Commiting... 93, 1000
2008-01-29 18:17:57,375, INFO, Commiting... 94, 1000
2008-01-29 18:17:57,578, INFO, Commiting... 95, 1000
2008-01-29 18:17:57,796, INFO, Commiting... 96, 1000
2008-01-29 18:17:58,000, INFO, Commiting... 97, 1000
2008-01-29 18:17:58,217, INFO, Commiting... 98, 1000
2008-01-29 18:17:58,437, INFO, Commiting... 99, 1000
2008-01-29 18:17:58,640, INFO, Commiting... 100, 1000
2008-01-29 18:17:58,858, INFO, Commiting... 101, 1000
2008-01-29 18:17:59,062, INFO, Commiting... 102, 1000
2008-01-29 18:17:59,280, INFO, Commiting... 103, 1000
2008-01-29 18:17:59,483, INFO, Commiting... 104, 1000
2008-01-29 18:17:59,703, INFO, Commiting... 105, 1000
2008-01-29 18:17:59,905, INFO, Commiting... 106, 1000
2008-01-29 18:18:00,125, INFO, Commiting... 107, 1000
2008-01-29 18:18:00,328, INFO, Commiting... 108, 1000
2008-01-29 18:18:00,546, INFO, Commiting... 109, 1000
2008-01-29 18:18:00,765, INFO, Commiting... 110, 1000
2008-01-29 18:18:00,967, INFO, Commiting... 111, 1000
2008-01-29 18:18:01,187, INFO, Commiting... 112, 1000
2008-01-29 18:18:01,405, INFO, Commiting... 113, 1000
2008-01-29 18:18:01,608, INFO, Commiting... 114, 1000
2008-01-29 18:18:01,828, INFO, Commiting... 115, 1000
2008-01-29 18:18:02,030, INFO, Commiting... 116, 1000
2008-01-29 18:18:02,265, INFO, Commiting... 117, 1000
2008-01-29 18:18:02,500, INFO, Commiting... 118, 1000
2008-01-29 18:18:02,717, INFO, Commiting... 119, 1000
2008-01-29 18:18:02,921, INFO, Commiting... 120, 1000
2008-01-29 18:18:03,140, INFO, Commiting... 121, 1000
2008-01-29 18:18:03,358, INFO, Commiting... 122, 1000
2008-01-29 18:18:03,562, INFO, Commiting... 123, 1000
2008-01-29 18:18:03,780, INFO, Commiting... 124, 1000
2008-01-29 18:18:04,000, INFO, Commiting... 125, 1000
2008-01-29 18:18:04,203, INFO, Commiting... 126, 1000
2008-01-29 18:18:04,421, INFO, Commiting... 127, 1000
2008-01-29 18:18:04,625, INFO, Commiting... 128, 1000
2008-01-29 18:18:04,842, INFO, Commiting... 129, 1000
2008-01-29 18:18:05,062, INFO, Commiting... 130, 1000
2008-01-29 18:18:05,296, INFO, Commiting... 131, 1000
2008-01-29 18:18:05,515, INFO, Commiting... 132, 1000
2008-01-29 18:18:05,733, INFO, Commiting... 133, 1000
2008-01-29 18:18:05,953, INFO, Commiting... 134, 1000
2008-01-29 18:18:06,171, INFO, Commiting... 135, 1000
2008-01-29 18:18:06,390, INFO, Commiting... 136, 1000
2008-01-29 18:18:06,592, INFO, Commiting... 137, 1000
2008-01-29 18:18:06,812, INFO, Commiting... 138, 1000
2008-01-29 18:18:07,015, INFO, Commiting... 139, 1000
2008-01-29 18:18:07,250, INFO, Commiting... 140, 1000
2008-01-29 18:18:07,467, INFO, Commiting... 141, 1000
2008-01-29 18:18:07,687, INFO, Commiting... 142, 1000
2008-01-29 18:18:07,905, INFO, Commiting... 143, 1000
2008-01-29 18:18:08,125, INFO, Commiting... 144, 1000
2008-01-29 18:18:08,358, INFO, Commiting... 145, 1000
2008-01-29 18:18:08,578, INFO, Commiting... 146, 1000
2008-01-29 18:18:08,796, INFO, Commiting... 147, 1000
2008-01-29 18:18:09,015, INFO, Commiting... 148, 1000
2008-01-29 18:18:09,217, INFO, Commiting... 149, 1000
2008-01-29 18:18:09,437, INFO, Commiting... 150, 1000
2008-01-29 18:18:09,640, INFO, Commiting... 151, 1000
2008-01-29 18:18:09,905, INFO, Commiting... 152, 1000
2008-01-29 18:18:10,125, INFO, Commiting... 153, 1000
2008-01-29 18:18:10,328, INFO, Commiting... 154, 1000
2008-01-29 18:18:10,546, INFO, Commiting... 155, 1000
2008-01-29 18:18:10,765, INFO, Commiting... 156, 1000
2008-01-29 18:18:10,967, INFO, Commiting... 157, 1000
2008-01-29 18:18:11,187, INFO, Commiting... 158, 1000
2008-01-29 18:18:11,390, INFO, Commiting... 159, 1000
2008-01-29 18:18:11,608, INFO, Commiting... 160, 1000
2008-01-29 18:18:11,828, INFO, Commiting... 161, 1000
2008-01-29 18:18:12,030, INFO, Commiting... 162, 1000
2008-01-29 18:18:12,250, INFO, Commiting... 163, 1000
2008-01-29 18:18:12,453, INFO, Commiting... 164, 1000
2008-01-29 18:18:12,671, INFO, Commiting... 165, 1000
2008-01-29 18:18:12,890, INFO, Commiting... 166, 1000
2008-01-29 18:18:13,092, INFO, Commiting... 167, 1000
2008-01-29 18:18:13,312, INFO, Commiting... 168, 1000
2008-01-29 18:18:13,515, INFO, Commiting... 169, 1000
2008-01-29 18:18:13,733, INFO, Commiting... 170, 1000
2008-01-29 18:18:13,953, INFO, Commiting... 171, 1000
2008-01-29 18:18:14,155, INFO, Commiting... 172, 1000
2008-01-29 18:18:14,375, INFO, Commiting... 173, 1000
2008-01-29 18:18:14,578, INFO, Commiting... 174, 1000
2008-01-29 18:18:14,796, INFO, Commiting... 175, 1000
2008-01-29 18:18:15,015, INFO, Commiting... 176, 1000
2008-01-29 18:18:15,233, INFO, Commiting... 177, 1000
2008-01-29 18:18:15,437, INFO, Commiting... 178, 1000
2008-01-29 18:18:15,655, INFO, Commiting... 179, 1000
2008-01-29 18:18:15,875, INFO, Commiting... 180, 1000
2008-01-29 18:18:16,092, INFO, Commiting... 181, 1000
2008-01-29 18:18:16,296, INFO, Commiting... 182, 1000
2008-01-29 18:18:16,515, INFO, Commiting... 183, 1000
2008-01-29 18:18:16,733, INFO, Commiting... 184, 1000
2008-01-29 18:18:16,953, INFO, Commiting... 185, 1000
2008-01-29 18:18:17,171, INFO, Commiting... 186, 1000
2008-01-29 18:18:17,375, INFO, Commiting... 187, 1000
2008-01-29 18:18:17,592, INFO, Commiting... 188, 1000
2008-01-29 18:18:17,812, INFO, Commiting... 189, 1000
2008-01-29 18:18:18,015, INFO, Commiting... 190, 1000
2008-01-29 18:18:18,233, INFO, Commiting... 191, 1000
2008-01-29 18:18:18,453, INFO, Commiting... 192, 1000
2008-01-29 18:18:18,655, INFO, Commiting... 193, 1000
2008-01-29 18:18:18,875, INFO, Commiting... 194, 1000
2008-01-29 18:18:19,092, INFO, Commiting... 195, 1000
2008-01-29 18:18:19,296, INFO, Commiting... 196, 1000
2008-01-29 18:18:19,515, INFO, Commiting... 197, 1000
2008-01-29 18:18:19,717, INFO, Commiting... 198, 1000
2008-01-29 18:18:19,937, INFO, Commiting... 199, 1000
2008-01-29 18:18:20,155, INFO, Commiting... 200, 1000
2008-01-29 18:18:20,358, INFO, Commiting... 201, 1000
2008-01-29 18:18:20,578, INFO, Commiting... 202, 1000
2008-01-29 18:18:20,796, INFO, Commiting... 203, 1000
2008-01-29 18:18:21,000, INFO, Commiting... 204, 1000
2008-01-29 18:18:21,217, INFO, Commiting... 205, 1000
2008-01-29 18:18:21,437, INFO, Commiting... 206, 1000
2008-01-29 18:18:21,640, INFO, Commiting... 207, 1000
2008-01-29 18:18:21,858, INFO, Commiting... 208, 1000
2008-01-29 18:18:22,078, INFO, Commiting... 209, 1000
2008-01-29 18:18:22,296, INFO, Commiting... 210, 1000
2008-01-29 18:18:22,500, INFO, Commiting... 211, 1000
2008-01-29 18:18:22,717, INFO, Commiting... 212, 1000
2008-01-29 18:18:22,937, INFO, Commiting... 213, 1000
2008-01-29 18:18:23,155, INFO, Commiting... 214, 1000
2008-01-29 18:18:23,375, INFO, Commiting... 215, 1000
2008-01-29 18:18:23,578, INFO, Commiting... 216, 1000
2008-01-29 18:18:23,796, INFO, Commiting... 217, 1000
2008-01-29 18:18:24,015, INFO, Commiting... 218, 1000
2008-01-29 18:18:24,233, INFO, Commiting... 219, 1000
2008-01-29 18:18:24,437, INFO, Commiting... 220, 1000
2008-01-29 18:18:24,655, INFO, Commiting... 221, 1000
2008-01-29 18:18:24,875, INFO, Commiting... 222, 1000
2008-01-29 18:18:25,092, INFO, Commiting... 223, 1000
2008-01-29 18:18:25,312, INFO, Commiting... 224, 1000
2008-01-29 18:18:25,515, INFO, Commiting... 225, 1000
2008-01-29 18:18:25,733, INFO, Commiting... 226, 1000
2008-01-29 18:18:25,983, INFO, Commiting... 227, 1000
2008-01-29 18:18:26,203, INFO, Commiting... 228, 1000
2008-01-29 18:18:26,421, INFO, Commiting... 229, 1000
2008-01-29 18:18:26,625, INFO, Commiting... 230, 1000
2008-01-29 18:18:26,842, INFO, Commiting... 231, 1000
2008-01-29 18:18:27,062, INFO, Commiting... 232, 1000
2008-01-29 18:18:27,280, INFO, Commiting... 233, 1000
2008-01-29 18:18:27,483, INFO, Commiting... 234, 1000
2008-01-29 18:18:27,703, INFO, Commiting... 235, 1000
2008-01-29 18:18:27,921, INFO, Commiting... 236, 1000
2008-01-29 18:18:28,140, INFO, Commiting... 237, 1000
2008-01-29 18:18:28,358, INFO, Commiting... 238, 1000
2008-01-29 18:18:28,562, INFO, Commiting... 239, 1000
2008-01-29 18:18:28,780, INFO, Commiting... 240, 1000
2008-01-29 18:18:29,000, INFO, Commiting... 241, 1000
2008-01-29 18:18:29,203, INFO, Commiting... 242, 1000
2008-01-29 18:18:29,421, INFO, Commiting... 243, 1000
2008-01-29 18:18:29,640, INFO, Commiting... 244, 1000
2008-01-29 18:18:29,858, INFO, Commiting... 245, 1000
2008-01-29 18:18:30,062, INFO, Commiting... 246, 1000
2008-01-29 18:18:30,280, INFO, Commiting... 247, 1000
2008-01-29 18:18:30,500, INFO, Commiting... 248, 1000
2008-01-29 18:18:30,717, INFO, Commiting... 249, 1000
2008-01-29 18:18:30,937, INFO, Commiting... 250, 1000
2008-01-29 18:18:31,140, INFO, Commiting... 251, 1000
2008-01-29 18:18:31,358, INFO, Commiting... 252, 1000
2008-01-29 18:18:31,562, INFO, Commiting... 253, 1000
2008-01-29 18:18:31,780, INFO, Commiting... 254, 1000
2008-01-29 18:18:32,000, INFO, Commiting... 255, 1000
2008-01-29 18:18:32,217, INFO, Commiting... 256, 1000
2008-01-29 18:18:32,421, INFO, Commiting... 257, 1000
2008-01-29 18:18:32,640, INFO, Commiting... 258, 1000
2008-01-29 18:18:32,858, INFO, Commiting... 259, 1000
2008-01-29 18:18:33,078, INFO, Commiting... 260, 1000
2008-01-29 18:18:33,280, INFO, Commiting... 261, 1000
2008-01-29 18:18:33,500, INFO, Commiting... 262, 1000
2008-01-29 18:18:33,717, INFO, Commiting... 263, 1000
2008-01-29 18:18:33,937, INFO, Commiting... 264, 1000
2008-01-29 18:18:34,140, INFO, Commiting... 265, 1000
2008-01-29 18:18:34,358, INFO, Commiting... 266, 1000
2008-01-29 18:18:34,578, INFO, Commiting... 267, 1000
2008-01-29 18:18:34,780, INFO, Commiting... 268, 1000
2008-01-29 18:18:35,000, INFO, Commiting... 269, 1000
2008-01-29 18:18:35,217, INFO, Commiting... 270, 1000
2008-01-29 18:18:35,437, INFO, Commiting... 271, 1000
2008-01-29 18:18:35,640, INFO, Commiting... 272, 1000
2008-01-29 18:18:35,858, INFO, Commiting... 273, 1000
2008-01-29 18:18:36,078, INFO, Commiting... 274, 1000
2008-01-29 18:18:36,296, INFO, Commiting... 275, 1000
2008-01-29 18:18:36,500, INFO, Commiting... 276, 1000
2008-01-29 18:18:36,717, INFO, Commiting... 277, 1000
2008-01-29 18:18:36,937, INFO, Commiting... 278, 1000
2008-01-29 18:18:37,140, INFO, Commiting... 279, 1000
2008-01-29 18:18:37,358, INFO, Commiting... 280, 1000
2008-01-29 18:18:37,578, INFO, Commiting... 281, 1000
2008-01-29 18:18:37,796, INFO, Commiting... 282, 1000
2008-01-29 18:18:38,015, INFO, Commiting... 283, 1000
2008-01-29 18:18:38,217, INFO, Commiting... 284, 1000
2008-01-29 18:18:38,437, INFO, Commiting... 285, 1000
2008-01-29 18:18:38,655, INFO, Commiting... 286, 1000
2008-01-29 18:18:38,875, INFO, Commiting... 287, 1000
2008-01-29 18:18:39,078, INFO, Commiting... 288, 1000
2008-01-29 18:18:39,296, INFO, Commiting... 289, 1000
2008-01-29 18:18:39,515, INFO, Commiting... 290, 1000
2008-01-29 18:18:39,717, INFO, Commiting... 291, 1000
2008-01-29 18:18:39,937, INFO, Commiting... 292, 1000
2008-01-29 18:18:40,155, INFO, Commiting... 293, 1000
2008-01-29 18:18:40,375, INFO, Commiting... 294, 1000
2008-01-29 18:18:40,578, INFO, Commiting... 295, 1000
2008-01-29 18:18:40,796, INFO, Commiting... 296, 1000
2008-01-29 18:18:41,015, INFO, Commiting... 297, 1000
2008-01-29 18:18:41,217, INFO, Commiting... 298, 1000
2008-01-29 18:18:41,437, INFO, Commiting... 299, 1000
2008-01-29 18:18:41,655, INFO, Commiting... 300, 1000
2008-01-29 18:18:41,875, INFO, Commiting... 301, 1000
2008-01-29 18:18:42,092, INFO, Commiting... 302, 1000
2008-01-29 18:18:42,296, INFO, Commiting... 303, 1000
2008-01-29 18:18:42,515, INFO, Commiting... 304, 1000
2008-01-29 18:18:42,733, INFO, Commiting... 305, 1000
2008-01-29 18:18:42,953, INFO, Commiting... 306, 1000
2008-01-29 18:18:43,155, INFO, Commiting... 307, 1000
2008-01-29 18:18:43,375, INFO, Commiting... 308, 1000
2008-01-29 18:18:43,592, INFO, Commiting... 309, 1000
2008-01-29 18:18:43,796, INFO, Commiting... 310, 1000
2008-01-29 18:18:44,015, INFO, Commiting... 311, 1000
2008-01-29 18:18:44,233, INFO, Commiting... 312, 1000
2008-01-29 18:18:44,437, INFO, Commiting... 313, 1000
2008-01-29 18:18:44,655, INFO, Commiting... 314, 1000
2008-01-29 18:18:44,875, INFO, Commiting... 315, 1000
2008-01-29 18:18:45,092, INFO, Commiting... 316, 1000
2008-01-29 18:18:45,296, INFO, Commiting... 317, 1000
2008-01-29 18:18:45,515, INFO, Commiting... 318, 1000
2008-01-29 18:18:45,733, INFO, Commiting... 319, 1000
2008-01-29 18:18:45,953, INFO, Commiting... 320, 1000
2008-01-29 18:18:46,155, INFO, Commiting... 321, 1000
2008-01-29 18:18:46,375, INFO, Commiting... 322, 1000
2008-01-29 18:18:46,592, INFO, Commiting... 323, 1000
2008-01-29 18:18:46,812, INFO, Commiting... 324, 1000
2008-01-29 18:18:47,015, INFO, Commiting... 325, 1000
2008-01-29 18:18:47,233, INFO, Commiting... 326, 1000
2008-01-29 18:18:47,453, INFO, Commiting... 327, 1000
2008-01-29 18:18:47,671, INFO, Commiting... 328, 1000
2008-01-29 18:18:47,890, INFO, Commiting... 329, 1000
2008-01-29 18:18:48,092, INFO, Commiting... 330, 1000
2008-01-29 18:18:48,312, INFO, Commiting... 331, 1000
2008-01-29 18:18:48,530, INFO, Commiting... 332, 1000
2008-01-29 18:18:48,750, INFO, Commiting... 333, 1000
2008-01-29 18:18:48,967, INFO, Commiting... 334, 1000
2008-01-29 18:18:49,187, INFO, Commiting... 335, 1000
2008-01-29 18:18:49,405, INFO, Commiting... 336, 1000
2008-01-29 18:18:49,608, INFO, Commiting... 337, 1000
2008-01-29 18:18:49,828, INFO, Commiting... 338, 1000
2008-01-29 18:18:50,046, INFO, Commiting... 339, 1000
2008-01-29 18:18:50,265, INFO, Commiting... 340, 1000
2008-01-29 18:18:50,483, INFO, Commiting... 341, 1000
2008-01-29 18:18:50,687, INFO, Commiting... 342, 1000
2008-01-29 18:18:50,905, INFO, Commiting... 343, 1000
2008-01-29 18:18:51,125, INFO, Commiting... 344, 1000
2008-01-29 18:18:51,342, INFO, Commiting... 345, 1000
2008-01-29 18:18:51,562, INFO, Commiting... 346, 1000
2008-01-29 18:18:51,765, INFO, Commiting... 347, 1000
2008-01-29 18:18:51,983, INFO, Commiting... 348, 1000
2008-01-29 18:18:52,203, INFO, Commiting... 349, 1000
2008-01-29 18:18:52,421, INFO, Commiting... 350, 1000
2008-01-29 18:18:52,640, INFO, Commiting... 351, 1000
2008-01-29 18:18:52,842, INFO, Commiting... 352, 1000
2008-01-29 18:18:53,062, INFO, Commiting... 353, 1000
2008-01-29 18:18:53,280, INFO, Commiting... 354, 1000
2008-01-29 18:18:53,500, INFO, Commiting... 355, 1000
2008-01-29 18:18:53,717, INFO, Commiting... 356, 1000
2008-01-29 18:18:53,937, INFO, Commiting... 357, 1000
2008-01-29 18:18:54,140, INFO, Commiting... 358, 1000
2008-01-29 18:18:54,358, INFO, Commiting... 359, 1000
2008-01-29 18:18:54,578, INFO, Commiting... 360, 1000
2008-01-29 18:18:54,796, INFO, Commiting... 361, 1000
2008-01-29 18:18:55,015, INFO, Commiting... 362, 1000
2008-01-29 18:18:55,217, INFO, Commiting... 363, 1000
2008-01-29 18:18:55,437, INFO, Commiting... 364, 1000
2008-01-29 18:18:55,655, INFO, Commiting... 365, 1000
2008-01-29 18:18:55,875, INFO, Commiting... 366, 1000
2008-01-29 18:18:56,092, INFO, Commiting... 367, 1000
2008-01-29 18:18:56,312, INFO, Commiting... 368, 1000
2008-01-29 18:18:56,530, INFO, Commiting... 369, 1000
2008-01-29 18:18:56,733, INFO, Commiting... 370, 1000
2008-01-29 18:18:56,953, INFO, Commiting... 371, 1000
2008-01-29 18:18:57,171, INFO, Commiting... 372, 1000
2008-01-29 18:18:57,390, INFO, Commiting... 373, 1000
2008-01-29 18:18:57,608, INFO, Commiting... 374, 1000
2008-01-29 18:18:57,828, INFO, Commiting... 375, 1000
2008-01-29 18:18:58,046, INFO, Commiting... 376, 1000
2008-01-29 18:18:58,250, INFO, Commiting... 377, 1000
2008-01-29 18:18:58,467, INFO, Commiting... 378, 1000
2008-01-29 18:18:58,687, INFO, Commiting... 379, 1000
2008-01-29 18:18:58,905, INFO, Commiting... 380, 1000
2008-01-29 18:18:59,108, INFO, Commiting... 381, 1000
2008-01-29 18:18:59,328, INFO, Commiting... 382, 1000
2008-01-29 18:18:59,546, INFO, Commiting... 383, 1000
2008-01-29 18:18:59,765, INFO, Commiting... 384, 1000
2008-01-29 18:18:59,983, INFO, Commiting... 385, 1000
2008-01-29 18:19:00,203, INFO, Commiting... 386, 1000
2008-01-29 18:19:00,421, INFO, Commiting... 387, 1000
2008-01-29 18:19:00,625, INFO, Commiting... 388, 1000
2008-01-29 18:19:00,842, INFO, Commiting... 389, 1000
2008-01-29 18:19:01,062, INFO, Commiting... 390, 1000
2008-01-29 18:19:01,280, INFO, Commiting... 391, 1000
2008-01-29 18:19:01,500, INFO, Commiting... 392, 1000
2008-01-29 18:19:01,717, INFO, Commiting... 393, 1000
2008-01-29 18:19:01,921, INFO, Commiting... 394, 1000
2008-01-29 18:19:02,140, INFO, Commiting... 395, 1000
2008-01-29 18:19:02,358, INFO, Commiting... 396, 1000
2008-01-29 18:19:02,578, INFO, Commiting... 397, 1000
2008-01-29 18:19:02,796, INFO, Commiting... 398, 1000
2008-01-29 18:19:03,000, INFO, Commiting... 399, 1000
2008-01-29 18:19:03,217, INFO, Commiting... 400, 1000
2008-01-29 18:19:03,437, INFO, Commiting... 401, 1000
2008-01-29 18:19:03,655, INFO, Commiting... 402, 1000
2008-01-29 18:19:03,875, INFO, Commiting... 403, 1000
2008-01-29 18:19:04,092, INFO, Commiting... 404, 1000
2008-01-29 18:19:04,312, INFO, Commiting... 405, 1000
2008-01-29 18:19:04,515, INFO, Commiting... 406, 1000
2008-01-29 18:19:04,733, INFO, Commiting... 407, 1000
2008-01-29 18:19:04,953, INFO, Commiting... 408, 1000
2008-01-29 18:19:05,171, INFO, Commiting... 409, 1000
2008-01-29 18:19:05,390, INFO, Commiting... 410, 1000
2008-01-29 18:19:05,608, INFO, Commiting... 411, 1000
2008-01-29 18:19:05,828, INFO, Commiting... 412, 1000
2008-01-29 18:19:06,030, INFO, Commiting... 413, 1000
2008-01-29 18:19:06,250, INFO, Commiting... 414, 1000
2008-01-29 18:19:06,467, INFO, Commiting... 415, 1000
2008-01-29 18:19:06,687, INFO, Commiting... 416, 1000
2008-01-29 18:19:06,905, INFO, Commiting... 417, 1000
2008-01-29 18:19:07,125, INFO, Commiting... 418, 1000
2008-01-29 18:19:07,358, INFO, Commiting... 419, 1000
2008-01-29 18:19:07,578, INFO, Commiting... 420, 1000
2008-01-29 18:19:07,812, INFO, Commiting... 421, 1000
2008-01-29 18:19:08,030, INFO, Commiting... 422, 1000
2008-01-29 18:19:08,250, INFO, Commiting... 423, 1000
2008-01-29 18:19:08,467, INFO, Commiting... 424, 1000
2008-01-29 18:19:08,687, INFO, Commiting... 425, 1000
2008-01-29 18:19:08,905, INFO, Commiting... 426, 1000
2008-01-29 18:19:09,108, INFO, Commiting... 427, 1000
2008-01-29 18:19:09,328, INFO, Commiting... 428, 1000
2008-01-29 18:19:09,546, INFO, Commiting... 429, 1000
2008-01-29 18:19:09,765, INFO, Commiting... 430, 1000
2008-01-29 18:19:09,983, INFO, Commiting... 431, 1000
2008-01-29 18:19:10,203, INFO, Commiting... 432, 1000
2008-01-29 18:19:10,437, INFO, Commiting... 433, 1000
2008-01-29 18:19:10,655, INFO, Commiting... 434, 1000
2008-01-29 18:19:10,890, INFO, Commiting... 435, 1000
2008-01-29 18:19:11,092, INFO, Commiting... 436, 1000
2008-01-29 18:19:11,328, INFO, Commiting... 437, 1000
2008-01-29 18:19:11,530, INFO, Commiting... 438, 1000
2008-01-29 18:19:11,750, INFO, Commiting... 439, 1000
2008-01-29 18:19:11,967, INFO, Commiting... 440, 1000
2008-01-29 18:19:12,187, INFO, Commiting... 441, 1000
2008-01-29 18:19:12,421, INFO, Commiting... 442, 1000
2008-01-29 18:19:12,640, INFO, Commiting... 443, 1000
2008-01-29 18:19:12,858, INFO, Commiting... 444, 1000
2008-01-29 18:19:13,062, INFO, Commiting... 445, 1000
2008-01-29 18:19:13,296, INFO, Commiting... 446, 1000
2008-01-29 18:19:13,500, INFO, Commiting... 447, 1000
2008-01-29 18:19:13,717, INFO, Commiting... 448, 1000
2008-01-29 18:19:13,937, INFO, Commiting... 449, 1000
2008-01-29 18:19:14,155, INFO, Commiting... 450, 1000
2008-01-29 18:19:14,375, INFO, Commiting... 451, 1000
2008-01-29 18:19:14,592, INFO, Commiting... 452, 1000
2008-01-29 18:19:14,812, INFO, Commiting... 453, 1000
2008-01-29 18:19:15,030, INFO, Commiting... 454, 1000
2008-01-29 18:19:15,250, INFO, Commiting... 455, 1000
2008-01-29 18:19:15,453, INFO, Commiting... 456, 1000
2008-01-29 18:19:15,671, INFO, Commiting... 457, 1000
2008-01-29 18:19:15,890, INFO, Commiting... 458, 1000
2008-01-29 18:19:16,108, INFO, Commiting... 459, 1000
2008-01-29 18:19:16,328, INFO, Commiting... 460, 1000
2008-01-29 18:19:16,546, INFO, Commiting... 461, 1000
2008-01-29 18:19:16,750, INFO, Commiting... 462, 1000
2008-01-29 18:19:16,967, INFO, Commiting... 463, 1000
2008-01-29 18:19:17,187, INFO, Commiting... 464, 1000
2008-01-29 18:19:17,405, INFO, Commiting... 465, 1000
2008-01-29 18:19:17,608, INFO, Commiting... 466, 1000
2008-01-29 18:19:17,828, INFO, Commiting... 467, 1000
2008-01-29 18:19:18,046, INFO, Commiting... 468, 1000
2008-01-29 18:19:18,250, INFO, Commiting... 469, 1000
2008-01-29 18:19:18,467, INFO, Commiting... 470, 1000
2008-01-29 18:19:18,687, INFO, Commiting... 471, 1000
2008-01-29 18:19:18,905, INFO, Commiting... 472, 1000
2008-01-29 18:19:19,108, INFO, Commiting... 473, 1000
2008-01-29 18:19:19,328, INFO, Commiting... 474, 1000
2008-01-29 18:19:19,546, INFO, Commiting... 475, 1000
2008-01-29 18:19:19,750, INFO, Commiting... 476, 1000
2008-01-29 18:19:19,967, INFO, Commiting... 477, 1000
2008-01-29 18:19:20,187, INFO, Commiting... 478, 1000
2008-01-29 18:19:20,390, INFO, Commiting... 479, 1000
2008-01-29 18:19:20,608, INFO, Commiting... 480, 1000
2008-01-29 18:19:20,828, INFO, Commiting... 481, 1000
2008-01-29 18:19:21,046, INFO, Commiting... 482, 1000
2008-01-29 18:19:21,250, INFO, Commiting... 483, 1000
2008-01-29 18:19:21,467, INFO, Commiting... 484, 1000
2008-01-29 18:19:21,687, INFO, Commiting... 485, 1000
2008-01-29 18:19:21,890, INFO, Commiting... 486, 1000
2008-01-29 18:19:22,108, INFO, Commiting... 487, 1000
2008-01-29 18:19:22,328, INFO, Commiting... 488, 1000
2008-01-29 18:19:22,546, INFO, Commiting... 489, 1000
2008-01-29 18:19:22,750, INFO, Commiting... 490, 1000
2008-01-29 18:19:22,967, INFO, Commiting... 491, 1000
2008-01-29 18:19:23,187, INFO, Commiting... 492, 1000
2008-01-29 18:19:23,405, INFO, Commiting... 493, 1000
2008-01-29 18:19:23,608, INFO, Commiting... 494, 1000
2008-01-29 18:19:23,828, INFO, Commiting... 495, 1000
2008-01-29 18:19:24,046, INFO, Commiting... 496, 1000
2008-01-29 18:19:24,265, INFO, Commiting... 497, 1000
2008-01-29 18:19:24,483, INFO, Commiting... 498, 1000
2008-01-29 18:19:24,733, INFO, Commiting... 499, 1000
2008-01-29 18:19:24,953, INFO, Commiting... 500, 1000
2008-01-29 18:19:25,171, INFO, Commiting... 501, 1000
2008-01-29 18:19:25,467, INFO, Commiting... 502, 1000
2008-01-29 18:19:25,687, INFO, Commiting... 503, 1000
2008-01-29 18:19:25,905, INFO, Commiting... 504, 1000
2008-01-29 18:19:26,125, INFO, Commiting... 505, 1000
2008-01-29 18:19:26,342, INFO, Commiting... 506, 1000
2008-01-29 18:19:26,562, INFO, Commiting... 507, 1000
2008-01-29 18:19:26,780, INFO, Commiting... 508, 1000
2008-01-29 18:19:27,015, INFO, Commiting... 509, 1000
2008-01-29 18:19:27,233, INFO, Commiting... 510, 1000
2008-01-29 18:19:27,453, INFO, Commiting... 511, 1000
2008-01-29 18:19:27,671, INFO, Commiting... 512, 1000
2008-01-29 18:19:27,890, INFO, Commiting... 513, 1000
2008-01-29 18:19:28,092, INFO, Commiting... 514, 1000
2008-01-29 18:19:28,312, INFO, Commiting... 515, 1000
2008-01-29 18:19:28,530, INFO, Commiting... 516, 1000
2008-01-29 18:19:28,750, INFO, Commiting... 517, 1000
2008-01-29 18:19:28,953, INFO, Commiting... 518, 1000
2008-01-29 18:19:29,171, INFO, Commiting... 519, 1000
2008-01-29 18:19:29,390, INFO, Commiting... 520, 1000
2008-01-29 18:19:29,608, INFO, Commiting... 521, 1000
2008-01-29 18:19:29,828, INFO, Commiting... 522, 1000
2008-01-29 18:19:30,046, INFO, Commiting... 523, 1000
2008-01-29 18:19:30,280, INFO, Commiting... 524, 1000
2008-01-29 18:19:30,500, INFO, Commiting... 525, 1000
2008-01-29 18:19:30,733, INFO, Commiting... 526, 1000
2008-01-29 18:19:30,967, INFO, Commiting... 527, 1000
2008-01-29 18:19:31,187, INFO, Commiting... 528, 1000
2008-01-29 18:19:31,421, INFO, Commiting... 529, 1000
2008-01-29 18:19:31,625, INFO, Commiting... 530, 1000
2008-01-29 18:19:31,842, INFO, Commiting... 531, 1000
2008-01-29 18:19:32,078, INFO, Commiting... 532, 1000
2008-01-29 18:19:32,312, INFO, Commiting... 533, 1000
2008-01-29 18:19:32,530, INFO, Commiting... 534, 1000
2008-01-29 18:19:32,750, INFO, Commiting... 535, 1000
2008-01-29 18:19:32,983, INFO, Commiting... 536, 1000
2008-01-29 18:19:33,203, INFO, Commiting... 537, 1000
2008-01-29 18:19:33,421, INFO, Commiting... 538, 1000
2008-01-29 18:19:33,640, INFO, Commiting... 539, 1000
2008-01-29 18:19:33,858, INFO, Commiting... 540, 1000
2008-01-29 18:19:34,078, INFO, Commiting... 541, 1000
2008-01-29 18:19:34,296, INFO, Commiting... 542, 1000
2008-01-29 18:19:34,515, INFO, Commiting... 543, 1000
2008-01-29 18:19:34,733, INFO, Commiting... 544, 1000
2008-01-29 18:19:34,953, INFO, Commiting... 545, 1000
2008-01-29 18:19:35,187, INFO, Commiting... 546, 1000
2008-01-29 18:19:35,421, INFO, Commiting... 547, 1000
2008-01-29 18:19:35,655, INFO, Commiting... 548, 1000
2008-01-29 18:19:35,890, INFO, Commiting... 549, 1000
2008-01-29 18:19:36,125, INFO, Commiting... 550, 1000
2008-01-29 18:19:36,358, INFO, Commiting... 551, 1000
2008-01-29 18:19:36,592, INFO, Commiting... 552, 1000
2008-01-29 18:19:36,828, INFO, Commiting... 553, 1000
2008-01-29 18:19:37,046, INFO, Commiting... 554, 1000
2008-01-29 18:19:37,280, INFO, Commiting... 555, 1000
2008-01-29 18:19:37,500, INFO, Commiting... 556, 1000
2008-01-29 18:19:37,717, INFO, Commiting... 557, 1000
2008-01-29 18:19:37,937, INFO, Commiting... 558, 1000
2008-01-29 18:19:38,155, INFO, Commiting... 559, 1000
2008-01-29 18:19:38,375, INFO, Commiting... 560, 1000
2008-01-29 18:19:38,592, INFO, Commiting... 561, 1000
2008-01-29 18:19:38,796, INFO, Commiting... 562, 1000
2008-01-29 18:19:39,015, INFO, Commiting... 563, 1000
2008-01-29 18:19:39,233, INFO, Commiting... 564, 1000
2008-01-29 18:19:39,453, INFO, Commiting... 565, 1000
2008-01-29 18:19:39,671, INFO, Commiting... 566, 1000
2008-01-29 18:19:39,890, INFO, Commiting... 567, 1000
2008-01-29 18:19:40,108, INFO, Commiting... 568, 1000
2008-01-29 18:19:40,328, INFO, Commiting... 569, 1000
2008-01-29 18:19:40,546, INFO, Commiting... 570, 1000
2008-01-29 18:19:40,765, INFO, Commiting... 571, 1000
2008-01-29 18:19:40,983, INFO, Commiting... 572, 1000
2008-01-29 18:19:41,187, INFO, Commiting... 573, 1000
2008-01-29 18:19:41,405, INFO, Commiting... 574, 1000
2008-01-29 18:19:41,625, INFO, Commiting... 575, 1000
2008-01-29 18:19:41,842, INFO, Commiting... 576, 1000
2008-01-29 18:19:42,062, INFO, Commiting... 577, 1000
2008-01-29 18:19:42,280, INFO, Commiting... 578, 1000
2008-01-29 18:19:42,500, INFO, Commiting... 579, 1000
2008-01-29 18:19:42,717, INFO, Commiting... 580, 1000
2008-01-29 18:19:42,937, INFO, Commiting... 581, 1000
2008-01-29 18:19:43,140, INFO, Commiting... 582, 1000
2008-01-29 18:19:43,358, INFO, Commiting... 583, 1000
2008-01-29 18:19:43,592, INFO, Commiting... 584, 1000
2008-01-29 18:19:43,796, INFO, Commiting... 585, 1000
2008-01-29 18:19:44,015, INFO, Commiting... 586, 1000
2008-01-29 18:19:44,233, INFO, Commiting... 587, 1000
2008-01-29 18:19:44,453, INFO, Commiting... 588, 1000
2008-01-29 18:19:44,671, INFO, Commiting... 589, 1000
2008-01-29 18:19:44,890, INFO, Commiting... 590, 1000
2008-01-29 18:19:45,092, INFO, Commiting... 591, 1000
2008-01-29 18:19:45,312, INFO, Commiting... 592, 1000
2008-01-29 18:19:45,530, INFO, Commiting... 593, 1000
2008-01-29 18:19:45,750, INFO, Commiting... 594, 1000
2008-01-29 18:19:45,967, INFO, Commiting... 595, 1000
2008-01-29 18:19:46,203, INFO, Commiting... 596, 1000
2008-01-29 18:19:46,421, INFO, Commiting... 597, 1000
2008-01-29 18:19:46,625, INFO, Commiting... 598, 1000
2008-01-29 18:19:46,842, INFO, Commiting... 599, 1000
2008-01-29 18:19:47,062, INFO, Commiting... 600, 1000
2008-01-29 18:19:47,280, INFO, Commiting... 601, 1000
2008-01-29 18:19:47,483, INFO, Commiting... 602, 1000
2008-01-29 18:19:47,703, INFO, Commiting... 603, 1000
2008-01-29 18:19:48,000, INFO, Commiting... 604, 1000
2008-01-29 18:19:48,203, INFO, Commiting... 605, 1000
2008-01-29 18:19:48,421, INFO, Commiting... 606, 1000
2008-01-29 18:19:48,640, INFO, Commiting... 607, 1000
2008-01-29 18:19:48,842, INFO, Commiting... 608, 1000
2008-01-29 18:19:49,062, INFO, Commiting... 609, 1000
2008-01-29 18:19:49,280, INFO, Commiting... 610, 1000
2008-01-29 18:19:49,500, INFO, Commiting... 611, 1000
2008-01-29 18:19:49,717, INFO, Commiting... 612, 1000
2008-01-29 18:19:49,937, INFO, Commiting... 613, 1000
2008-01-29 18:19:50,140, INFO, Commiting... 614, 1000
2008-01-29 18:19:50,358, INFO, Commiting... 615, 1000
2008-01-29 18:19:50,578, INFO, Commiting... 616, 1000
2008-01-29 18:19:50,780, INFO, Commiting... 617, 1000
2008-01-29 18:19:51,000, INFO, Commiting... 618, 1000
2008-01-29 18:19:51,217, INFO, Commiting... 619, 1000
2008-01-29 18:19:51,437, INFO, Commiting... 620, 1000
2008-01-29 18:19:51,640, INFO, Commiting... 621, 1000
2008-01-29 18:19:51,858, INFO, Commiting... 622, 1000
2008-01-29 18:19:52,078, INFO, Commiting... 623, 1000
2008-01-29 18:19:52,296, INFO, Commiting... 624, 1000
2008-01-29 18:19:52,500, INFO, Commiting... 625, 1000
2008-01-29 18:19:52,717, INFO, Commiting... 626, 1000
2008-01-29 18:19:52,937, INFO, Commiting... 627, 1000
2008-01-29 18:19:53,155, INFO, Commiting... 628, 1000
2008-01-29 18:19:53,375, INFO, Commiting... 629, 1000
2008-01-29 18:19:53,592, INFO, Commiting... 630, 1000
2008-01-29 18:19:53,796, INFO, Commiting... 631, 1000
2008-01-29 18:19:54,015, INFO, Commiting... 632, 1000
2008-01-29 18:19:54,233, INFO, Commiting... 633, 1000
2008-01-29 18:19:54,453, INFO, Commiting... 634, 1000
2008-01-29 18:19:54,655, INFO, Commiting... 635, 1000
2008-01-29 18:19:54,875, INFO, Commiting... 636, 1000
2008-01-29 18:19:55,092, INFO, Commiting... 637, 1000
2008-01-29 18:19:55,312, INFO, Commiting... 638, 1000
2008-01-29 18:19:55,515, INFO, Commiting... 639, 1000
2008-01-29 18:19:55,733, INFO, Commiting... 640, 1000
2008-01-29 18:19:55,953, INFO, Commiting... 641, 1000
2008-01-29 18:19:56,155, INFO, Commiting... 642, 1000
2008-01-29 18:19:56,375, INFO, Commiting... 643, 1000
2008-01-29 18:19:56,578, INFO, Commiting... 644, 1000
2008-01-29 18:19:56,796, INFO, Commiting... 645, 1000
2008-01-29 18:19:57,015, INFO, Commiting... 646, 1000
2008-01-29 18:19:57,217, INFO, Commiting... 647, 1000
2008-01-29 18:19:57,437, INFO, Commiting... 648, 1000
2008-01-29 18:19:57,655, INFO, Commiting... 649, 1000
2008-01-29 18:19:57,858, INFO, Commiting... 650, 1000
2008-01-29 18:19:58,078, INFO, Commiting... 651, 1000
2008-01-29 18:19:58,280, INFO, Commiting... 652, 1000
2008-01-29 18:19:58,500, INFO, Commiting... 653, 1000
2008-01-29 18:19:58,717, INFO, Commiting... 654, 1000
2008-01-29 18:19:58,921, INFO, Commiting... 655, 1000
2008-01-29 18:19:59,140, INFO, Commiting... 656, 1000
2008-01-29 18:19:59,358, INFO, Commiting... 657, 1000
2008-01-29 18:19:59,562, INFO, Commiting... 658, 1000
2008-01-29 18:19:59,780, INFO, Commiting... 659, 1000
2008-01-29 18:19:59,983, INFO, Commiting... 660, 1000
2008-01-29 18:20:00,203, INFO, Commiting... 661, 1000
2008-01-29 18:20:00,421, INFO, Commiting... 662, 1000
2008-01-29 18:20:00,625, INFO, Commiting... 663, 1000
2008-01-29 18:20:00,842, INFO, Commiting... 664, 1000
2008-01-29 18:20:01,062, INFO, Commiting... 665, 1000
2008-01-29 18:20:01,265, INFO, Commiting... 666, 1000
2008-01-29 18:20:01,483, INFO, Commiting... 667, 1000
2008-01-29 18:20:01,687, INFO, Commiting... 668, 1000
2008-01-29 18:20:01,905, INFO, Commiting... 669, 1000
2008-01-29 18:20:02,125, INFO, Commiting... 670, 1000
2008-01-29 18:20:02,328, INFO, Commiting... 671, 1000
2008-01-29 18:20:02,546, INFO, Commiting... 672, 1000
2008-01-29 18:20:02,750, INFO, Commiting... 673, 1000
2008-01-29 18:20:02,967, INFO, Commiting... 674, 1000
2008-01-29 18:20:03,187, INFO, Commiting... 675, 1000
2008-01-29 18:20:03,390, INFO, Commiting... 676, 1000
2008-01-29 18:20:03,608, INFO, Commiting... 677, 1000
2008-01-29 18:20:03,828, INFO, Commiting... 678, 1000
2008-01-29 18:20:04,030, INFO, Commiting... 679, 1000
2008-01-29 18:20:04,250, INFO, Commiting... 680, 1000
2008-01-29 18:20:04,453, INFO, Commiting... 681, 1000
2008-01-29 18:20:04,671, INFO, Commiting... 682, 1000
2008-01-29 18:20:04,890, INFO, Commiting... 683, 1000
2008-01-29 18:20:05,092, INFO, Commiting... 684, 1000
2008-01-29 18:20:05,312, INFO, Commiting... 685, 1000
2008-01-29 18:20:05,530, INFO, Commiting... 686, 1000
2008-01-29 18:20:05,733, INFO, Commiting... 687, 1000
2008-01-29 18:20:05,953, INFO, Commiting... 688, 1000
2008-01-29 18:20:06,171, INFO, Commiting... 689, 1000
2008-01-29 18:20:06,375, INFO, Commiting... 690, 1000
2008-01-29 18:20:06,592, INFO, Commiting... 691, 1000
2008-01-29 18:20:06,796, INFO, Commiting... 692, 1000
2008-01-29 18:20:07,015, INFO, Commiting... 693, 1000
2008-01-29 18:20:07,233, INFO, Commiting... 694, 1000
2008-01-29 18:20:07,437, INFO, Commiting... 695, 1000
2008-01-29 18:20:07,655, INFO, Commiting... 696, 1000
2008-01-29 18:20:07,858, INFO, Commiting... 697, 1000
2008-01-29 18:20:08,078, INFO, Commiting... 698, 1000
2008-01-29 18:20:08,296, INFO, Commiting... 699, 1000
2008-01-29 18:20:08,500, INFO, Commiting... 700, 1000
2008-01-29 18:20:08,717, INFO, Commiting... 701, 1000
2008-01-29 18:20:08,937, INFO, Commiting... 702, 1000
2008-01-29 18:20:09,140, INFO, Commiting... 703, 1000
2008-01-29 18:20:09,358, INFO, Commiting... 704, 1000
2008-01-29 18:20:09,562, INFO, Commiting... 705, 1000
2008-01-29 18:20:09,780, INFO, Commiting... 706, 1000
2008-01-29 18:20:10,000, INFO, Commiting... 707, 1000
2008-01-29 18:20:10,217, INFO, Commiting... 708, 1000
2008-01-29 18:20:10,421, INFO, Commiting... 709, 1000
2008-01-29 18:20:10,640, INFO, Commiting... 710, 1000
2008-01-29 18:20:10,858, INFO, Commiting... 711, 1000
2008-01-29 18:20:11,062, INFO, Commiting... 712, 1000
2008-01-29 18:20:11,280, INFO, Commiting... 713, 1000
2008-01-29 18:20:11,483, INFO, Commiting... 714, 1000
2008-01-29 18:20:11,703, INFO, Commiting... 715, 1000
2008-01-29 18:20:11,921, INFO, Commiting... 716, 1000
2008-01-29 18:20:12,140, INFO, Commiting... 717, 1000
2008-01-29 18:20:12,358, INFO, Commiting... 718, 1000
2008-01-29 18:20:12,592, INFO, Commiting... 719, 1000
2008-01-29 18:20:12,812, INFO, Commiting... 720, 1000
2008-01-29 18:20:13,030, INFO, Commiting... 721, 1000
2008-01-29 18:20:13,250, INFO, Commiting... 722, 1000
2008-01-29 18:20:13,467, INFO, Commiting... 723, 1000
2008-01-29 18:20:13,671, INFO, Commiting... 724, 1000
2008-01-29 18:20:13,890, INFO, Commiting... 725, 1000
2008-01-29 18:20:14,108, INFO, Commiting... 726, 1000
2008-01-29 18:20:14,312, INFO, Commiting... 727, 1000
2008-01-29 18:20:14,530, INFO, Commiting... 728, 1000
2008-01-29 18:20:14,750, INFO, Commiting... 729, 1000
2008-01-29 18:20:14,967, INFO, Commiting... 730, 1000
2008-01-29 18:20:15,171, INFO, Commiting... 731, 1000
2008-01-29 18:20:15,405, INFO, Commiting... 732, 1000
2008-01-29 18:20:15,640, INFO, Commiting... 733, 1000
2008-01-29 18:20:15,858, INFO, Commiting... 734, 1000
2008-01-29 18:20:16,078, INFO, Commiting... 735, 1000
2008-01-29 18:20:16,296, INFO, Commiting... 736, 1000
2008-01-29 18:20:16,515, INFO, Commiting... 737, 1000
2008-01-29 18:20:16,717, INFO, Commiting... 738, 1000
2008-01-29 18:20:16,937, INFO, Commiting... 739, 1000
2008-01-29 18:20:17,155, INFO, Commiting... 740, 1000
2008-01-29 18:20:17,390, INFO, Commiting... 741, 1000
2008-01-29 18:20:17,608, INFO, Commiting... 742, 1000
2008-01-29 18:20:17,875, INFO, Commiting... 743, 1000
2008-01-29 18:20:18,092, INFO, Commiting... 744, 1000
2008-01-29 18:20:18,312, INFO, Commiting... 745, 1000
2008-01-29 18:20:18,530, INFO, Commiting... 746, 1000
2008-01-29 18:20:18,750, INFO, Commiting... 747, 1000
2008-01-29 18:20:18,967, INFO, Commiting... 748, 1000
2008-01-29 18:20:19,187, INFO, Commiting... 749, 1000
2008-01-29 18:20:19,405, INFO, Commiting... 750, 1000
2008-01-29 18:20:19,608, INFO, Commiting... 751, 1000
2008-01-29 18:20:19,828, INFO, Commiting... 752, 1000
2008-01-29 18:20:20,046, INFO, Commiting... 753, 1000
2008-01-29 18:20:20,265, INFO, Commiting... 754, 1000
2008-01-29 18:20:20,483, INFO, Commiting... 755, 1000
2008-01-29 18:20:20,687, INFO, Commiting... 756, 1000
2008-01-29 18:20:20,905, INFO, Commiting... 757, 1000
2008-01-29 18:20:21,140, INFO, Commiting... 758, 1000
2008-01-29 18:20:21,342, INFO, Commiting... 759, 1000
2008-01-29 18:20:21,562, INFO, Commiting... 760, 1000
2008-01-29 18:20:21,780, INFO, Commiting... 761, 1000
2008-01-29 18:20:22,000, INFO, Commiting... 762, 1000
2008-01-29 18:20:22,217, INFO, Commiting... 763, 1000
2008-01-29 18:20:22,437, INFO, Commiting... 764, 1000
2008-01-29 18:20:22,655, INFO, Commiting... 765, 1000
2008-01-29 18:20:22,875, INFO, Commiting... 766, 1000
2008-01-29 18:20:23,092, INFO, Commiting... 767, 1000
2008-01-29 18:20:23,312, INFO, Commiting... 768, 1000
2008-01-29 18:20:23,546, INFO, Commiting... 769, 1000
2008-01-29 18:20:23,765, INFO, Commiting... 770, 1000
2008-01-29 18:20:23,983, INFO, Commiting... 771, 1000
2008-01-29 18:20:24,203, INFO, Commiting... 772, 1000
2008-01-29 18:20:24,421, INFO, Commiting... 773, 1000
2008-01-29 18:20:24,625, INFO, Commiting... 774, 1000
2008-01-29 18:20:24,842, INFO, Commiting... 775, 1000
2008-01-29 18:20:25,062, INFO, Commiting... 776, 1000
2008-01-29 18:20:25,342, INFO, Commiting... 777, 1000
2008-01-29 18:20:25,562, INFO, Commiting... 778, 1000
2008-01-29 18:20:25,780, INFO, Commiting... 779, 1000
2008-01-29 18:20:26,000, INFO, Commiting... 780, 1000
2008-01-29 18:20:26,217, INFO, Commiting... 781, 1000
2008-01-29 18:20:26,437, INFO, Commiting... 782, 1000
2008-01-29 18:20:26,655, INFO, Commiting... 783, 1000
2008-01-29 18:20:26,875, INFO, Commiting... 784, 1000
2008-01-29 18:20:27,092, INFO, Commiting... 785, 1000
2008-01-29 18:20:27,328, INFO, Commiting... 786, 1000
2008-01-29 18:20:27,530, INFO, Commiting... 787, 1000
2008-01-29 18:20:27,765, INFO, Commiting... 788, 1000
2008-01-29 18:20:27,967, INFO, Commiting... 789, 1000
2008-01-29 18:20:28,187, INFO, Commiting... 790, 1000
2008-01-29 18:20:28,405, INFO, Commiting... 791, 1000
2008-01-29 18:20:28,625, INFO, Commiting... 792, 1000
2008-01-29 18:20:28,842, INFO, Commiting... 793, 1000
2008-01-29 18:20:29,062, INFO, Commiting... 794, 1000
2008-01-29 18:20:29,265, INFO, Commiting... 795, 1000
2008-01-29 18:20:29,483, INFO, Commiting... 796, 1000
2008-01-29 18:20:29,703, INFO, Commiting... 797, 1000
2008-01-29 18:20:29,921, INFO, Commiting... 798, 1000
2008-01-29 18:20:30,140, INFO, Commiting... 799, 1000
2008-01-29 18:20:30,358, INFO, Commiting... 800, 1000
2008-01-29 18:20:30,562, INFO, Commiting... 801, 1000
2008-01-29 18:20:30,780, INFO, Commiting... 802, 1000
2008-01-29 18:20:31,000, INFO, Commiting... 803, 1000
2008-01-29 18:20:31,217, INFO, Commiting... 804, 1000
2008-01-29 18:20:31,437, INFO, Commiting... 805, 1000
2008-01-29 18:20:31,640, INFO, Commiting... 806, 1000
2008-01-29 18:20:31,858, INFO, Commiting... 807, 1000
2008-01-29 18:20:32,078, INFO, Commiting... 808, 1000
2008-01-29 18:20:32,296, INFO, Commiting... 809, 1000
2008-01-29 18:20:32,515, INFO, Commiting... 810, 1000
2008-01-29 18:20:32,733, INFO, Commiting... 811, 1000
2008-01-29 18:20:32,953, INFO, Commiting... 812, 1000
2008-01-29 18:20:33,155, INFO, Commiting... 813, 1000
2008-01-29 18:20:33,375, INFO, Commiting... 814, 1000
2008-01-29 18:20:33,592, INFO, Commiting... 815, 1000
2008-01-29 18:20:33,812, INFO, Commiting... 816, 1000
2008-01-29 18:20:34,030, INFO, Commiting... 817, 1000
2008-01-29 18:20:34,250, INFO, Commiting... 818, 1000
2008-01-29 18:20:34,467, INFO, Commiting... 819, 1000
2008-01-29 18:20:34,687, INFO, Commiting... 820, 1000
2008-01-29 18:20:34,905, INFO, Commiting... 821, 1000
2008-01-29 18:20:35,108, INFO, Commiting... 822, 1000
2008-01-29 18:20:35,328, INFO, Commiting... 823, 1000
2008-01-29 18:20:35,546, INFO, Commiting... 824, 1000
2008-01-29 18:20:35,765, INFO, Commiting... 825, 1000
2008-01-29 18:20:35,983, INFO, Commiting... 826, 1000
2008-01-29 18:20:36,203, INFO, Commiting... 827, 1000
2008-01-29 18:20:36,421, INFO, Commiting... 828, 1000
2008-01-29 18:20:36,640, INFO, Commiting... 829, 1000
2008-01-29 18:20:36,858, INFO, Commiting... 830, 1000
2008-01-29 18:20:37,078, INFO, Commiting... 831, 1000
2008-01-29 18:20:37,296, INFO, Commiting... 832, 1000
2008-01-29 18:20:37,500, INFO, Commiting... 833, 1000
2008-01-29 18:20:37,717, INFO, Commiting... 834, 1000
2008-01-29 18:20:37,937, INFO, Commiting... 835, 1000
2008-01-29 18:20:38,155, INFO, Commiting... 836, 1000
2008-01-29 18:20:38,375, INFO, Commiting... 837, 1000
2008-01-29 18:20:38,578, INFO, Commiting... 838, 1000
2008-01-29 18:20:38,796, INFO, Commiting... 839, 1000
2008-01-29 18:20:39,015, INFO, Commiting... 840, 1000
2008-01-29 18:20:39,217, INFO, Commiting... 841, 1000
2008-01-29 18:20:39,437, INFO, Commiting... 842, 1000
2008-01-29 18:20:39,655, INFO, Commiting... 843, 1000
2008-01-29 18:20:39,875, INFO, Commiting... 844, 1000
2008-01-29 18:20:40,078, INFO, Commiting... 845, 1000
2008-01-29 18:20:40,296, INFO, Commiting... 846, 1000
2008-01-29 18:20:40,515, INFO, Commiting... 847, 1000
2008-01-29 18:20:40,717, INFO, Commiting... 848, 1000
2008-01-29 18:20:40,937, INFO, Commiting... 849, 1000
2008-01-29 18:20:41,155, INFO, Commiting... 850, 1000
2008-01-29 18:20:41,358, INFO, Commiting... 851, 1000
2008-01-29 18:20:41,578, INFO, Commiting... 852, 1000
2008-01-29 18:20:41,796, INFO, Commiting... 853, 1000
2008-01-29 18:20:42,015, INFO, Commiting... 854, 1000
2008-01-29 18:20:42,217, INFO, Commiting... 855, 1000
2008-01-29 18:20:42,437, INFO, Commiting... 856, 1000
2008-01-29 18:20:42,655, INFO, Commiting... 857, 1000
2008-01-29 18:20:42,875, INFO, Commiting... 858, 1000
2008-01-29 18:20:43,078, INFO, Commiting... 859, 1000
2008-01-29 18:20:43,296, INFO, Commiting... 860, 1000
2008-01-29 18:20:43,515, INFO, Commiting... 861, 1000
2008-01-29 18:20:43,733, INFO, Commiting... 862, 1000
2008-01-29 18:20:43,937, INFO, Commiting... 863, 1000
2008-01-29 18:20:44,155, INFO, Commiting... 864, 1000
2008-01-29 18:20:44,375, INFO, Commiting... 865, 1000
2008-01-29 18:20:44,578, INFO, Commiting... 866, 1000
2008-01-29 18:20:44,796, INFO, Commiting... 867, 1000
2008-01-29 18:20:45,015, INFO, Commiting... 868, 1000
2008-01-29 18:20:45,217, INFO, Commiting... 869, 1000
2008-01-29 18:20:45,437, INFO, Commiting... 870, 1000
2008-01-29 18:20:45,655, INFO, Commiting... 871, 1000
2008-01-29 18:20:45,875, INFO, Commiting... 872, 1000
2008-01-29 18:20:46,078, INFO, Commiting... 873, 1000
2008-01-29 18:20:46,296, INFO, Commiting... 874, 1000
2008-01-29 18:20:46,515, INFO, Commiting... 875, 1000
2008-01-29 18:20:46,717, INFO, Commiting... 876, 1000
2008-01-29 18:20:46,937, INFO, Commiting... 877, 1000
2008-01-29 18:20:47,155, INFO, Commiting... 878, 1000
2008-01-29 18:20:47,358, INFO, Commiting... 879, 1000
2008-01-29 18:20:47,578, INFO, Commiting... 880, 1000
2008-01-29 18:20:47,796, INFO, Commiting... 881, 1000
2008-01-29 18:20:48,015, INFO, Commiting... 882, 1000
2008-01-29 18:20:48,217, INFO, Commiting... 883, 1000
2008-01-29 18:20:48,437, INFO, Commiting... 884, 1000
2008-01-29 18:20:48,655, INFO, Commiting... 885, 1000
2008-01-29 18:20:48,858, INFO, Commiting... 886, 1000
2008-01-29 18:20:49,078, INFO, Commiting... 887, 1000
2008-01-29 18:20:49,296, INFO, Commiting... 888, 1000
2008-01-29 18:20:49,500, INFO, Commiting... 889, 1000
2008-01-29 18:20:49,717, INFO, Commiting... 890, 1000
2008-01-29 18:20:49,937, INFO, Commiting... 891, 1000
2008-01-29 18:20:50,155, INFO, Commiting... 892, 1000
2008-01-29 18:20:50,358, INFO, Commiting... 893, 1000
2008-01-29 18:20:50,578, INFO, Commiting... 894, 1000
2008-01-29 18:20:50,796, INFO, Commiting... 895, 1000
2008-01-29 18:20:51,000, INFO, Commiting... 896, 1000
2008-01-29 18:20:51,217, INFO, Commiting... 897, 1000
2008-01-29 18:20:51,437, INFO, Commiting... 898, 1000
2008-01-29 18:20:51,640, INFO, Commiting... 899, 1000
2008-01-29 18:20:51,858, INFO, Commiting... 900, 1000
2008-01-29 18:20:52,078, INFO, Commiting... 901, 1000
2008-01-29 18:20:52,280, INFO, Commiting... 902, 1000
2008-01-29 18:20:52,500, INFO, Commiting... 903, 1000
2008-01-29 18:20:52,717, INFO, Commiting... 904, 1000
2008-01-29 18:20:52,967, INFO, Commiting... 905, 1000
2008-01-29 18:20:53,171, INFO, Commiting... 906, 1000
2008-01-29 18:20:53,390, INFO, Commiting... 907, 1000
2008-01-29 18:20:53,608, INFO, Commiting... 908, 1000
2008-01-29 18:20:53,953, INFO, Commiting... 909, 1000
2008-01-29 18:20:54,155, INFO, Commiting... 910, 1000
2008-01-29 18:20:54,375, INFO, Commiting... 911, 1000
2008-01-29 18:20:54,592, INFO, Commiting... 912, 1000
2008-01-29 18:20:54,796, INFO, Commiting... 913, 1000
2008-01-29 18:20:55,015, INFO, Commiting... 914, 1000
2008-01-29 18:20:55,233, INFO, Commiting... 915, 1000
2008-01-29 18:20:55,453, INFO, Commiting... 916, 1000
2008-01-29 18:20:55,671, INFO, Commiting... 917, 1000
2008-01-29 18:20:55,890, INFO, Commiting... 918, 1000
2008-01-29 18:20:56,108, INFO, Commiting... 919, 1000
2008-01-29 18:20:56,328, INFO, Commiting... 920, 1000
2008-01-29 18:20:56,546, INFO, Commiting... 921, 1000
2008-01-29 18:20:56,765, INFO, Commiting... 922, 1000
2008-01-29 18:20:56,983, INFO, Commiting... 923, 1000
2008-01-29 18:20:57,203, INFO, Commiting... 924, 1000
2008-01-29 18:20:57,405, INFO, Commiting... 925, 1000
2008-01-29 18:20:57,625, INFO, Commiting... 926, 1000
2008-01-29 18:20:57,842, INFO, Commiting... 927, 1000
2008-01-29 18:20:58,046, INFO, Commiting... 928, 1000
2008-01-29 18:20:58,265, INFO, Commiting... 929, 1000
2008-01-29 18:20:58,483, INFO, Commiting... 930, 1000
2008-01-29 18:20:58,687, INFO, Commiting... 931, 1000
2008-01-29 18:20:58,905, INFO, Commiting... 932, 1000
2008-01-29 18:20:59,125, INFO, Commiting... 933, 1000
2008-01-29 18:20:59,342, INFO, Commiting... 934, 1000
2008-01-29 18:20:59,546, INFO, Commiting... 935, 1000
2008-01-29 18:20:59,765, INFO, Commiting... 936, 1000
2008-01-29 18:20:59,983, INFO, Commiting... 937, 1000
2008-01-29 18:21:00,203, INFO, Commiting... 938, 1000
2008-01-29 18:21:00,405, INFO, Commiting... 939, 1000
2008-01-29 18:21:00,625, INFO, Commiting... 940, 1000
2008-01-29 18:21:00,842, INFO, Commiting... 941, 1000
2008-01-29 18:21:01,062, INFO, Commiting... 942, 1000
2008-01-29 18:21:01,280, INFO, Commiting... 943, 1000
2008-01-29 18:21:01,483, INFO, Commiting... 944, 1000
2008-01-29 18:21:01,703, INFO, Commiting... 945, 1000
2008-01-29 18:21:01,921, INFO, Commiting... 946, 1000
2008-01-29 18:21:02,140, INFO, Commiting... 947, 1000
2008-01-29 18:21:02,342, INFO, Commiting... 948, 1000
2008-01-29 18:21:02,562, INFO, Commiting... 949, 1000
2008-01-29 18:21:02,780, INFO, Commiting... 950, 1000
2008-01-29 18:21:03,000, INFO, Commiting... 951, 1000
2008-01-29 18:21:03,203, INFO, Commiting... 952, 1000
2008-01-29 18:21:03,421, INFO, Commiting... 953, 1000
2008-01-29 18:21:03,640, INFO, Commiting... 954, 1000
2008-01-29 18:21:03,858, INFO, Commiting... 955, 1000
2008-01-29 18:21:04,078, INFO, Commiting... 956, 1000
2008-01-29 18:21:04,280, INFO, Commiting... 957, 1000
2008-01-29 18:21:04,500, INFO, Commiting... 958, 1000
2008-01-29 18:21:04,717, INFO, Commiting... 959, 1000
2008-01-29 18:21:04,937, INFO, Commiting... 960, 1000
2008-01-29 18:21:05,155, INFO, Commiting... 961, 1000
2008-01-29 18:21:05,358, INFO, Commiting... 962, 1000
2008-01-29 18:21:05,578, INFO, Commiting... 963, 1000
2008-01-29 18:21:05,796, INFO, Commiting... 964, 1000
2008-01-29 18:21:06,015, INFO, Commiting... 965, 1000
2008-01-29 18:21:06,217, INFO, Commiting... 966, 1000
2008-01-29 18:21:06,437, INFO, Commiting... 967, 1000
2008-01-29 18:21:06,655, INFO, Commiting... 968, 1000
2008-01-29 18:21:06,858, INFO, Commiting... 969, 1000
2008-01-29 18:21:07,078, INFO, Commiting... 970, 1000
2008-01-29 18:21:07,296, INFO, Commiting... 971, 1000
2008-01-29 18:21:07,515, INFO, Commiting... 972, 1000
2008-01-29 18:21:07,717, INFO, Commiting... 973, 1000
2008-01-29 18:21:07,937, INFO, Commiting... 974, 1000
2008-01-29 18:21:08,155, INFO, Commiting... 975, 1000
2008-01-29 18:21:08,375, INFO, Commiting... 976, 1000
2008-01-29 18:21:08,592, INFO, Commiting... 977, 1000
2008-01-29 18:21:08,828, INFO, Commiting... 978, 1000
2008-01-29 18:21:09,046, INFO, Commiting... 979, 1000
2008-01-29 18:21:09,280, INFO, Commiting... 980, 1000
2008-01-29 18:21:09,483, INFO, Commiting... 981, 1000
2008-01-29 18:21:09,703, INFO, Commiting... 982, 1000
2008-01-29 18:21:09,921, INFO, Commiting... 983, 1000
2008-01-29 18:21:10,140, INFO, Commiting... 984, 1000
2008-01-29 18:21:10,342, INFO, Commiting... 985, 1000
2008-01-29 18:21:10,562, INFO, Commiting... 986, 1000
2008-01-29 18:21:10,780, INFO, Commiting... 987, 1000
2008-01-29 18:21:11,000, INFO, Commiting... 988, 1000
2008-01-29 18:21:11,217, INFO, Commiting... 989, 1000
2008-01-29 18:21:11,437, INFO, Commiting... 990, 1000
2008-01-29 18:21:11,655, INFO, Commiting... 991, 1000
2008-01-29 18:21:11,875, INFO, Commiting... 992, 1000
2008-01-29 18:21:12,078, INFO, Commiting... 993, 1000
2008-01-29 18:21:12,296, INFO, Commiting... 994, 1000
2008-01-29 18:21:12,515, INFO, Commiting... 995, 1000
2008-01-29 18:21:12,733, INFO, Commiting... 996, 1000
2008-01-29 18:21:12,953, INFO, Commiting... 997, 1000
2008-01-29 18:21:13,171, INFO, Commiting... 998, 1000
2008-01-29 18:21:13,375, INFO, Commiting... 999, 1000
2008-01-29 18:21:13,592, INFO, Commiting... 1000, 1000
