2008-01-29 18:35:23,733, INFO, DB exists, dropping ...
2008-01-29 18:35:23,733, INFO, Creating DB ...
2008-01-29 18:35:23,750, INFO, Creating table ...
2008-01-29 18:35:23,750, DEBUG, CREATE TABLE largetable (_internal_id INT NOT NULL, col1 VARCHAR(100), col2 VARCHAR(100), col3 INT, col4 DATETIME, col5 VARCHAR(100), col6 VARCHAR(100), col7 VARCHAR(100), col8 VARCHAR(100)) ENGINE=ARCHIVE
2008-01-29 18:35:23,828, INFO, Start to load data ...
2008-01-29 18:35:23,828, DEBUG, asldkfasldfjalsdjfalsdkfjasldfjasldkfjasldkfjalsdfjaslkdfjaslkdfjasdlkfjasdlkfjasldkfjasdlf
2008-01-29 18:35:24,092, INFO, Commiting... 1, 1000
2008-01-29 18:35:24,296, INFO, Commiting... 2, 1000
2008-01-29 18:35:24,500, INFO, Commiting... 3, 1000
2008-01-29 18:35:24,703, INFO, Commiting... 4, 1000
2008-01-29 18:35:24,905, INFO, Commiting... 5, 1000
2008-01-29 18:35:25,092, INFO, Commiting... 6, 1000
2008-01-29 18:35:25,296, INFO, Commiting... 7, 1000
2008-01-29 18:35:25,500, INFO, Commiting... 8, 1000
2008-01-29 18:35:25,703, INFO, Commiting... 9, 1000
2008-01-29 18:35:25,905, INFO, Commiting... 10, 1000
2008-01-29 18:35:26,108, INFO, Commiting... 11, 1000
2008-01-29 18:35:26,312, INFO, Commiting... 12, 1000
2008-01-29 18:35:26,530, INFO, Commiting... 13, 1000
2008-01-29 18:35:26,733, INFO, Commiting... 14, 1000
2008-01-29 18:35:26,921, INFO, Commiting... 15, 1000
2008-01-29 18:35:27,125, INFO, Commiting... 16, 1000
2008-01-29 18:35:27,328, INFO, Commiting... 17, 1000
2008-01-29 18:35:27,530, INFO, Commiting... 18, 1000
2008-01-29 18:35:27,733, INFO, Commiting... 19, 1000
2008-01-29 18:35:27,937, INFO, Commiting... 20, 1000
2008-01-29 18:35:28,140, INFO, Commiting... 21, 1000
2008-01-29 18:35:28,342, INFO, Commiting... 22, 1000
2008-01-29 18:35:28,546, INFO, Commiting... 23, 1000
2008-01-29 18:35:28,750, INFO, Commiting... 24, 1000
2008-01-29 18:35:28,953, INFO, Commiting... 25, 1000
2008-01-29 18:35:29,155, INFO, Commiting... 26, 1000
2008-01-29 18:35:29,358, INFO, Commiting... 27, 1000
2008-01-29 18:35:29,562, INFO, Commiting... 28, 1000
2008-01-29 18:35:29,765, INFO, Commiting... 29, 1000
2008-01-29 18:35:29,967, INFO, Commiting... 30, 1000
2008-01-29 18:35:30,155, INFO, Commiting... 31, 1000
2008-01-29 18:35:30,358, INFO, Commiting... 32, 1000
2008-01-29 18:35:30,562, INFO, Commiting... 33, 1000
2008-01-29 18:35:30,765, INFO, Commiting... 34, 1000
2008-01-29 18:35:30,967, INFO, Commiting... 35, 1000
2008-01-29 18:35:31,171, INFO, Commiting... 36, 1000
2008-01-29 18:35:31,375, INFO, Commiting... 37, 1000
2008-01-29 18:35:31,578, INFO, Commiting... 38, 1000
2008-01-29 18:35:31,780, INFO, Commiting... 39, 1000
2008-01-29 18:35:31,983, INFO, Commiting... 40, 1000
2008-01-29 18:35:32,187, INFO, Commiting... 41, 1000
2008-01-29 18:35:32,390, INFO, Commiting... 42, 1000
2008-01-29 18:35:32,578, INFO, Commiting... 43, 1000
2008-01-29 18:35:32,780, INFO, Commiting... 44, 1000
2008-01-29 18:35:32,983, INFO, Commiting... 45, 1000
2008-01-29 18:35:33,187, INFO, Commiting... 46, 1000
2008-01-29 18:35:33,390, INFO, Commiting... 47, 1000
2008-01-29 18:35:33,592, INFO, Commiting... 48, 1000
2008-01-29 18:35:33,796, INFO, Commiting... 49, 1000
2008-01-29 18:35:34,000, INFO, Commiting... 50, 1000
2008-01-29 18:35:34,203, INFO, Commiting... 51, 1000
2008-01-29 18:35:34,405, INFO, Commiting... 52, 1000
2008-01-29 18:35:34,608, INFO, Commiting... 53, 1000
2008-01-29 18:35:34,812, INFO, Commiting... 54, 1000
2008-01-29 18:35:35,015, INFO, Commiting... 55, 1000
2008-01-29 18:35:35,217, INFO, Commiting... 56, 1000
2008-01-29 18:35:35,421, INFO, Commiting... 57, 1000
2008-01-29 18:35:35,625, INFO, Commiting... 58, 1000
2008-01-29 18:35:35,828, INFO, Commiting... 59, 1000
2008-01-29 18:35:36,030, INFO, Commiting... 60, 1000
2008-01-29 18:35:36,233, INFO, Commiting... 61, 1000
2008-01-29 18:35:36,437, INFO, Commiting... 62, 1000
2008-01-29 18:35:36,640, INFO, Commiting... 63, 1000
2008-01-29 18:35:36,842, INFO, Commiting... 64, 1000
2008-01-29 18:35:37,046, INFO, Commiting... 65, 1000
2008-01-29 18:35:37,250, INFO, Commiting... 66, 1000
2008-01-29 18:35:37,453, INFO, Commiting... 67, 1000
2008-01-29 18:35:37,655, INFO, Commiting... 68, 1000
2008-01-29 18:35:37,858, INFO, Commiting... 69, 1000
2008-01-29 18:35:38,062, INFO, Commiting... 70, 1000
2008-01-29 18:35:38,265, INFO, Commiting... 71, 1000
2008-01-29 18:35:38,467, INFO, Commiting... 72, 1000
2008-01-29 18:35:38,671, INFO, Commiting... 73, 1000
2008-01-29 18:35:38,890, INFO, Commiting... 74, 1000
2008-01-29 18:35:39,092, INFO, Commiting... 75, 1000
2008-01-29 18:35:39,296, INFO, Commiting... 76, 1000
2008-01-29 18:35:39,500, INFO, Commiting... 77, 1000
2008-01-29 18:35:39,703, INFO, Commiting... 78, 1000
2008-01-29 18:35:39,921, INFO, Commiting... 79, 1000
2008-01-29 18:35:40,125, INFO, Commiting... 80, 1000
2008-01-29 18:35:40,328, INFO, Commiting... 81, 1000
2008-01-29 18:35:40,530, INFO, Commiting... 82, 1000
2008-01-29 18:35:40,733, INFO, Commiting... 83, 1000
2008-01-29 18:35:40,937, INFO, Commiting... 84, 1000
2008-01-29 18:35:41,155, INFO, Commiting... 85, 1000
2008-01-29 18:35:41,358, INFO, Commiting... 86, 1000
2008-01-29 18:35:41,562, INFO, Commiting... 87, 1000
2008-01-29 18:35:41,765, INFO, Commiting... 88, 1000
2008-01-29 18:35:41,967, INFO, Commiting... 89, 1000
2008-01-29 18:35:42,171, INFO, Commiting... 90, 1000
2008-01-29 18:35:42,375, INFO, Commiting... 91, 1000
2008-01-29 18:35:42,592, INFO, Commiting... 92, 1000
2008-01-29 18:35:42,812, INFO, Commiting... 93, 1000
2008-01-29 18:35:43,030, INFO, Commiting... 94, 1000
2008-01-29 18:35:43,233, INFO, Commiting... 95, 1000
2008-01-29 18:35:43,437, INFO, Commiting... 96, 1000
2008-01-29 18:35:43,625, INFO, Commiting... 97, 1000
2008-01-29 18:35:43,842, INFO, Commiting... 98, 1000
2008-01-29 18:35:44,046, INFO, Commiting... 99, 1000
2008-01-29 18:35:44,250, INFO, Commiting... 100, 1000
2008-01-29 18:35:44,453, INFO, Commiting... 101, 1000
2008-01-29 18:35:44,655, INFO, Commiting... 102, 1000
2008-01-29 18:35:44,875, INFO, Commiting... 103, 1000
2008-01-29 18:35:45,078, INFO, Commiting... 104, 1000
2008-01-29 18:35:45,280, INFO, Commiting... 105, 1000
2008-01-29 18:35:45,483, INFO, Commiting... 106, 1000
2008-01-29 18:35:45,687, INFO, Commiting... 107, 1000
2008-01-29 18:35:45,890, INFO, Commiting... 108, 1000
2008-01-29 18:35:46,108, INFO, Commiting... 109, 1000
2008-01-29 18:35:46,312, INFO, Commiting... 110, 1000
2008-01-29 18:35:46,515, INFO, Commiting... 111, 1000
2008-01-29 18:35:46,717, INFO, Commiting... 112, 1000
2008-01-29 18:35:46,921, INFO, Commiting... 113, 1000
2008-01-29 18:35:47,125, INFO, Commiting... 114, 1000
2008-01-29 18:35:47,328, INFO, Commiting... 115, 1000
2008-01-29 18:35:47,530, INFO, Commiting... 116, 1000
2008-01-29 18:35:47,733, INFO, Commiting... 117, 1000
2008-01-29 18:35:47,953, INFO, Commiting... 118, 1000
2008-01-29 18:35:48,140, INFO, Commiting... 119, 1000
2008-01-29 18:35:48,342, INFO, Commiting... 120, 1000
2008-01-29 18:35:48,562, INFO, Commiting... 121, 1000
2008-01-29 18:35:48,765, INFO, Commiting... 122, 1000
2008-01-29 18:35:48,967, INFO, Commiting... 123, 1000
2008-01-29 18:35:49,171, INFO, Commiting... 124, 1000
2008-01-29 18:35:49,375, INFO, Commiting... 125, 1000
2008-01-29 18:35:49,578, INFO, Commiting... 126, 1000
2008-01-29 18:35:49,780, INFO, Commiting... 127, 1000
2008-01-29 18:35:49,983, INFO, Commiting... 128, 1000
2008-01-29 18:35:50,187, INFO, Commiting... 129, 1000
2008-01-29 18:35:50,405, INFO, Commiting... 130, 1000
2008-01-29 18:35:50,592, INFO, Commiting... 131, 1000
2008-01-29 18:35:50,812, INFO, Commiting... 132, 1000
2008-01-29 18:35:51,000, INFO, Commiting... 133, 1000
2008-01-29 18:35:51,203, INFO, Commiting... 134, 1000
2008-01-29 18:35:51,405, INFO, Commiting... 135, 1000
2008-01-29 18:35:51,625, INFO, Commiting... 136, 1000
2008-01-29 18:35:51,828, INFO, Commiting... 137, 1000
2008-01-29 18:35:52,030, INFO, Commiting... 138, 1000
2008-01-29 18:35:52,233, INFO, Commiting... 139, 1000
2008-01-29 18:35:52,437, INFO, Commiting... 140, 1000
2008-01-29 18:35:52,640, INFO, Commiting... 141, 1000
2008-01-29 18:35:52,842, INFO, Commiting... 142, 1000
2008-01-29 18:35:53,062, INFO, Commiting... 143, 1000
2008-01-29 18:35:53,265, INFO, Commiting... 144, 1000
2008-01-29 18:35:53,467, INFO, Commiting... 145, 1000
2008-01-29 18:35:53,671, INFO, Commiting... 146, 1000
2008-01-29 18:35:53,875, INFO, Commiting... 147, 1000
2008-01-29 18:35:54,092, INFO, Commiting... 148, 1000
2008-01-29 18:35:54,296, INFO, Commiting... 149, 1000
2008-01-29 18:35:54,500, INFO, Commiting... 150, 1000
2008-01-29 18:35:54,703, INFO, Commiting... 151, 1000
2008-01-29 18:35:54,890, INFO, Commiting... 152, 1000
2008-01-29 18:35:55,092, INFO, Commiting... 153, 1000
2008-01-29 18:35:55,296, INFO, Commiting... 154, 1000
2008-01-29 18:35:55,500, INFO, Commiting... 155, 1000
2008-01-29 18:35:55,703, INFO, Commiting... 156, 1000
2008-01-29 18:35:55,921, INFO, Commiting... 157, 1000
2008-01-29 18:35:56,125, INFO, Commiting... 158, 1000
2008-01-29 18:35:56,312, INFO, Commiting... 159, 1000
2008-01-29 18:35:56,530, INFO, Commiting... 160, 1000
2008-01-29 18:35:56,733, INFO, Commiting... 161, 1000
2008-01-29 18:35:56,937, INFO, Commiting... 162, 1000
2008-01-29 18:35:57,140, INFO, Commiting... 163, 1000
2008-01-29 18:35:57,342, INFO, Commiting... 164, 1000
2008-01-29 18:35:57,546, INFO, Commiting... 165, 1000
2008-01-29 18:35:57,765, INFO, Commiting... 166, 1000
2008-01-29 18:35:57,967, INFO, Commiting... 167, 1000
2008-01-29 18:35:58,171, INFO, Commiting... 168, 1000
2008-01-29 18:35:58,375, INFO, Commiting... 169, 1000
2008-01-29 18:35:58,578, INFO, Commiting... 170, 1000
2008-01-29 18:35:58,796, INFO, Commiting... 171, 1000
2008-01-29 18:35:59,000, INFO, Commiting... 172, 1000
2008-01-29 18:35:59,203, INFO, Commiting... 173, 1000
2008-01-29 18:35:59,405, INFO, Commiting... 174, 1000
2008-01-29 18:35:59,608, INFO, Commiting... 175, 1000
2008-01-29 18:35:59,828, INFO, Commiting... 176, 1000
2008-01-29 18:36:00,030, INFO, Commiting... 177, 1000
2008-01-29 18:36:00,233, INFO, Commiting... 178, 1000
2008-01-29 18:36:00,437, INFO, Commiting... 179, 1000
2008-01-29 18:36:00,640, INFO, Commiting... 180, 1000
2008-01-29 18:36:00,842, INFO, Commiting... 181, 1000
2008-01-29 18:36:01,046, INFO, Commiting... 182, 1000
2008-01-29 18:36:01,265, INFO, Commiting... 183, 1000
2008-01-29 18:36:01,467, INFO, Commiting... 184, 1000
2008-01-29 18:36:01,671, INFO, Commiting... 185, 1000
2008-01-29 18:36:01,875, INFO, Commiting... 186, 1000
2008-01-29 18:36:02,062, INFO, Commiting... 187, 1000
2008-01-29 18:36:02,265, INFO, Commiting... 188, 1000
2008-01-29 18:36:02,467, INFO, Commiting... 189, 1000
2008-01-29 18:36:02,671, INFO, Commiting... 190, 1000
2008-01-29 18:36:02,890, INFO, Commiting... 191, 1000
2008-01-29 18:36:03,092, INFO, Commiting... 192, 1000
2008-01-29 18:36:03,296, INFO, Commiting... 193, 1000
2008-01-29 18:36:03,483, INFO, Commiting... 194, 1000
2008-01-29 18:36:03,687, INFO, Commiting... 195, 1000
2008-01-29 18:36:03,890, INFO, Commiting... 196, 1000
2008-01-29 18:36:04,108, INFO, Commiting... 197, 1000
2008-01-29 18:36:04,328, INFO, Commiting... 198, 1000
2008-01-29 18:36:04,546, INFO, Commiting... 199, 1000
2008-01-29 18:36:04,765, INFO, Commiting... 200, 1000
2008-01-29 18:36:04,967, INFO, Commiting... 201, 1000
2008-01-29 18:36:05,171, INFO, Commiting... 202, 1000
2008-01-29 18:36:05,375, INFO, Commiting... 203, 1000
2008-01-29 18:36:05,578, INFO, Commiting... 204, 1000
2008-01-29 18:36:05,780, INFO, Commiting... 205, 1000
2008-01-29 18:36:05,983, INFO, Commiting... 206, 1000
2008-01-29 18:36:06,187, INFO, Commiting... 207, 1000
2008-01-29 18:36:06,405, INFO, Commiting... 208, 1000
2008-01-29 18:36:06,625, INFO, Commiting... 209, 1000
2008-01-29 18:36:06,842, INFO, Commiting... 210, 1000
2008-01-29 18:36:07,062, INFO, Commiting... 211, 1000
2008-01-29 18:36:07,265, INFO, Commiting... 212, 1000
2008-01-29 18:36:07,467, INFO, Commiting... 213, 1000
2008-01-29 18:36:07,671, INFO, Commiting... 214, 1000
2008-01-29 18:36:07,875, INFO, Commiting... 215, 1000
2008-01-29 18:36:08,078, INFO, Commiting... 216, 1000
2008-01-29 18:36:08,280, INFO, Commiting... 217, 1000
2008-01-29 18:36:08,483, INFO, Commiting... 218, 1000
2008-01-29 18:36:08,687, INFO, Commiting... 219, 1000
2008-01-29 18:36:08,890, INFO, Commiting... 220, 1000
2008-01-29 18:36:09,092, INFO, Commiting... 221, 1000
2008-01-29 18:36:09,296, INFO, Commiting... 222, 1000
2008-01-29 18:36:09,500, INFO, Commiting... 223, 1000
2008-01-29 18:36:09,703, INFO, Commiting... 224, 1000
2008-01-29 18:36:09,905, INFO, Commiting... 225, 1000
2008-01-29 18:36:10,108, INFO, Commiting... 226, 1000
2008-01-29 18:36:10,312, INFO, Commiting... 227, 1000
2008-01-29 18:36:10,515, INFO, Commiting... 228, 1000
2008-01-29 18:36:10,717, INFO, Commiting... 229, 1000
2008-01-29 18:36:10,921, INFO, Commiting... 230, 1000
2008-01-29 18:36:11,125, INFO, Commiting... 231, 1000
2008-01-29 18:36:11,328, INFO, Commiting... 232, 1000
2008-01-29 18:36:11,530, INFO, Commiting... 233, 1000
2008-01-29 18:36:11,733, INFO, Commiting... 234, 1000
2008-01-29 18:36:11,953, INFO, Commiting... 235, 1000
2008-01-29 18:36:12,171, INFO, Commiting... 236, 1000
2008-01-29 18:36:12,375, INFO, Commiting... 237, 1000
2008-01-29 18:36:12,592, INFO, Commiting... 238, 1000
2008-01-29 18:36:12,796, INFO, Commiting... 239, 1000
2008-01-29 18:36:12,983, INFO, Commiting... 240, 1000
2008-01-29 18:36:13,187, INFO, Commiting... 241, 1000
2008-01-29 18:36:13,390, INFO, Commiting... 242, 1000
2008-01-29 18:36:13,592, INFO, Commiting... 243, 1000
2008-01-29 18:36:13,812, INFO, Commiting... 244, 1000
2008-01-29 18:36:14,000, INFO, Commiting... 245, 1000
2008-01-29 18:36:14,203, INFO, Commiting... 246, 1000
2008-01-29 18:36:14,421, INFO, Commiting... 247, 1000
2008-01-29 18:36:14,608, INFO, Commiting... 248, 1000
2008-01-29 18:36:14,812, INFO, Commiting... 249, 1000
2008-01-29 18:36:15,015, INFO, Commiting... 250, 1000
2008-01-29 18:36:15,217, INFO, Commiting... 251, 1000
2008-01-29 18:36:15,437, INFO, Commiting... 252, 1000
2008-01-29 18:36:15,640, INFO, Commiting... 253, 1000
2008-01-29 18:36:15,842, INFO, Commiting... 254, 1000
2008-01-29 18:36:16,046, INFO, Commiting... 255, 1000
2008-01-29 18:36:16,250, INFO, Commiting... 256, 1000
2008-01-29 18:36:16,467, INFO, Commiting... 257, 1000
2008-01-29 18:36:16,671, INFO, Commiting... 258, 1000
2008-01-29 18:36:16,875, INFO, Commiting... 259, 1000
2008-01-29 18:36:17,078, INFO, Commiting... 260, 1000
2008-01-29 18:36:17,280, INFO, Commiting... 261, 1000
2008-01-29 18:36:17,483, INFO, Commiting... 262, 1000
2008-01-29 18:36:17,687, INFO, Commiting... 263, 1000
2008-01-29 18:36:17,890, INFO, Commiting... 264, 1000
2008-01-29 18:36:18,092, INFO, Commiting... 265, 1000
2008-01-29 18:36:18,296, INFO, Commiting... 266, 1000
2008-01-29 18:36:18,500, INFO, Commiting... 267, 1000
2008-01-29 18:36:18,703, INFO, Commiting... 268, 1000
2008-01-29 18:36:18,905, INFO, Commiting... 269, 1000
2008-01-29 18:36:19,108, INFO, Commiting... 270, 1000
2008-01-29 18:36:19,312, INFO, Commiting... 271, 1000
2008-01-29 18:36:19,530, INFO, Commiting... 272, 1000
2008-01-29 18:36:19,733, INFO, Commiting... 273, 1000
2008-01-29 18:36:19,937, INFO, Commiting... 274, 1000
2008-01-29 18:36:20,140, INFO, Commiting... 275, 1000
2008-01-29 18:36:20,342, INFO, Commiting... 276, 1000
2008-01-29 18:36:20,530, INFO, Commiting... 277, 1000
2008-01-29 18:36:20,750, INFO, Commiting... 278, 1000
2008-01-29 18:36:20,953, INFO, Commiting... 279, 1000
2008-01-29 18:36:21,155, INFO, Commiting... 280, 1000
2008-01-29 18:36:21,358, INFO, Commiting... 281, 1000
2008-01-29 18:36:21,562, INFO, Commiting... 282, 1000
2008-01-29 18:36:21,765, INFO, Commiting... 283, 1000
2008-01-29 18:36:21,967, INFO, Commiting... 284, 1000
2008-01-29 18:36:22,171, INFO, Commiting... 285, 1000
2008-01-29 18:36:22,375, INFO, Commiting... 286, 1000
2008-01-29 18:36:22,578, INFO, Commiting... 287, 1000
2008-01-29 18:36:22,796, INFO, Commiting... 288, 1000
2008-01-29 18:36:23,000, INFO, Commiting... 289, 1000
2008-01-29 18:36:23,203, INFO, Commiting... 290, 1000
2008-01-29 18:36:23,405, INFO, Commiting... 291, 1000
2008-01-29 18:36:23,608, INFO, Commiting... 292, 1000
2008-01-29 18:36:23,812, INFO, Commiting... 293, 1000
2008-01-29 18:36:24,015, INFO, Commiting... 294, 1000
2008-01-29 18:36:24,217, INFO, Commiting... 295, 1000
2008-01-29 18:36:24,421, INFO, Commiting... 296, 1000
2008-01-29 18:36:24,625, INFO, Commiting... 297, 1000
2008-01-29 18:36:24,828, INFO, Commiting... 298, 1000
2008-01-29 18:36:25,030, INFO, Commiting... 299, 1000
2008-01-29 18:36:25,233, INFO, Commiting... 300, 1000
2008-01-29 18:36:25,437, INFO, Commiting... 301, 1000
2008-01-29 18:36:25,640, INFO, Commiting... 302, 1000
2008-01-29 18:36:25,842, INFO, Commiting... 303, 1000
2008-01-29 18:36:26,046, INFO, Commiting... 304, 1000
2008-01-29 18:36:26,250, INFO, Commiting... 305, 1000
2008-01-29 18:36:26,453, INFO, Commiting... 306, 1000
2008-01-29 18:36:26,655, INFO, Commiting... 307, 1000
2008-01-29 18:36:26,858, INFO, Commiting... 308, 1000
2008-01-29 18:36:27,062, INFO, Commiting... 309, 1000
2008-01-29 18:36:27,265, INFO, Commiting... 310, 1000
2008-01-29 18:36:27,467, INFO, Commiting... 311, 1000
2008-01-29 18:36:27,671, INFO, Commiting... 312, 1000
2008-01-29 18:36:27,890, INFO, Commiting... 313, 1000
2008-01-29 18:36:28,108, INFO, Commiting... 314, 1000
2008-01-29 18:36:28,328, INFO, Commiting... 315, 1000
2008-01-29 18:36:28,530, INFO, Commiting... 316, 1000
2008-01-29 18:36:28,733, INFO, Commiting... 317, 1000
2008-01-29 18:36:28,953, INFO, Commiting... 318, 1000
2008-01-29 18:36:29,155, INFO, Commiting... 319, 1000
2008-01-29 18:36:29,358, INFO, Commiting... 320, 1000
2008-01-29 18:36:29,562, INFO, Commiting... 321, 1000
2008-01-29 18:36:29,765, INFO, Commiting... 322, 1000
2008-01-29 18:36:29,967, INFO, Commiting... 323, 1000
2008-01-29 18:36:30,171, INFO, Commiting... 324, 1000
2008-01-29 18:36:30,375, INFO, Commiting... 325, 1000
2008-01-29 18:36:30,578, INFO, Commiting... 326, 1000
2008-01-29 18:36:30,780, INFO, Commiting... 327, 1000
2008-01-29 18:36:30,983, INFO, Commiting... 328, 1000
2008-01-29 18:36:31,203, INFO, Commiting... 329, 1000
2008-01-29 18:36:31,421, INFO, Commiting... 330, 1000
2008-01-29 18:36:31,640, INFO, Commiting... 331, 1000
2008-01-29 18:36:31,842, INFO, Commiting... 332, 1000
2008-01-29 18:36:32,046, INFO, Commiting... 333, 1000
2008-01-29 18:36:32,280, INFO, Commiting... 334, 1000
2008-01-29 18:36:32,500, INFO, Commiting... 335, 1000
2008-01-29 18:36:32,703, INFO, Commiting... 336, 1000
2008-01-29 18:36:32,905, INFO, Commiting... 337, 1000
2008-01-29 18:36:33,108, INFO, Commiting... 338, 1000
2008-01-29 18:36:33,328, INFO, Commiting... 339, 1000
2008-01-29 18:36:33,530, INFO, Commiting... 340, 1000
2008-01-29 18:36:33,733, INFO, Commiting... 341, 1000
2008-01-29 18:36:33,937, INFO, Commiting... 342, 1000
2008-01-29 18:36:34,155, INFO, Commiting... 343, 1000
2008-01-29 18:36:34,375, INFO, Commiting... 344, 1000
2008-01-29 18:36:34,578, INFO, Commiting... 345, 1000
2008-01-29 18:36:34,780, INFO, Commiting... 346, 1000
2008-01-29 18:36:34,983, INFO, Commiting... 347, 1000
2008-01-29 18:36:35,187, INFO, Commiting... 348, 1000
2008-01-29 18:36:35,390, INFO, Commiting... 349, 1000
2008-01-29 18:36:35,592, INFO, Commiting... 350, 1000
2008-01-29 18:36:35,812, INFO, Commiting... 351, 1000
2008-01-29 18:36:36,015, INFO, Commiting... 352, 1000
2008-01-29 18:36:36,217, INFO, Commiting... 353, 1000
2008-01-29 18:36:36,421, INFO, Commiting... 354, 1000
2008-01-29 18:36:36,625, INFO, Commiting... 355, 1000
2008-01-29 18:36:36,828, INFO, Commiting... 356, 1000
2008-01-29 18:36:37,046, INFO, Commiting... 357, 1000
2008-01-29 18:36:37,250, INFO, Commiting... 358, 1000
2008-01-29 18:36:37,453, INFO, Commiting... 359, 1000
2008-01-29 18:36:37,655, INFO, Commiting... 360, 1000
2008-01-29 18:36:37,875, INFO, Commiting... 361, 1000
2008-01-29 18:36:38,078, INFO, Commiting... 362, 1000
2008-01-29 18:36:38,280, INFO, Commiting... 363, 1000
2008-01-29 18:36:38,483, INFO, Commiting... 364, 1000
2008-01-29 18:36:38,717, INFO, Commiting... 365, 1000
2008-01-29 18:36:38,921, INFO, Commiting... 366, 1000
2008-01-29 18:36:39,125, INFO, Commiting... 367, 1000
2008-01-29 18:36:39,328, INFO, Commiting... 368, 1000
2008-01-29 18:36:39,530, INFO, Commiting... 369, 1000
2008-01-29 18:36:39,733, INFO, Commiting... 370, 1000
2008-01-29 18:36:39,937, INFO, Commiting... 371, 1000
2008-01-29 18:36:40,155, INFO, Commiting... 372, 1000
2008-01-29 18:36:40,358, INFO, Commiting... 373, 1000
2008-01-29 18:36:40,562, INFO, Commiting... 374, 1000
2008-01-29 18:36:40,780, INFO, Commiting... 375, 1000
2008-01-29 18:36:40,983, INFO, Commiting... 376, 1000
2008-01-29 18:36:41,187, INFO, Commiting... 377, 1000
2008-01-29 18:36:41,390, INFO, Commiting... 378, 1000
2008-01-29 18:36:41,592, INFO, Commiting... 379, 1000
2008-01-29 18:36:41,796, INFO, Commiting... 380, 1000
2008-01-29 18:36:42,000, INFO, Commiting... 381, 1000
2008-01-29 18:36:42,203, INFO, Commiting... 382, 1000
2008-01-29 18:36:42,421, INFO, Commiting... 383, 1000
2008-01-29 18:36:42,625, INFO, Commiting... 384, 1000
2008-01-29 18:36:42,828, INFO, Commiting... 385, 1000
2008-01-29 18:36:43,030, INFO, Commiting... 386, 1000
2008-01-29 18:36:43,233, INFO, Commiting... 387, 1000
2008-01-29 18:36:43,437, INFO, Commiting... 388, 1000
2008-01-29 18:36:43,640, INFO, Commiting... 389, 1000
2008-01-29 18:36:43,842, INFO, Commiting... 390, 1000
2008-01-29 18:36:44,046, INFO, Commiting... 391, 1000
2008-01-29 18:36:44,250, INFO, Commiting... 392, 1000
2008-01-29 18:36:44,453, INFO, Commiting... 393, 1000
2008-01-29 18:36:44,655, INFO, Commiting... 394, 1000
2008-01-29 18:36:44,858, INFO, Commiting... 395, 1000
2008-01-29 18:36:45,062, INFO, Commiting... 396, 1000
2008-01-29 18:36:45,265, INFO, Commiting... 397, 1000
2008-01-29 18:36:45,467, INFO, Commiting... 398, 1000
2008-01-29 18:36:45,671, INFO, Commiting... 399, 1000
2008-01-29 18:36:45,875, INFO, Commiting... 400, 1000
2008-01-29 18:36:46,092, INFO, Commiting... 401, 1000
2008-01-29 18:36:46,296, INFO, Commiting... 402, 1000
2008-01-29 18:36:46,500, INFO, Commiting... 403, 1000
2008-01-29 18:36:46,703, INFO, Commiting... 404, 1000
2008-01-29 18:36:46,905, INFO, Commiting... 405, 1000
2008-01-29 18:36:47,108, INFO, Commiting... 406, 1000
2008-01-29 18:36:47,312, INFO, Commiting... 407, 1000
2008-01-29 18:36:47,515, INFO, Commiting... 408, 1000
2008-01-29 18:36:47,717, INFO, Commiting... 409, 1000
2008-01-29 18:36:47,921, INFO, Commiting... 410, 1000
2008-01-29 18:36:48,125, INFO, Commiting... 411, 1000
2008-01-29 18:36:48,328, INFO, Commiting... 412, 1000
2008-01-29 18:36:48,546, INFO, Commiting... 413, 1000
2008-01-29 18:36:48,750, INFO, Commiting... 414, 1000
2008-01-29 18:36:48,953, INFO, Commiting... 415, 1000
2008-01-29 18:36:49,171, INFO, Commiting... 416, 1000
2008-01-29 18:36:49,390, INFO, Commiting... 417, 1000
2008-01-29 18:36:49,592, INFO, Commiting... 418, 1000
2008-01-29 18:36:49,796, INFO, Commiting... 419, 1000
2008-01-29 18:36:50,000, INFO, Commiting... 420, 1000
2008-01-29 18:36:50,203, INFO, Commiting... 421, 1000
2008-01-29 18:36:50,405, INFO, Commiting... 422, 1000
2008-01-29 18:36:50,608, INFO, Commiting... 423, 1000
2008-01-29 18:36:50,828, INFO, Commiting... 424, 1000
2008-01-29 18:36:51,030, INFO, Commiting... 425, 1000
2008-01-29 18:36:51,233, INFO, Commiting... 426, 1000
2008-01-29 18:36:51,437, INFO, Commiting... 427, 1000
2008-01-29 18:36:51,640, INFO, Commiting... 428, 1000
2008-01-29 18:36:51,858, INFO, Commiting... 429, 1000
2008-01-29 18:36:52,062, INFO, Commiting... 430, 1000
2008-01-29 18:36:52,250, INFO, Commiting... 431, 1000
2008-01-29 18:36:52,467, INFO, Commiting... 432, 1000
2008-01-29 18:36:52,671, INFO, Commiting... 433, 1000
2008-01-29 18:36:52,875, INFO, Commiting... 434, 1000
2008-01-29 18:36:53,092, INFO, Commiting... 435, 1000
2008-01-29 18:36:53,296, INFO, Commiting... 436, 1000
2008-01-29 18:36:53,500, INFO, Commiting... 437, 1000
2008-01-29 18:36:53,703, INFO, Commiting... 438, 1000
2008-01-29 18:36:53,905, INFO, Commiting... 439, 1000
2008-01-29 18:36:54,108, INFO, Commiting... 440, 1000
2008-01-29 18:36:54,312, INFO, Commiting... 441, 1000
2008-01-29 18:36:54,515, INFO, Commiting... 442, 1000
2008-01-29 18:36:54,733, INFO, Commiting... 443, 1000
2008-01-29 18:36:54,937, INFO, Commiting... 444, 1000
2008-01-29 18:36:55,155, INFO, Commiting... 445, 1000
2008-01-29 18:36:55,358, INFO, Commiting... 446, 1000
2008-01-29 18:36:55,562, INFO, Commiting... 447, 1000
2008-01-29 18:36:55,765, INFO, Commiting... 448, 1000
2008-01-29 18:36:55,967, INFO, Commiting... 449, 1000
2008-01-29 18:36:56,171, INFO, Commiting... 450, 1000
2008-01-29 18:36:56,375, INFO, Commiting... 451, 1000
2008-01-29 18:36:56,578, INFO, Commiting... 452, 1000
2008-01-29 18:36:56,796, INFO, Commiting... 453, 1000
2008-01-29 18:36:57,000, INFO, Commiting... 454, 1000
2008-01-29 18:36:57,203, INFO, Commiting... 455, 1000
2008-01-29 18:36:57,421, INFO, Commiting... 456, 1000
2008-01-29 18:36:57,640, INFO, Commiting... 457, 1000
2008-01-29 18:36:57,842, INFO, Commiting... 458, 1000
2008-01-29 18:36:58,062, INFO, Commiting... 459, 1000
2008-01-29 18:36:58,265, INFO, Commiting... 460, 1000
2008-01-29 18:36:58,467, INFO, Commiting... 461, 1000
2008-01-29 18:36:58,687, INFO, Commiting... 462, 1000
2008-01-29 18:36:58,890, INFO, Commiting... 463, 1000
2008-01-29 18:36:59,092, INFO, Commiting... 464, 1000
2008-01-29 18:36:59,296, INFO, Commiting... 465, 1000
2008-01-29 18:36:59,515, INFO, Commiting... 466, 1000
2008-01-29 18:36:59,717, INFO, Commiting... 467, 1000
2008-01-29 18:36:59,921, INFO, Commiting... 468, 1000
2008-01-29 18:37:00,125, INFO, Commiting... 469, 1000
2008-01-29 18:37:00,328, INFO, Commiting... 470, 1000
2008-01-29 18:37:00,530, INFO, Commiting... 471, 1000
2008-01-29 18:37:00,750, INFO, Commiting... 472, 1000
2008-01-29 18:37:00,953, INFO, Commiting... 473, 1000
2008-01-29 18:37:01,155, INFO, Commiting... 474, 1000
2008-01-29 18:37:01,375, INFO, Commiting... 475, 1000
2008-01-29 18:37:01,578, INFO, Commiting... 476, 1000
2008-01-29 18:37:01,780, INFO, Commiting... 477, 1000
2008-01-29 18:37:01,983, INFO, Commiting... 478, 1000
2008-01-29 18:37:02,187, INFO, Commiting... 479, 1000
2008-01-29 18:37:02,390, INFO, Commiting... 480, 1000
2008-01-29 18:37:02,592, INFO, Commiting... 481, 1000
2008-01-29 18:37:02,796, INFO, Commiting... 482, 1000
2008-01-29 18:37:03,000, INFO, Commiting... 483, 1000
2008-01-29 18:37:03,203, INFO, Commiting... 484, 1000
2008-01-29 18:37:03,405, INFO, Commiting... 485, 1000
2008-01-29 18:37:03,608, INFO, Commiting... 486, 1000
2008-01-29 18:37:03,812, INFO, Commiting... 487, 1000
2008-01-29 18:37:04,015, INFO, Commiting... 488, 1000
2008-01-29 18:37:04,217, INFO, Commiting... 489, 1000
2008-01-29 18:37:04,421, INFO, Commiting... 490, 1000
2008-01-29 18:37:04,625, INFO, Commiting... 491, 1000
2008-01-29 18:37:04,828, INFO, Commiting... 492, 1000
2008-01-29 18:37:05,046, INFO, Commiting... 493, 1000
2008-01-29 18:37:05,233, INFO, Commiting... 494, 1000
2008-01-29 18:37:05,437, INFO, Commiting... 495, 1000
2008-01-29 18:37:05,640, INFO, Commiting... 496, 1000
2008-01-29 18:37:05,858, INFO, Commiting... 497, 1000
2008-01-29 18:37:06,078, INFO, Commiting... 498, 1000
2008-01-29 18:37:06,280, INFO, Commiting... 499, 1000
2008-01-29 18:37:06,483, INFO, Commiting... 500, 1000
2008-01-29 18:37:06,687, INFO, Commiting... 501, 1000
2008-01-29 18:37:06,921, INFO, Commiting... 502, 1000
2008-01-29 18:37:07,125, INFO, Commiting... 503, 1000
2008-01-29 18:37:07,328, INFO, Commiting... 504, 1000
2008-01-29 18:37:07,546, INFO, Commiting... 505, 1000
2008-01-29 18:37:07,750, INFO, Commiting... 506, 1000
2008-01-29 18:37:07,953, INFO, Commiting... 507, 1000
2008-01-29 18:37:08,155, INFO, Commiting... 508, 1000
2008-01-29 18:37:08,358, INFO, Commiting... 509, 1000
2008-01-29 18:37:08,562, INFO, Commiting... 510, 1000
2008-01-29 18:37:08,765, INFO, Commiting... 511, 1000
2008-01-29 18:37:08,967, INFO, Commiting... 512, 1000
2008-01-29 18:37:09,171, INFO, Commiting... 513, 1000
2008-01-29 18:37:09,375, INFO, Commiting... 514, 1000
2008-01-29 18:37:09,578, INFO, Commiting... 515, 1000
2008-01-29 18:37:09,796, INFO, Commiting... 516, 1000
2008-01-29 18:37:10,000, INFO, Commiting... 517, 1000
2008-01-29 18:37:10,203, INFO, Commiting... 518, 1000
2008-01-29 18:37:10,405, INFO, Commiting... 519, 1000
2008-01-29 18:37:10,608, INFO, Commiting... 520, 1000
2008-01-29 18:37:10,812, INFO, Commiting... 521, 1000
2008-01-29 18:37:11,015, INFO, Commiting... 522, 1000
2008-01-29 18:37:11,217, INFO, Commiting... 523, 1000
2008-01-29 18:37:11,421, INFO, Commiting... 524, 1000
2008-01-29 18:37:11,640, INFO, Commiting... 525, 1000
2008-01-29 18:37:11,842, INFO, Commiting... 526, 1000
2008-01-29 18:37:12,062, INFO, Commiting... 527, 1000
2008-01-29 18:37:12,280, INFO, Commiting... 528, 1000
2008-01-29 18:37:12,467, INFO, Commiting... 529, 1000
2008-01-29 18:37:12,687, INFO, Commiting... 530, 1000
2008-01-29 18:37:12,890, INFO, Commiting... 531, 1000
2008-01-29 18:37:13,092, INFO, Commiting... 532, 1000
2008-01-29 18:37:13,296, INFO, Commiting... 533, 1000
2008-01-29 18:37:13,500, INFO, Commiting... 534, 1000
2008-01-29 18:37:13,703, INFO, Commiting... 535, 1000
2008-01-29 18:37:13,905, INFO, Commiting... 536, 1000
2008-01-29 18:37:14,108, INFO, Commiting... 537, 1000
2008-01-29 18:37:14,312, INFO, Commiting... 538, 1000
2008-01-29 18:37:14,515, INFO, Commiting... 539, 1000
2008-01-29 18:37:14,717, INFO, Commiting... 540, 1000
2008-01-29 18:37:14,921, INFO, Commiting... 541, 1000
2008-01-29 18:37:15,125, INFO, Commiting... 542, 1000
2008-01-29 18:37:15,328, INFO, Commiting... 543, 1000
2008-01-29 18:37:15,530, INFO, Commiting... 544, 1000
2008-01-29 18:37:15,733, INFO, Commiting... 545, 1000
2008-01-29 18:37:15,937, INFO, Commiting... 546, 1000
2008-01-29 18:37:16,140, INFO, Commiting... 547, 1000
2008-01-29 18:37:16,342, INFO, Commiting... 548, 1000
2008-01-29 18:37:16,546, INFO, Commiting... 549, 1000
2008-01-29 18:37:16,750, INFO, Commiting... 550, 1000
2008-01-29 18:37:16,953, INFO, Commiting... 551, 1000
2008-01-29 18:37:17,155, INFO, Commiting... 552, 1000
2008-01-29 18:37:17,358, INFO, Commiting... 553, 1000
2008-01-29 18:37:17,562, INFO, Commiting... 554, 1000
2008-01-29 18:37:17,765, INFO, Commiting... 555, 1000
2008-01-29 18:37:17,967, INFO, Commiting... 556, 1000
2008-01-29 18:37:18,171, INFO, Commiting... 557, 1000
2008-01-29 18:37:18,375, INFO, Commiting... 558, 1000
2008-01-29 18:37:18,578, INFO, Commiting... 559, 1000
2008-01-29 18:37:18,780, INFO, Commiting... 560, 1000
2008-01-29 18:37:18,983, INFO, Commiting... 561, 1000
2008-01-29 18:37:19,187, INFO, Commiting... 562, 1000
2008-01-29 18:37:19,390, INFO, Commiting... 563, 1000
2008-01-29 18:37:19,592, INFO, Commiting... 564, 1000
2008-01-29 18:37:19,796, INFO, Commiting... 565, 1000
2008-01-29 18:37:20,000, INFO, Commiting... 566, 1000
2008-01-29 18:37:20,203, INFO, Commiting... 567, 1000
2008-01-29 18:37:20,405, INFO, Commiting... 568, 1000
2008-01-29 18:37:20,608, INFO, Commiting... 569, 1000
2008-01-29 18:37:20,812, INFO, Commiting... 570, 1000
2008-01-29 18:37:21,046, INFO, Commiting... 571, 1000
2008-01-29 18:37:21,250, INFO, Commiting... 572, 1000
2008-01-29 18:37:21,453, INFO, Commiting... 573, 1000
2008-01-29 18:37:21,655, INFO, Commiting... 574, 1000
2008-01-29 18:37:21,858, INFO, Commiting... 575, 1000
2008-01-29 18:37:22,062, INFO, Commiting... 576, 1000
2008-01-29 18:37:22,265, INFO, Commiting... 577, 1000
2008-01-29 18:37:22,467, INFO, Commiting... 578, 1000
2008-01-29 18:37:22,671, INFO, Commiting... 579, 1000
2008-01-29 18:37:22,875, INFO, Commiting... 580, 1000
2008-01-29 18:37:23,078, INFO, Commiting... 581, 1000
2008-01-29 18:37:23,280, INFO, Commiting... 582, 1000
2008-01-29 18:37:23,500, INFO, Commiting... 583, 1000
2008-01-29 18:37:23,703, INFO, Commiting... 584, 1000
2008-01-29 18:37:23,905, INFO, Commiting... 585, 1000
2008-01-29 18:37:24,108, INFO, Commiting... 586, 1000
2008-01-29 18:37:24,312, INFO, Commiting... 587, 1000
2008-01-29 18:37:24,515, INFO, Commiting... 588, 1000
2008-01-29 18:37:24,717, INFO, Commiting... 589, 1000
2008-01-29 18:37:24,921, INFO, Commiting... 590, 1000
2008-01-29 18:37:25,125, INFO, Commiting... 591, 1000
2008-01-29 18:37:25,328, INFO, Commiting... 592, 1000
2008-01-29 18:37:25,530, INFO, Commiting... 593, 1000
2008-01-29 18:37:25,733, INFO, Commiting... 594, 1000
2008-01-29 18:37:25,953, INFO, Commiting... 595, 1000
2008-01-29 18:37:26,140, INFO, Commiting... 596, 1000
2008-01-29 18:37:26,342, INFO, Commiting... 597, 1000
2008-01-29 18:37:26,562, INFO, Commiting... 598, 1000
2008-01-29 18:37:26,765, INFO, Commiting... 599, 1000
2008-01-29 18:37:26,967, INFO, Commiting... 600, 1000
2008-01-29 18:37:27,171, INFO, Commiting... 601, 1000
2008-01-29 18:37:27,375, INFO, Commiting... 602, 1000
2008-01-29 18:37:27,578, INFO, Commiting... 603, 1000
2008-01-29 18:37:27,780, INFO, Commiting... 604, 1000
2008-01-29 18:37:27,983, INFO, Commiting... 605, 1000
2008-01-29 18:37:28,187, INFO, Commiting... 606, 1000
2008-01-29 18:37:28,390, INFO, Commiting... 607, 1000
2008-01-29 18:37:28,592, INFO, Commiting... 608, 1000
2008-01-29 18:37:28,796, INFO, Commiting... 609, 1000
2008-01-29 18:37:29,000, INFO, Commiting... 610, 1000
2008-01-29 18:37:29,203, INFO, Commiting... 611, 1000
2008-01-29 18:37:29,405, INFO, Commiting... 612, 1000
2008-01-29 18:37:29,592, INFO, Commiting... 613, 1000
2008-01-29 18:37:29,812, INFO, Commiting... 614, 1000
2008-01-29 18:37:30,015, INFO, Commiting... 615, 1000
2008-01-29 18:37:30,203, INFO, Commiting... 616, 1000
2008-01-29 18:37:30,405, INFO, Commiting... 617, 1000
2008-01-29 18:37:30,608, INFO, Commiting... 618, 1000
2008-01-29 18:37:30,812, INFO, Commiting... 619, 1000
2008-01-29 18:37:31,062, INFO, Commiting... 620, 1000
2008-01-29 18:37:31,265, INFO, Commiting... 621, 1000
2008-01-29 18:37:31,467, INFO, Commiting... 622, 1000
2008-01-29 18:37:31,671, INFO, Commiting... 623, 1000
2008-01-29 18:37:31,875, INFO, Commiting... 624, 1000
2008-01-29 18:37:32,078, INFO, Commiting... 625, 1000
2008-01-29 18:37:32,280, INFO, Commiting... 626, 1000
2008-01-29 18:37:32,483, INFO, Commiting... 627, 1000
2008-01-29 18:37:32,687, INFO, Commiting... 628, 1000
2008-01-29 18:37:32,890, INFO, Commiting... 629, 1000
2008-01-29 18:37:33,092, INFO, Commiting... 630, 1000
2008-01-29 18:37:33,328, INFO, Commiting... 631, 1000
2008-01-29 18:37:33,530, INFO, Commiting... 632, 1000
2008-01-29 18:37:33,750, INFO, Commiting... 633, 1000
2008-01-29 18:37:33,953, INFO, Commiting... 634, 1000
2008-01-29 18:37:34,155, INFO, Commiting... 635, 1000
2008-01-29 18:37:34,358, INFO, Commiting... 636, 1000
2008-01-29 18:37:34,562, INFO, Commiting... 637, 1000
2008-01-29 18:37:34,765, INFO, Commiting... 638, 1000
2008-01-29 18:37:34,967, INFO, Commiting... 639, 1000
2008-01-29 18:37:35,171, INFO, Commiting... 640, 1000
2008-01-29 18:37:35,375, INFO, Commiting... 641, 1000
2008-01-29 18:37:35,578, INFO, Commiting... 642, 1000
2008-01-29 18:37:35,780, INFO, Commiting... 643, 1000
2008-01-29 18:37:35,983, INFO, Commiting... 644, 1000
2008-01-29 18:37:36,187, INFO, Commiting... 645, 1000
2008-01-29 18:37:36,405, INFO, Commiting... 646, 1000
2008-01-29 18:37:36,608, INFO, Commiting... 647, 1000
2008-01-29 18:37:36,828, INFO, Commiting... 648, 1000
2008-01-29 18:37:37,030, INFO, Commiting... 649, 1000
2008-01-29 18:37:37,233, INFO, Commiting... 650, 1000
2008-01-29 18:37:37,437, INFO, Commiting... 651, 1000
2008-01-29 18:37:37,640, INFO, Commiting... 652, 1000
2008-01-29 18:37:37,842, INFO, Commiting... 653, 1000
2008-01-29 18:37:38,046, INFO, Commiting... 654, 1000
2008-01-29 18:37:38,265, INFO, Commiting... 655, 1000
2008-01-29 18:37:38,467, INFO, Commiting... 656, 1000
2008-01-29 18:37:38,671, INFO, Commiting... 657, 1000
2008-01-29 18:37:38,875, INFO, Commiting... 658, 1000
2008-01-29 18:37:39,078, INFO, Commiting... 659, 1000
2008-01-29 18:37:39,280, INFO, Commiting... 660, 1000
2008-01-29 18:37:39,483, INFO, Commiting... 661, 1000
2008-01-29 18:37:39,687, INFO, Commiting... 662, 1000
2008-01-29 18:37:39,890, INFO, Commiting... 663, 1000
2008-01-29 18:37:40,108, INFO, Commiting... 664, 1000
2008-01-29 18:37:40,312, INFO, Commiting... 665, 1000
2008-01-29 18:37:40,515, INFO, Commiting... 666, 1000
2008-01-29 18:37:40,717, INFO, Commiting... 667, 1000
2008-01-29 18:37:40,921, INFO, Commiting... 668, 1000
2008-01-29 18:37:41,125, INFO, Commiting... 669, 1000
2008-01-29 18:37:41,328, INFO, Commiting... 670, 1000
2008-01-29 18:37:41,530, INFO, Commiting... 671, 1000
2008-01-29 18:37:41,733, INFO, Commiting... 672, 1000
2008-01-29 18:37:41,937, INFO, Commiting... 673, 1000
2008-01-29 18:37:42,140, INFO, Commiting... 674, 1000
2008-01-29 18:37:42,342, INFO, Commiting... 675, 1000
2008-01-29 18:37:42,546, INFO, Commiting... 676, 1000
2008-01-29 18:37:42,750, INFO, Commiting... 677, 1000
2008-01-29 18:37:42,953, INFO, Commiting... 678, 1000
2008-01-29 18:37:43,155, INFO, Commiting... 679, 1000
2008-01-29 18:37:43,358, INFO, Commiting... 680, 1000
2008-01-29 18:37:43,562, INFO, Commiting... 681, 1000
2008-01-29 18:37:43,765, INFO, Commiting... 682, 1000
2008-01-29 18:37:43,967, INFO, Commiting... 683, 1000
2008-01-29 18:37:44,171, INFO, Commiting... 684, 1000
2008-01-29 18:37:44,375, INFO, Commiting... 685, 1000
2008-01-29 18:37:44,578, INFO, Commiting... 686, 1000
2008-01-29 18:37:44,780, INFO, Commiting... 687, 1000
2008-01-29 18:37:44,983, INFO, Commiting... 688, 1000
2008-01-29 18:37:45,187, INFO, Commiting... 689, 1000
2008-01-29 18:37:45,390, INFO, Commiting... 690, 1000
2008-01-29 18:37:45,592, INFO, Commiting... 691, 1000
2008-01-29 18:37:45,796, INFO, Commiting... 692, 1000
2008-01-29 18:37:46,000, INFO, Commiting... 693, 1000
2008-01-29 18:37:46,203, INFO, Commiting... 694, 1000
2008-01-29 18:37:46,405, INFO, Commiting... 695, 1000
2008-01-29 18:37:46,608, INFO, Commiting... 696, 1000
2008-01-29 18:37:46,812, INFO, Commiting... 697, 1000
2008-01-29 18:37:47,015, INFO, Commiting... 698, 1000
2008-01-29 18:37:47,217, INFO, Commiting... 699, 1000
2008-01-29 18:37:47,421, INFO, Commiting... 700, 1000
2008-01-29 18:37:47,625, INFO, Commiting... 701, 1000
2008-01-29 18:37:47,828, INFO, Commiting... 702, 1000
2008-01-29 18:37:48,030, INFO, Commiting... 703, 1000
2008-01-29 18:37:48,233, INFO, Commiting... 704, 1000
2008-01-29 18:37:48,437, INFO, Commiting... 705, 1000
2008-01-29 18:37:48,640, INFO, Commiting... 706, 1000
2008-01-29 18:37:48,842, INFO, Commiting... 707, 1000
2008-01-29 18:37:49,046, INFO, Commiting... 708, 1000
2008-01-29 18:37:49,250, INFO, Commiting... 709, 1000
2008-01-29 18:37:49,453, INFO, Commiting... 710, 1000
2008-01-29 18:37:49,655, INFO, Commiting... 711, 1000
2008-01-29 18:37:49,858, INFO, Commiting... 712, 1000
2008-01-29 18:37:50,062, INFO, Commiting... 713, 1000
2008-01-29 18:37:50,265, INFO, Commiting... 714, 1000
2008-01-29 18:37:50,467, INFO, Commiting... 715, 1000
2008-01-29 18:37:50,671, INFO, Commiting... 716, 1000
2008-01-29 18:37:50,875, INFO, Commiting... 717, 1000
2008-01-29 18:37:51,078, INFO, Commiting... 718, 1000
2008-01-29 18:37:51,280, INFO, Commiting... 719, 1000
2008-01-29 18:37:51,483, INFO, Commiting... 720, 1000
2008-01-29 18:37:51,687, INFO, Commiting... 721, 1000
2008-01-29 18:37:51,890, INFO, Commiting... 722, 1000
2008-01-29 18:37:52,092, INFO, Commiting... 723, 1000
2008-01-29 18:37:52,296, INFO, Commiting... 724, 1000
2008-01-29 18:37:52,500, INFO, Commiting... 725, 1000
2008-01-29 18:37:52,703, INFO, Commiting... 726, 1000
2008-01-29 18:37:52,905, INFO, Commiting... 727, 1000
2008-01-29 18:37:53,108, INFO, Commiting... 728, 1000
2008-01-29 18:37:53,312, INFO, Commiting... 729, 1000
2008-01-29 18:37:53,515, INFO, Commiting... 730, 1000
2008-01-29 18:37:53,717, INFO, Commiting... 731, 1000
2008-01-29 18:37:53,921, INFO, Commiting... 732, 1000
2008-01-29 18:37:54,125, INFO, Commiting... 733, 1000
2008-01-29 18:37:54,328, INFO, Commiting... 734, 1000
2008-01-29 18:37:54,530, INFO, Commiting... 735, 1000
2008-01-29 18:37:54,733, INFO, Commiting... 736, 1000
2008-01-29 18:37:54,937, INFO, Commiting... 737, 1000
2008-01-29 18:37:55,140, INFO, Commiting... 738, 1000
2008-01-29 18:37:55,342, INFO, Commiting... 739, 1000
2008-01-29 18:37:55,546, INFO, Commiting... 740, 1000
2008-01-29 18:37:55,750, INFO, Commiting... 741, 1000
2008-01-29 18:37:55,953, INFO, Commiting... 742, 1000
2008-01-29 18:37:56,155, INFO, Commiting... 743, 1000
2008-01-29 18:37:56,358, INFO, Commiting... 744, 1000
2008-01-29 18:37:56,562, INFO, Commiting... 745, 1000
2008-01-29 18:37:56,765, INFO, Commiting... 746, 1000
2008-01-29 18:37:56,967, INFO, Commiting... 747, 1000
2008-01-29 18:37:57,171, INFO, Commiting... 748, 1000
2008-01-29 18:37:57,375, INFO, Commiting... 749, 1000
2008-01-29 18:37:57,578, INFO, Commiting... 750, 1000
2008-01-29 18:37:57,780, INFO, Commiting... 751, 1000
2008-01-29 18:37:57,983, INFO, Commiting... 752, 1000
2008-01-29 18:37:58,187, INFO, Commiting... 753, 1000
2008-01-29 18:37:58,390, INFO, Commiting... 754, 1000
2008-01-29 18:37:58,592, INFO, Commiting... 755, 1000
2008-01-29 18:37:58,796, INFO, Commiting... 756, 1000
2008-01-29 18:37:59,015, INFO, Commiting... 757, 1000
2008-01-29 18:37:59,203, INFO, Commiting... 758, 1000
2008-01-29 18:37:59,421, INFO, Commiting... 759, 1000
2008-01-29 18:37:59,625, INFO, Commiting... 760, 1000
2008-01-29 18:37:59,828, INFO, Commiting... 761, 1000
2008-01-29 18:38:00,030, INFO, Commiting... 762, 1000
2008-01-29 18:38:00,233, INFO, Commiting... 763, 1000
2008-01-29 18:38:00,437, INFO, Commiting... 764, 1000
2008-01-29 18:38:00,640, INFO, Commiting... 765, 1000
2008-01-29 18:38:00,842, INFO, Commiting... 766, 1000
2008-01-29 18:38:01,046, INFO, Commiting... 767, 1000
2008-01-29 18:38:01,250, INFO, Commiting... 768, 1000
2008-01-29 18:38:01,453, INFO, Commiting... 769, 1000
2008-01-29 18:38:01,655, INFO, Commiting... 770, 1000
2008-01-29 18:38:01,858, INFO, Commiting... 771, 1000
2008-01-29 18:38:02,078, INFO, Commiting... 772, 1000
2008-01-29 18:38:02,280, INFO, Commiting... 773, 1000
2008-01-29 18:38:02,483, INFO, Commiting... 774, 1000
2008-01-29 18:38:02,687, INFO, Commiting... 775, 1000
2008-01-29 18:38:02,890, INFO, Commiting... 776, 1000
2008-01-29 18:38:03,092, INFO, Commiting... 777, 1000
2008-01-29 18:38:03,296, INFO, Commiting... 778, 1000
2008-01-29 18:38:03,500, INFO, Commiting... 779, 1000
2008-01-29 18:38:03,703, INFO, Commiting... 780, 1000
2008-01-29 18:38:03,905, INFO, Commiting... 781, 1000
2008-01-29 18:38:04,125, INFO, Commiting... 782, 1000
2008-01-29 18:38:04,328, INFO, Commiting... 783, 1000
2008-01-29 18:38:04,530, INFO, Commiting... 784, 1000
2008-01-29 18:38:04,733, INFO, Commiting... 785, 1000
2008-01-29 18:38:04,937, INFO, Commiting... 786, 1000
2008-01-29 18:38:05,140, INFO, Commiting... 787, 1000
2008-01-29 18:38:05,342, INFO, Commiting... 788, 1000
2008-01-29 18:38:05,546, INFO, Commiting... 789, 1000
2008-01-29 18:38:05,750, INFO, Commiting... 790, 1000
2008-01-29 18:38:05,953, INFO, Commiting... 791, 1000
2008-01-29 18:38:06,155, INFO, Commiting... 792, 1000
2008-01-29 18:38:06,358, INFO, Commiting... 793, 1000
2008-01-29 18:38:06,562, INFO, Commiting... 794, 1000
2008-01-29 18:38:06,765, INFO, Commiting... 795, 1000
2008-01-29 18:38:06,967, INFO, Commiting... 796, 1000
2008-01-29 18:38:07,171, INFO, Commiting... 797, 1000
2008-01-29 18:38:07,375, INFO, Commiting... 798, 1000
2008-01-29 18:38:07,578, INFO, Commiting... 799, 1000
2008-01-29 18:38:07,780, INFO, Commiting... 800, 1000
2008-01-29 18:38:07,983, INFO, Commiting... 801, 1000
2008-01-29 18:38:08,187, INFO, Commiting... 802, 1000
2008-01-29 18:38:08,390, INFO, Commiting... 803, 1000
2008-01-29 18:38:08,592, INFO, Commiting... 804, 1000
2008-01-29 18:38:08,796, INFO, Commiting... 805, 1000
2008-01-29 18:38:09,000, INFO, Commiting... 806, 1000
2008-01-29 18:38:09,203, INFO, Commiting... 807, 1000
2008-01-29 18:38:09,405, INFO, Commiting... 808, 1000
2008-01-29 18:38:09,608, INFO, Commiting... 809, 1000
2008-01-29 18:38:09,812, INFO, Commiting... 810, 1000
2008-01-29 18:38:10,015, INFO, Commiting... 811, 1000
2008-01-29 18:38:10,217, INFO, Commiting... 812, 1000
2008-01-29 18:38:10,421, INFO, Commiting... 813, 1000
2008-01-29 18:38:10,625, INFO, Commiting... 814, 1000
2008-01-29 18:38:10,828, INFO, Commiting... 815, 1000
2008-01-29 18:38:11,078, INFO, Commiting... 816, 1000
2008-01-29 18:38:11,280, INFO, Commiting... 817, 1000
2008-01-29 18:38:11,483, INFO, Commiting... 818, 1000
2008-01-29 18:38:11,687, INFO, Commiting... 819, 1000
2008-01-29 18:38:11,890, INFO, Commiting... 820, 1000
2008-01-29 18:38:12,092, INFO, Commiting... 821, 1000
2008-01-29 18:38:12,296, INFO, Commiting... 822, 1000
2008-01-29 18:38:12,500, INFO, Commiting... 823, 1000
2008-01-29 18:38:12,703, INFO, Commiting... 824, 1000
2008-01-29 18:38:12,905, INFO, Commiting... 825, 1000
2008-01-29 18:38:13,125, INFO, Commiting... 826, 1000
2008-01-29 18:38:13,312, INFO, Commiting... 827, 1000
2008-01-29 18:38:13,515, INFO, Commiting... 828, 1000
2008-01-29 18:38:13,717, INFO, Commiting... 829, 1000
2008-01-29 18:38:13,921, INFO, Commiting... 830, 1000
2008-01-29 18:38:14,140, INFO, Commiting... 831, 1000
2008-01-29 18:38:14,342, INFO, Commiting... 832, 1000
2008-01-29 18:38:14,546, INFO, Commiting... 833, 1000
2008-01-29 18:38:14,750, INFO, Commiting... 834, 1000
2008-01-29 18:38:14,953, INFO, Commiting... 835, 1000
2008-01-29 18:38:15,155, INFO, Commiting... 836, 1000
2008-01-29 18:38:15,375, INFO, Commiting... 837, 1000
2008-01-29 18:38:15,562, INFO, Commiting... 838, 1000
2008-01-29 18:38:15,780, INFO, Commiting... 839, 1000
2008-01-29 18:38:15,983, INFO, Commiting... 840, 1000
2008-01-29 18:38:16,187, INFO, Commiting... 841, 1000
2008-01-29 18:38:16,390, INFO, Commiting... 842, 1000
2008-01-29 18:38:16,592, INFO, Commiting... 843, 1000
2008-01-29 18:38:16,796, INFO, Commiting... 844, 1000
2008-01-29 18:38:17,000, INFO, Commiting... 845, 1000
2008-01-29 18:38:17,203, INFO, Commiting... 846, 1000
2008-01-29 18:38:17,405, INFO, Commiting... 847, 1000
2008-01-29 18:38:17,608, INFO, Commiting... 848, 1000
2008-01-29 18:38:17,812, INFO, Commiting... 849, 1000
2008-01-29 18:38:18,015, INFO, Commiting... 850, 1000
2008-01-29 18:38:18,217, INFO, Commiting... 851, 1000
2008-01-29 18:38:18,437, INFO, Commiting... 852, 1000
2008-01-29 18:38:18,640, INFO, Commiting... 853, 1000
2008-01-29 18:38:18,842, INFO, Commiting... 854, 1000
2008-01-29 18:38:19,046, INFO, Commiting... 855, 1000
2008-01-29 18:38:19,250, INFO, Commiting... 856, 1000
2008-01-29 18:38:19,453, INFO, Commiting... 857, 1000
2008-01-29 18:38:19,655, INFO, Commiting... 858, 1000
2008-01-29 18:38:19,858, INFO, Commiting... 859, 1000
2008-01-29 18:38:20,062, INFO, Commiting... 860, 1000
2008-01-29 18:38:20,265, INFO, Commiting... 861, 1000
2008-01-29 18:38:20,467, INFO, Commiting... 862, 1000
2008-01-29 18:38:20,671, INFO, Commiting... 863, 1000
2008-01-29 18:38:20,875, INFO, Commiting... 864, 1000
2008-01-29 18:38:21,078, INFO, Commiting... 865, 1000
2008-01-29 18:38:21,280, INFO, Commiting... 866, 1000
2008-01-29 18:38:21,483, INFO, Commiting... 867, 1000
2008-01-29 18:38:21,687, INFO, Commiting... 868, 1000
2008-01-29 18:38:21,905, INFO, Commiting... 869, 1000
2008-01-29 18:38:22,108, INFO, Commiting... 870, 1000
2008-01-29 18:38:22,312, INFO, Commiting... 871, 1000
2008-01-29 18:38:22,515, INFO, Commiting... 872, 1000
2008-01-29 18:38:22,717, INFO, Commiting... 873, 1000
2008-01-29 18:38:22,921, INFO, Commiting... 874, 1000
2008-01-29 18:38:23,125, INFO, Commiting... 875, 1000
2008-01-29 18:38:23,328, INFO, Commiting... 876, 1000
2008-01-29 18:38:23,530, INFO, Commiting... 877, 1000
2008-01-29 18:38:23,733, INFO, Commiting... 878, 1000
2008-01-29 18:38:23,937, INFO, Commiting... 879, 1000
2008-01-29 18:38:24,140, INFO, Commiting... 880, 1000
2008-01-29 18:38:24,342, INFO, Commiting... 881, 1000
2008-01-29 18:38:24,546, INFO, Commiting... 882, 1000
2008-01-29 18:38:24,750, INFO, Commiting... 883, 1000
2008-01-29 18:38:24,953, INFO, Commiting... 884, 1000
2008-01-29 18:38:25,155, INFO, Commiting... 885, 1000
2008-01-29 18:38:25,358, INFO, Commiting... 886, 1000
2008-01-29 18:38:25,562, INFO, Commiting... 887, 1000
2008-01-29 18:38:25,765, INFO, Commiting... 888, 1000
2008-01-29 18:38:25,967, INFO, Commiting... 889, 1000
2008-01-29 18:38:26,171, INFO, Commiting... 890, 1000
2008-01-29 18:38:26,375, INFO, Commiting... 891, 1000
2008-01-29 18:38:26,578, INFO, Commiting... 892, 1000
2008-01-29 18:38:26,780, INFO, Commiting... 893, 1000
2008-01-29 18:38:27,000, INFO, Commiting... 894, 1000
2008-01-29 18:38:27,203, INFO, Commiting... 895, 1000
2008-01-29 18:38:27,390, INFO, Commiting... 896, 1000
2008-01-29 18:38:27,608, INFO, Commiting... 897, 1000
2008-01-29 18:38:27,812, INFO, Commiting... 898, 1000
2008-01-29 18:38:28,015, INFO, Commiting... 899, 1000
2008-01-29 18:38:28,233, INFO, Commiting... 900, 1000
2008-01-29 18:38:28,437, INFO, Commiting... 901, 1000
2008-01-29 18:38:28,640, INFO, Commiting... 902, 1000
2008-01-29 18:38:28,842, INFO, Commiting... 903, 1000
2008-01-29 18:38:29,046, INFO, Commiting... 904, 1000
2008-01-29 18:38:29,250, INFO, Commiting... 905, 1000
2008-01-29 18:38:29,453, INFO, Commiting... 906, 1000
2008-01-29 18:38:29,655, INFO, Commiting... 907, 1000
2008-01-29 18:38:29,858, INFO, Commiting... 908, 1000
2008-01-29 18:38:30,062, INFO, Commiting... 909, 1000
2008-01-29 18:38:30,265, INFO, Commiting... 910, 1000
2008-01-29 18:38:30,467, INFO, Commiting... 911, 1000
2008-01-29 18:38:30,671, INFO, Commiting... 912, 1000
2008-01-29 18:38:30,875, INFO, Commiting... 913, 1000
2008-01-29 18:38:31,078, INFO, Commiting... 914, 1000
2008-01-29 18:38:31,280, INFO, Commiting... 915, 1000
2008-01-29 18:38:31,483, INFO, Commiting... 916, 1000
2008-01-29 18:38:31,687, INFO, Commiting... 917, 1000
2008-01-29 18:38:31,890, INFO, Commiting... 918, 1000
2008-01-29 18:38:32,092, INFO, Commiting... 919, 1000
2008-01-29 18:38:32,296, INFO, Commiting... 920, 1000
2008-01-29 18:38:32,500, INFO, Commiting... 921, 1000
2008-01-29 18:38:32,703, INFO, Commiting... 922, 1000
2008-01-29 18:38:32,905, INFO, Commiting... 923, 1000
2008-01-29 18:38:33,108, INFO, Commiting... 924, 1000
2008-01-29 18:38:33,312, INFO, Commiting... 925, 1000
2008-01-29 18:38:33,515, INFO, Commiting... 926, 1000
2008-01-29 18:38:33,717, INFO, Commiting... 927, 1000
2008-01-29 18:38:33,921, INFO, Commiting... 928, 1000
2008-01-29 18:38:34,125, INFO, Commiting... 929, 1000
2008-01-29 18:38:34,328, INFO, Commiting... 930, 1000
2008-01-29 18:38:34,530, INFO, Commiting... 931, 1000
2008-01-29 18:38:34,733, INFO, Commiting... 932, 1000
2008-01-29 18:38:34,937, INFO, Commiting... 933, 1000
2008-01-29 18:38:35,140, INFO, Commiting... 934, 1000
2008-01-29 18:38:35,342, INFO, Commiting... 935, 1000
2008-01-29 18:38:35,562, INFO, Commiting... 936, 1000
2008-01-29 18:38:35,765, INFO, Commiting... 937, 1000
2008-01-29 18:38:35,967, INFO, Commiting... 938, 1000
2008-01-29 18:38:36,171, INFO, Commiting... 939, 1000
2008-01-29 18:38:36,375, INFO, Commiting... 940, 1000
2008-01-29 18:38:36,578, INFO, Commiting... 941, 1000
2008-01-29 18:38:36,780, INFO, Commiting... 942, 1000
2008-01-29 18:38:36,983, INFO, Commiting... 943, 1000
2008-01-29 18:38:37,187, INFO, Commiting... 944, 1000
2008-01-29 18:38:37,390, INFO, Commiting... 945, 1000
2008-01-29 18:38:37,592, INFO, Commiting... 946, 1000
2008-01-29 18:38:37,796, INFO, Commiting... 947, 1000
2008-01-29 18:38:38,000, INFO, Commiting... 948, 1000
2008-01-29 18:38:38,203, INFO, Commiting... 949, 1000
2008-01-29 18:38:38,421, INFO, Commiting... 950, 1000
2008-01-29 18:38:38,640, INFO, Commiting... 951, 1000
2008-01-29 18:38:38,858, INFO, Commiting... 952, 1000
2008-01-29 18:38:39,062, INFO, Commiting... 953, 1000
2008-01-29 18:38:39,265, INFO, Commiting... 954, 1000
2008-01-29 18:38:39,467, INFO, Commiting... 955, 1000
2008-01-29 18:38:39,671, INFO, Commiting... 956, 1000
2008-01-29 18:38:39,875, INFO, Commiting... 957, 1000
2008-01-29 18:38:40,078, INFO, Commiting... 958, 1000
2008-01-29 18:38:40,280, INFO, Commiting... 959, 1000
2008-01-29 18:38:40,483, INFO, Commiting... 960, 1000
2008-01-29 18:38:40,687, INFO, Commiting... 961, 1000
2008-01-29 18:38:40,890, INFO, Commiting... 962, 1000
2008-01-29 18:38:41,092, INFO, Commiting... 963, 1000
2008-01-29 18:38:41,312, INFO, Commiting... 964, 1000
2008-01-29 18:38:41,530, INFO, Commiting... 965, 1000
2008-01-29 18:38:41,750, INFO, Commiting... 966, 1000
2008-01-29 18:38:41,953, INFO, Commiting... 967, 1000
2008-01-29 18:38:42,155, INFO, Commiting... 968, 1000
2008-01-29 18:38:42,358, INFO, Commiting... 969, 1000
2008-01-29 18:38:42,562, INFO, Commiting... 970, 1000
2008-01-29 18:38:42,765, INFO, Commiting... 971, 1000
2008-01-29 18:38:42,967, INFO, Commiting... 972, 1000
2008-01-29 18:38:43,171, INFO, Commiting... 973, 1000
2008-01-29 18:38:43,390, INFO, Commiting... 974, 1000
2008-01-29 18:38:43,592, INFO, Commiting... 975, 1000
2008-01-29 18:38:43,796, INFO, Commiting... 976, 1000
2008-01-29 18:38:44,000, INFO, Commiting... 977, 1000
2008-01-29 18:38:44,203, INFO, Commiting... 978, 1000
2008-01-29 18:38:44,421, INFO, Commiting... 979, 1000
2008-01-29 18:38:44,625, INFO, Commiting... 980, 1000
2008-01-29 18:38:44,828, INFO, Commiting... 981, 1000
2008-01-29 18:38:45,030, INFO, Commiting... 982, 1000
2008-01-29 18:38:45,233, INFO, Commiting... 983, 1000
2008-01-29 18:38:45,437, INFO, Commiting... 984, 1000
2008-01-29 18:38:45,640, INFO, Commiting... 985, 1000
2008-01-29 18:38:45,828, INFO, Commiting... 986, 1000
2008-01-29 18:38:46,030, INFO, Commiting... 987, 1000
2008-01-29 18:38:46,233, INFO, Commiting... 988, 1000
2008-01-29 18:38:46,437, INFO, Commiting... 989, 1000
2008-01-29 18:38:46,640, INFO, Commiting... 990, 1000
2008-01-29 18:38:46,842, INFO, Commiting... 991, 1000
2008-01-29 18:38:47,046, INFO, Commiting... 992, 1000
2008-01-29 18:38:47,250, INFO, Commiting... 993, 1000
2008-01-29 18:38:47,453, INFO, Commiting... 994, 1000
2008-01-29 18:38:47,655, INFO, Commiting... 995, 1000
2008-01-29 18:38:47,858, INFO, Commiting... 996, 1000
2008-01-29 18:38:48,062, INFO, Commiting... 997, 1000
2008-01-29 18:38:48,265, INFO, Commiting... 998, 1000
2008-01-29 18:38:48,467, INFO, Commiting... 999, 1000
2008-01-29 18:38:48,671, INFO, Commiting... 1000, 1000
