2008-01-30 18:06:16,592, INFO, DB exists, dropping ...
2008-01-30 18:06:16,717, INFO, Creating DB ...
2008-01-30 18:06:16,733, INFO, Creating table ...
2008-01-30 18:06:16,733, DEBUG, CREATE TABLE largetable (_internal_id INT NOT NULL, col1 VARCHAR(100), col2 VARCHAR(100), col3 INT, col4 DATETIME, col5 VARCHAR(100), col6 VARCHAR(100), col7 VARCHAR(100), col8 VARCHAR(100)) ENGINE=MyISAM
2008-01-30 18:06:16,812, INFO, Start to load data ...
2008-01-30 18:06:16,812, DEBUG, abcdefghijklmnopqrstuvwxyzABCDEFGHIJKLMNOPQRSTUVWXYZ1234567890
2008-01-30 18:06:18,030, INFO, Commiting... 1, 1000
2008-01-30 18:06:19,140, INFO, Commiting... 2, 1000
2008-01-30 18:06:20,265, INFO, Commiting... 3, 1000
2008-01-30 18:06:21,375, INFO, Commiting... 4, 1000
2008-01-30 18:06:22,483, INFO, Commiting... 5, 1000
2008-01-30 18:06:23,578, INFO, Commiting... 6, 1000
2008-01-30 18:06:24,687, INFO, Commiting... 7, 1000
2008-01-30 18:06:25,796, INFO, Commiting... 8, 1000
2008-01-30 18:06:26,890, INFO, Commiting... 9, 1000
2008-01-30 18:06:28,015, INFO, Commiting... 10, 1000
2008-01-30 18:06:29,125, INFO, Commiting... 11, 1000
2008-01-30 18:06:30,233, INFO, Commiting... 12, 1000
2008-01-30 18:06:31,328, INFO, Commiting... 13, 1000
2008-01-30 18:06:32,453, INFO, Commiting... 14, 1000
2008-01-30 18:06:33,592, INFO, Commiting... 15, 1000
2008-01-30 18:06:34,703, INFO, Commiting... 16, 1000
2008-01-30 18:06:35,858, INFO, Commiting... 17, 1000
2008-01-30 18:06:36,983, INFO, Commiting... 18, 1000
2008-01-30 18:06:38,108, INFO, Commiting... 19, 1000
2008-01-30 18:06:39,217, INFO, Commiting... 20, 1000
2008-01-30 18:06:40,342, INFO, Commiting... 21, 1000
2008-01-30 18:06:41,467, INFO, Commiting... 22, 1000
2008-01-30 18:06:42,578, INFO, Commiting... 23, 1000
2008-01-30 18:06:43,703, INFO, Commiting... 24, 1000
2008-01-30 18:06:44,828, INFO, Commiting... 25, 1000
2008-01-30 18:06:45,953, INFO, Commiting... 26, 1000
2008-01-30 18:06:47,062, INFO, Commiting... 27, 1000
2008-01-30 18:06:48,187, INFO, Commiting... 28, 1000
2008-01-30 18:06:49,312, INFO, Commiting... 29, 1000
2008-01-30 18:06:50,421, INFO, Commiting... 30, 1000
2008-01-30 18:06:51,546, INFO, Commiting... 31, 1000
2008-01-30 18:06:52,671, INFO, Commiting... 32, 1000
2008-01-30 18:06:53,780, INFO, Commiting... 33, 1000
2008-01-30 18:06:54,921, INFO, Commiting... 34, 1000
2008-01-30 18:06:56,000, INFO, Commiting... 35, 1000
2008-01-30 18:06:57,125, INFO, Commiting... 36, 1000
2008-01-30 18:06:58,250, INFO, Commiting... 37, 1000
2008-01-30 18:06:59,375, INFO, Commiting... 38, 1000
2008-01-30 18:07:00,483, INFO, Commiting... 39, 1000
2008-01-30 18:07:01,608, INFO, Commiting... 40, 1000
2008-01-30 18:07:02,733, INFO, Commiting... 41, 1000
2008-01-30 18:07:03,842, INFO, Commiting... 42, 1000
2008-01-30 18:07:04,953, INFO, Commiting... 43, 1000
2008-01-30 18:07:06,062, INFO, Commiting... 44, 1000
2008-01-30 18:07:07,187, INFO, Commiting... 45, 1000
2008-01-30 18:07:08,280, INFO, Commiting... 46, 1000
2008-01-30 18:07:09,390, INFO, Commiting... 47, 1000
2008-01-30 18:07:10,483, INFO, Commiting... 48, 1000
2008-01-30 18:07:11,655, INFO, Commiting... 49, 1000
2008-01-30 18:07:12,750, INFO, Commiting... 50, 1000
2008-01-30 18:07:13,875, INFO, Commiting... 51, 1000
2008-01-30 18:07:15,000, INFO, Commiting... 52, 1000
2008-01-30 18:07:16,125, INFO, Commiting... 53, 1000
2008-01-30 18:07:17,233, INFO, Commiting... 54, 1000
2008-01-30 18:07:18,312, INFO, Commiting... 55, 1000
2008-01-30 18:07:19,421, INFO, Commiting... 56, 1000
2008-01-30 18:07:20,530, INFO, Commiting... 57, 1000
2008-01-30 18:07:21,655, INFO, Commiting... 58, 1000
2008-01-30 18:07:22,765, INFO, Commiting... 59, 1000
2008-01-30 18:07:23,875, INFO, Commiting... 60, 1000
2008-01-30 18:07:24,967, INFO, Commiting... 61, 1000
2008-01-30 18:07:26,078, INFO, Commiting... 62, 1000
2008-01-30 18:07:27,187, INFO, Commiting... 63, 1000
2008-01-30 18:07:28,296, INFO, Commiting... 64, 1000
2008-01-30 18:07:29,405, INFO, Commiting... 65, 1000
2008-01-30 18:07:30,530, INFO, Commiting... 66, 1000
2008-01-30 18:07:31,655, INFO, Commiting... 67, 1000
2008-01-30 18:07:32,750, INFO, Commiting... 68, 1000
2008-01-30 18:07:33,842, INFO, Commiting... 69, 1000
2008-01-30 18:07:34,937, INFO, Commiting... 70, 1000
2008-01-30 18:07:36,030, INFO, Commiting... 71, 1000
2008-01-30 18:07:37,140, INFO, Commiting... 72, 1000
2008-01-30 18:07:38,233, INFO, Commiting... 73, 1000
2008-01-30 18:07:39,342, INFO, Commiting... 74, 1000
2008-01-30 18:07:40,453, INFO, Commiting... 75, 1000
2008-01-30 18:07:41,546, INFO, Commiting... 76, 1000
2008-01-30 18:07:42,640, INFO, Commiting... 77, 1000
2008-01-30 18:07:43,750, INFO, Commiting... 78, 1000
2008-01-30 18:07:44,858, INFO, Commiting... 79, 1000
2008-01-30 18:07:45,983, INFO, Commiting... 80, 1000
2008-01-30 18:07:47,092, INFO, Commiting... 81, 1000
2008-01-30 18:07:48,217, INFO, Commiting... 82, 1000
2008-01-30 18:07:49,312, INFO, Commiting... 83, 1000
2008-01-30 18:07:50,421, INFO, Commiting... 84, 1000
2008-01-30 18:07:51,530, INFO, Commiting... 85, 1000
2008-01-30 18:07:52,640, INFO, Commiting... 86, 1000
2008-01-30 18:07:53,733, INFO, Commiting... 87, 1000
2008-01-30 18:07:54,858, INFO, Commiting... 88, 1000
2008-01-30 18:07:55,967, INFO, Commiting... 89, 1000
2008-01-30 18:07:57,078, INFO, Commiting... 90, 1000
2008-01-30 18:07:58,187, INFO, Commiting... 91, 1000
2008-01-30 18:07:59,312, INFO, Commiting... 92, 1000
2008-01-30 18:08:00,437, INFO, Commiting... 93, 1000
2008-01-30 18:08:01,562, INFO, Commiting... 94, 1000
2008-01-30 18:08:02,671, INFO, Commiting... 95, 1000
2008-01-30 18:08:03,796, INFO, Commiting... 96, 1000
2008-01-30 18:08:04,921, INFO, Commiting... 97, 1000
2008-01-30 18:08:06,030, INFO, Commiting... 98, 1000
2008-01-30 18:08:07,140, INFO, Commiting... 99, 1000
2008-01-30 18:08:08,265, INFO, Commiting... 100, 1000
2008-01-30 18:08:09,375, INFO, Commiting... 101, 1000
2008-01-30 18:08:10,483, INFO, Commiting... 102, 1000
2008-01-30 18:08:11,578, INFO, Commiting... 103, 1000
2008-01-30 18:08:12,703, INFO, Commiting... 104, 1000
2008-01-30 18:08:13,828, INFO, Commiting... 105, 1000
2008-01-30 18:08:14,937, INFO, Commiting... 106, 1000
2008-01-30 18:08:16,078, INFO, Commiting... 107, 1000
2008-01-30 18:08:17,217, INFO, Commiting... 108, 1000
2008-01-30 18:08:18,328, INFO, Commiting... 109, 1000
2008-01-30 18:08:19,453, INFO, Commiting... 110, 1000
2008-01-30 18:08:20,592, INFO, Commiting... 111, 1000
2008-01-30 18:08:21,717, INFO, Commiting... 112, 1000
2008-01-30 18:08:22,842, INFO, Commiting... 113, 1000
2008-01-30 18:08:23,953, INFO, Commiting... 114, 1000
2008-01-30 18:08:25,062, INFO, Commiting... 115, 1000
2008-01-30 18:08:26,187, INFO, Commiting... 116, 1000
2008-01-30 18:08:27,296, INFO, Commiting... 117, 1000
2008-01-30 18:08:28,405, INFO, Commiting... 118, 1000
2008-01-30 18:08:29,515, INFO, Commiting... 119, 1000
2008-01-30 18:08:30,625, INFO, Commiting... 120, 1000
2008-01-30 18:08:31,750, INFO, Commiting... 121, 1000
2008-01-30 18:08:32,875, INFO, Commiting... 122, 1000
2008-01-30 18:08:33,967, INFO, Commiting... 123, 1000
2008-01-30 18:08:35,078, INFO, Commiting... 124, 1000
2008-01-30 18:08:36,203, INFO, Commiting... 125, 1000
2008-01-30 18:08:37,312, INFO, Commiting... 126, 1000
2008-01-30 18:08:38,437, INFO, Commiting... 127, 1000
2008-01-30 18:08:39,546, INFO, Commiting... 128, 1000
2008-01-30 18:08:40,655, INFO, Commiting... 129, 1000
2008-01-30 18:08:41,780, INFO, Commiting... 130, 1000
2008-01-30 18:08:42,890, INFO, Commiting... 131, 1000
2008-01-30 18:08:43,983, INFO, Commiting... 132, 1000
2008-01-30 18:08:45,108, INFO, Commiting... 133, 1000
2008-01-30 18:08:46,217, INFO, Commiting... 134, 1000
2008-01-30 18:08:47,342, INFO, Commiting... 135, 1000
2008-01-30 18:08:48,453, INFO, Commiting... 136, 1000
2008-01-30 18:08:49,562, INFO, Commiting... 137, 1000
2008-01-30 18:08:50,687, INFO, Commiting... 138, 1000
2008-01-30 18:08:51,780, INFO, Commiting... 139, 1000
2008-01-30 18:08:52,905, INFO, Commiting... 140, 1000
2008-01-30 18:08:54,046, INFO, Commiting... 141, 1000
2008-01-30 18:08:55,171, INFO, Commiting... 142, 1000
2008-01-30 18:08:56,280, INFO, Commiting... 143, 1000
2008-01-30 18:08:57,390, INFO, Commiting... 144, 1000
2008-01-30 18:08:58,500, INFO, Commiting... 145, 1000
2008-01-30 18:08:59,592, INFO, Commiting... 146, 1000
2008-01-30 18:09:00,717, INFO, Commiting... 147, 1000
2008-01-30 18:09:01,828, INFO, Commiting... 148, 1000
2008-01-30 18:09:02,937, INFO, Commiting... 149, 1000
2008-01-30 18:09:04,078, INFO, Commiting... 150, 1000
2008-01-30 18:09:05,187, INFO, Commiting... 151, 1000
2008-01-30 18:09:06,312, INFO, Commiting... 152, 1000
2008-01-30 18:09:07,437, INFO, Commiting... 153, 1000
2008-01-30 18:09:08,546, INFO, Commiting... 154, 1000
2008-01-30 18:09:09,671, INFO, Commiting... 155, 1000
2008-01-30 18:09:10,765, INFO, Commiting... 156, 1000
2008-01-30 18:09:11,875, INFO, Commiting... 157, 1000
2008-01-30 18:09:12,983, INFO, Commiting... 158, 1000
2008-01-30 18:09:14,078, INFO, Commiting... 159, 1000
2008-01-30 18:09:15,187, INFO, Commiting... 160, 1000
2008-01-30 18:09:16,328, INFO, Commiting... 161, 1000
2008-01-30 18:09:17,437, INFO, Commiting... 162, 1000
2008-01-30 18:09:18,546, INFO, Commiting... 163, 1000
2008-01-30 18:09:19,671, INFO, Commiting... 164, 1000
2008-01-30 18:09:20,780, INFO, Commiting... 165, 1000
2008-01-30 18:09:21,937, INFO, Commiting... 166, 1000
2008-01-30 18:09:23,062, INFO, Commiting... 167, 1000
2008-01-30 18:09:24,203, INFO, Commiting... 168, 1000
2008-01-30 18:09:25,342, INFO, Commiting... 169, 1000
2008-01-30 18:09:26,483, INFO, Commiting... 170, 1000
2008-01-30 18:09:27,608, INFO, Commiting... 171, 1000
2008-01-30 18:09:28,717, INFO, Commiting... 172, 1000
2008-01-30 18:09:29,812, INFO, Commiting... 173, 1000
2008-01-30 18:09:30,921, INFO, Commiting... 174, 1000
2008-01-30 18:09:32,030, INFO, Commiting... 175, 1000
2008-01-30 18:09:33,140, INFO, Commiting... 176, 1000
2008-01-30 18:09:34,265, INFO, Commiting... 177, 1000
2008-01-30 18:09:35,390, INFO, Commiting... 178, 1000
2008-01-30 18:09:36,500, INFO, Commiting... 179, 1000
2008-01-30 18:09:37,625, INFO, Commiting... 180, 1000
2008-01-30 18:09:38,733, INFO, Commiting... 181, 1000
2008-01-30 18:09:39,858, INFO, Commiting... 182, 1000
2008-01-30 18:09:40,967, INFO, Commiting... 183, 1000
2008-01-30 18:09:42,092, INFO, Commiting... 184, 1000
2008-01-30 18:09:43,217, INFO, Commiting... 185, 1000
2008-01-30 18:09:44,328, INFO, Commiting... 186, 1000
2008-01-30 18:09:45,437, INFO, Commiting... 187, 1000
2008-01-30 18:09:46,546, INFO, Commiting... 188, 1000
2008-01-30 18:09:47,671, INFO, Commiting... 189, 1000
2008-01-30 18:09:48,765, INFO, Commiting... 190, 1000
2008-01-30 18:09:49,875, INFO, Commiting... 191, 1000
2008-01-30 18:09:51,000, INFO, Commiting... 192, 1000
2008-01-30 18:09:52,125, INFO, Commiting... 193, 1000
2008-01-30 18:09:53,250, INFO, Commiting... 194, 1000
2008-01-30 18:09:54,375, INFO, Commiting... 195, 1000
2008-01-30 18:09:55,500, INFO, Commiting... 196, 1000
2008-01-30 18:09:56,625, INFO, Commiting... 197, 1000
2008-01-30 18:09:57,733, INFO, Commiting... 198, 1000
2008-01-30 18:09:58,842, INFO, Commiting... 199, 1000
2008-01-30 18:09:59,967, INFO, Commiting... 200, 1000
2008-01-30 18:10:01,062, INFO, Commiting... 201, 1000
2008-01-30 18:10:02,171, INFO, Commiting... 202, 1000
2008-01-30 18:10:03,280, INFO, Commiting... 203, 1000
2008-01-30 18:10:04,390, INFO, Commiting... 204, 1000
2008-01-30 18:10:05,483, INFO, Commiting... 205, 1000
2008-01-30 18:10:06,608, INFO, Commiting... 206, 1000
2008-01-30 18:10:07,703, INFO, Commiting... 207, 1000
2008-01-30 18:10:08,796, INFO, Commiting... 208, 1000
2008-01-30 18:10:09,890, INFO, Commiting... 209, 1000
2008-01-30 18:10:11,000, INFO, Commiting... 210, 1000
2008-01-30 18:10:12,125, INFO, Commiting... 211, 1000
2008-01-30 18:10:13,233, INFO, Commiting... 212, 1000
2008-01-30 18:10:14,342, INFO, Commiting... 213, 1000
2008-01-30 18:10:15,453, INFO, Commiting... 214, 1000
2008-01-30 18:10:16,578, INFO, Commiting... 215, 1000
2008-01-30 18:10:17,703, INFO, Commiting... 216, 1000
2008-01-30 18:10:18,812, INFO, Commiting... 217, 1000
2008-01-30 18:10:19,905, INFO, Commiting... 218, 1000
2008-01-30 18:10:21,000, INFO, Commiting... 219, 1000
2008-01-30 18:10:22,108, INFO, Commiting... 220, 1000
2008-01-30 18:10:23,217, INFO, Commiting... 221, 1000
2008-01-30 18:10:24,328, INFO, Commiting... 222, 1000
2008-01-30 18:10:25,453, INFO, Commiting... 223, 1000
2008-01-30 18:10:26,592, INFO, Commiting... 224, 1000
2008-01-30 18:10:27,703, INFO, Commiting... 225, 1000
2008-01-30 18:10:28,796, INFO, Commiting... 226, 1000
2008-01-30 18:10:29,953, INFO, Commiting... 227, 1000
2008-01-30 18:10:31,062, INFO, Commiting... 228, 1000
2008-01-30 18:10:32,203, INFO, Commiting... 229, 1000
2008-01-30 18:10:33,312, INFO, Commiting... 230, 1000
2008-01-30 18:10:34,421, INFO, Commiting... 231, 1000
2008-01-30 18:10:35,515, INFO, Commiting... 232, 1000
2008-01-30 18:10:36,608, INFO, Commiting... 233, 1000
2008-01-30 18:10:37,733, INFO, Commiting... 234, 1000
2008-01-30 18:10:38,828, INFO, Commiting... 235, 1000
2008-01-30 18:10:39,921, INFO, Commiting... 236, 1000
2008-01-30 18:10:41,030, INFO, Commiting... 237, 1000
2008-01-30 18:10:42,155, INFO, Commiting... 238, 1000
2008-01-30 18:10:43,265, INFO, Commiting... 239, 1000
2008-01-30 18:10:44,375, INFO, Commiting... 240, 1000
2008-01-30 18:10:45,483, INFO, Commiting... 241, 1000
2008-01-30 18:10:46,592, INFO, Commiting... 242, 1000
2008-01-30 18:10:47,717, INFO, Commiting... 243, 1000
2008-01-30 18:10:48,828, INFO, Commiting... 244, 1000
2008-01-30 18:10:49,953, INFO, Commiting... 245, 1000
2008-01-30 18:10:51,062, INFO, Commiting... 246, 1000
2008-01-30 18:10:52,171, INFO, Commiting... 247, 1000
2008-01-30 18:10:53,250, INFO, Commiting... 248, 1000
2008-01-30 18:10:54,375, INFO, Commiting... 249, 1000
2008-01-30 18:10:55,500, INFO, Commiting... 250, 1000
2008-01-30 18:10:56,625, INFO, Commiting... 251, 1000
2008-01-30 18:10:57,750, INFO, Commiting... 252, 1000
2008-01-30 18:10:58,858, INFO, Commiting... 253, 1000
2008-01-30 18:10:59,983, INFO, Commiting... 254, 1000
2008-01-30 18:11:01,108, INFO, Commiting... 255, 1000
2008-01-30 18:11:02,233, INFO, Commiting... 256, 1000
2008-01-30 18:11:03,342, INFO, Commiting... 257, 1000
2008-01-30 18:11:04,483, INFO, Commiting... 258, 1000
2008-01-30 18:11:05,608, INFO, Commiting... 259, 1000
2008-01-30 18:11:06,717, INFO, Commiting... 260, 1000
2008-01-30 18:11:07,812, INFO, Commiting... 261, 1000
2008-01-30 18:11:08,905, INFO, Commiting... 262, 1000
2008-01-30 18:11:10,030, INFO, Commiting... 263, 1000
2008-01-30 18:11:11,140, INFO, Commiting... 264, 1000
2008-01-30 18:11:12,233, INFO, Commiting... 265, 1000
2008-01-30 18:11:13,328, INFO, Commiting... 266, 1000
2008-01-30 18:11:14,453, INFO, Commiting... 267, 1000
2008-01-30 18:11:15,562, INFO, Commiting... 268, 1000
2008-01-30 18:11:16,655, INFO, Commiting... 269, 1000
2008-01-30 18:11:17,780, INFO, Commiting... 270, 1000
2008-01-30 18:11:18,905, INFO, Commiting... 271, 1000
2008-01-30 18:11:20,030, INFO, Commiting... 272, 1000
2008-01-30 18:11:21,140, INFO, Commiting... 273, 1000
2008-01-30 18:11:22,265, INFO, Commiting... 274, 1000
2008-01-30 18:11:23,390, INFO, Commiting... 275, 1000
2008-01-30 18:11:24,515, INFO, Commiting... 276, 1000
2008-01-30 18:11:25,640, INFO, Commiting... 277, 1000
2008-01-30 18:11:26,765, INFO, Commiting... 278, 1000
2008-01-30 18:11:27,875, INFO, Commiting... 279, 1000
2008-01-30 18:11:29,015, INFO, Commiting... 280, 1000
2008-01-30 18:11:30,125, INFO, Commiting... 281, 1000
2008-01-30 18:11:31,265, INFO, Commiting... 282, 1000
2008-01-30 18:11:32,421, INFO, Commiting... 283, 1000
2008-01-30 18:11:33,562, INFO, Commiting... 284, 1000
2008-01-30 18:11:34,717, INFO, Commiting... 285, 1000
2008-01-30 18:11:35,842, INFO, Commiting... 286, 1000
2008-01-30 18:11:36,983, INFO, Commiting... 287, 1000
2008-01-30 18:11:38,108, INFO, Commiting... 288, 1000
2008-01-30 18:11:39,233, INFO, Commiting... 289, 1000
2008-01-30 18:11:40,358, INFO, Commiting... 290, 1000
2008-01-30 18:11:41,483, INFO, Commiting... 291, 1000
2008-01-30 18:11:42,592, INFO, Commiting... 292, 1000
2008-01-30 18:11:43,717, INFO, Commiting... 293, 1000
2008-01-30 18:11:44,842, INFO, Commiting... 294, 1000
2008-01-30 18:11:45,967, INFO, Commiting... 295, 1000
2008-01-30 18:11:47,092, INFO, Commiting... 296, 1000
2008-01-30 18:11:48,203, INFO, Commiting... 297, 1000
2008-01-30 18:11:49,328, INFO, Commiting... 298, 1000
2008-01-30 18:11:50,453, INFO, Commiting... 299, 1000
2008-01-30 18:11:51,578, INFO, Commiting... 300, 1000
2008-01-30 18:11:52,703, INFO, Commiting... 301, 1000
2008-01-30 18:11:53,828, INFO, Commiting... 302, 1000
2008-01-30 18:11:54,953, INFO, Commiting... 303, 1000
2008-01-30 18:11:56,092, INFO, Commiting... 304, 1000
2008-01-30 18:11:57,203, INFO, Commiting... 305, 1000
2008-01-30 18:11:58,328, INFO, Commiting... 306, 1000
2008-01-30 18:11:59,453, INFO, Commiting... 307, 1000
2008-01-30 18:12:00,562, INFO, Commiting... 308, 1000
2008-01-30 18:12:01,687, INFO, Commiting... 309, 1000
2008-01-30 18:12:02,796, INFO, Commiting... 310, 1000
2008-01-30 18:12:03,921, INFO, Commiting... 311, 1000
2008-01-30 18:12:05,030, INFO, Commiting... 312, 1000
2008-01-30 18:12:06,140, INFO, Commiting... 313, 1000
2008-01-30 18:12:07,265, INFO, Commiting... 314, 1000
2008-01-30 18:12:08,390, INFO, Commiting... 315, 1000
2008-01-30 18:12:09,500, INFO, Commiting... 316, 1000
2008-01-30 18:12:10,608, INFO, Commiting... 317, 1000
2008-01-30 18:12:11,733, INFO, Commiting... 318, 1000
2008-01-30 18:12:12,842, INFO, Commiting... 319, 1000
2008-01-30 18:12:13,953, INFO, Commiting... 320, 1000
2008-01-30 18:12:15,078, INFO, Commiting... 321, 1000
2008-01-30 18:12:16,187, INFO, Commiting... 322, 1000
2008-01-30 18:12:17,280, INFO, Commiting... 323, 1000
2008-01-30 18:12:18,375, INFO, Commiting... 324, 1000
2008-01-30 18:12:19,467, INFO, Commiting... 325, 1000
2008-01-30 18:12:20,592, INFO, Commiting... 326, 1000
2008-01-30 18:12:21,687, INFO, Commiting... 327, 1000
2008-01-30 18:12:22,796, INFO, Commiting... 328, 1000
2008-01-30 18:12:23,905, INFO, Commiting... 329, 1000
2008-01-30 18:12:25,015, INFO, Commiting... 330, 1000
2008-01-30 18:12:26,125, INFO, Commiting... 331, 1000
2008-01-30 18:12:27,233, INFO, Commiting... 332, 1000
2008-01-30 18:12:28,342, INFO, Commiting... 333, 1000
2008-01-30 18:12:29,453, INFO, Commiting... 334, 1000
2008-01-30 18:12:30,546, INFO, Commiting... 335, 1000
2008-01-30 18:12:31,640, INFO, Commiting... 336, 1000
2008-01-30 18:12:32,765, INFO, Commiting... 337, 1000
2008-01-30 18:12:33,875, INFO, Commiting... 338, 1000
2008-01-30 18:12:34,983, INFO, Commiting... 339, 1000
2008-01-30 18:12:36,108, INFO, Commiting... 340, 1000
2008-01-30 18:12:37,265, INFO, Commiting... 341, 1000
2008-01-30 18:12:38,358, INFO, Commiting... 342, 1000
2008-01-30 18:12:39,500, INFO, Commiting... 343, 1000
2008-01-30 18:12:40,640, INFO, Commiting... 344, 1000
2008-01-30 18:12:41,765, INFO, Commiting... 345, 1000
2008-01-30 18:12:42,875, INFO, Commiting... 346, 1000
2008-01-30 18:12:44,000, INFO, Commiting... 347, 1000
2008-01-30 18:12:45,108, INFO, Commiting... 348, 1000
2008-01-30 18:12:46,203, INFO, Commiting... 349, 1000
2008-01-30 18:12:47,312, INFO, Commiting... 350, 1000
2008-01-30 18:12:48,437, INFO, Commiting... 351, 1000
2008-01-30 18:12:49,530, INFO, Commiting... 352, 1000
2008-01-30 18:12:50,655, INFO, Commiting... 353, 1000
2008-01-30 18:12:51,780, INFO, Commiting... 354, 1000
2008-01-30 18:12:52,890, INFO, Commiting... 355, 1000
2008-01-30 18:12:54,000, INFO, Commiting... 356, 1000
2008-01-30 18:12:55,125, INFO, Commiting... 357, 1000
2008-01-30 18:12:56,250, INFO, Commiting... 358, 1000
2008-01-30 18:12:57,358, INFO, Commiting... 359, 1000
2008-01-30 18:12:58,437, INFO, Commiting... 360, 1000
2008-01-30 18:12:59,546, INFO, Commiting... 361, 1000
2008-01-30 18:13:00,655, INFO, Commiting... 362, 1000
2008-01-30 18:13:01,765, INFO, Commiting... 363, 1000
2008-01-30 18:13:02,858, INFO, Commiting... 364, 1000
2008-01-30 18:13:03,983, INFO, Commiting... 365, 1000
2008-01-30 18:13:05,108, INFO, Commiting... 366, 1000
2008-01-30 18:13:06,233, INFO, Commiting... 367, 1000
2008-01-30 18:13:07,342, INFO, Commiting... 368, 1000
2008-01-30 18:13:08,467, INFO, Commiting... 369, 1000
2008-01-30 18:13:09,592, INFO, Commiting... 370, 1000
2008-01-30 18:13:10,717, INFO, Commiting... 371, 1000
2008-01-30 18:13:11,842, INFO, Commiting... 372, 1000
2008-01-30 18:13:12,953, INFO, Commiting... 373, 1000
2008-01-30 18:13:14,078, INFO, Commiting... 374, 1000
2008-01-30 18:13:15,203, INFO, Commiting... 375, 1000
2008-01-30 18:13:16,328, INFO, Commiting... 376, 1000
2008-01-30 18:13:17,453, INFO, Commiting... 377, 1000
2008-01-30 18:13:18,562, INFO, Commiting... 378, 1000
2008-01-30 18:13:19,687, INFO, Commiting... 379, 1000
2008-01-30 18:13:20,812, INFO, Commiting... 380, 1000
2008-01-30 18:13:21,937, INFO, Commiting... 381, 1000
2008-01-30 18:13:23,062, INFO, Commiting... 382, 1000
2008-01-30 18:13:24,171, INFO, Commiting... 383, 1000
2008-01-30 18:13:25,296, INFO, Commiting... 384, 1000
2008-01-30 18:13:26,421, INFO, Commiting... 385, 1000
2008-01-30 18:13:27,546, INFO, Commiting... 386, 1000
2008-01-30 18:13:28,671, INFO, Commiting... 387, 1000
2008-01-30 18:13:29,780, INFO, Commiting... 388, 1000
2008-01-30 18:13:30,905, INFO, Commiting... 389, 1000
2008-01-30 18:13:32,030, INFO, Commiting... 390, 1000
2008-01-30 18:13:33,155, INFO, Commiting... 391, 1000
2008-01-30 18:13:34,280, INFO, Commiting... 392, 1000
2008-01-30 18:13:35,390, INFO, Commiting... 393, 1000
2008-01-30 18:13:36,515, INFO, Commiting... 394, 1000
2008-01-30 18:13:37,640, INFO, Commiting... 395, 1000
2008-01-30 18:13:38,765, INFO, Commiting... 396, 1000
2008-01-30 18:13:39,875, INFO, Commiting... 397, 1000
2008-01-30 18:13:41,000, INFO, Commiting... 398, 1000
2008-01-30 18:13:42,171, INFO, Commiting... 399, 1000
2008-01-30 18:13:43,296, INFO, Commiting... 400, 1000
2008-01-30 18:13:44,437, INFO, Commiting... 401, 1000
2008-01-30 18:13:45,592, INFO, Commiting... 402, 1000
2008-01-30 18:13:46,717, INFO, Commiting... 403, 1000
2008-01-30 18:13:47,858, INFO, Commiting... 404, 1000
2008-01-30 18:13:48,967, INFO, Commiting... 405, 1000
2008-01-30 18:13:50,092, INFO, Commiting... 406, 1000
2008-01-30 18:13:51,217, INFO, Commiting... 407, 1000
2008-01-30 18:13:52,342, INFO, Commiting... 408, 1000
2008-01-30 18:13:53,453, INFO, Commiting... 409, 1000
2008-01-30 18:13:54,592, INFO, Commiting... 410, 1000
2008-01-30 18:13:55,687, INFO, Commiting... 411, 1000
2008-01-30 18:13:56,812, INFO, Commiting... 412, 1000
2008-01-30 18:13:57,921, INFO, Commiting... 413, 1000
2008-01-30 18:13:59,046, INFO, Commiting... 414, 1000
2008-01-30 18:14:00,155, INFO, Commiting... 415, 1000
2008-01-30 18:14:01,265, INFO, Commiting... 416, 1000
2008-01-30 18:14:02,358, INFO, Commiting... 417, 1000
2008-01-30 18:14:03,467, INFO, Commiting... 418, 1000
2008-01-30 18:14:04,608, INFO, Commiting... 419, 1000
2008-01-30 18:14:05,733, INFO, Commiting... 420, 1000
2008-01-30 18:14:06,858, INFO, Commiting... 421, 1000
2008-01-30 18:14:07,983, INFO, Commiting... 422, 1000
2008-01-30 18:14:09,108, INFO, Commiting... 423, 1000
2008-01-30 18:14:10,217, INFO, Commiting... 424, 1000
2008-01-30 18:14:11,342, INFO, Commiting... 425, 1000
2008-01-30 18:14:12,467, INFO, Commiting... 426, 1000
2008-01-30 18:14:13,592, INFO, Commiting... 427, 1000
2008-01-30 18:14:14,717, INFO, Commiting... 428, 1000
2008-01-30 18:14:15,828, INFO, Commiting... 429, 1000
2008-01-30 18:14:16,953, INFO, Commiting... 430, 1000
2008-01-30 18:14:18,078, INFO, Commiting... 431, 1000
2008-01-30 18:14:19,203, INFO, Commiting... 432, 1000
2008-01-30 18:14:20,328, INFO, Commiting... 433, 1000
2008-01-30 18:14:21,437, INFO, Commiting... 434, 1000
2008-01-30 18:14:22,562, INFO, Commiting... 435, 1000
2008-01-30 18:14:23,687, INFO, Commiting... 436, 1000
2008-01-30 18:14:24,812, INFO, Commiting... 437, 1000
2008-01-30 18:14:25,921, INFO, Commiting... 438, 1000
2008-01-30 18:14:27,046, INFO, Commiting... 439, 1000
2008-01-30 18:14:28,171, INFO, Commiting... 440, 1000
2008-01-30 18:14:29,296, INFO, Commiting... 441, 1000
2008-01-30 18:14:30,421, INFO, Commiting... 442, 1000
2008-01-30 18:14:31,530, INFO, Commiting... 443, 1000
2008-01-30 18:14:32,655, INFO, Commiting... 444, 1000
2008-01-30 18:14:33,780, INFO, Commiting... 445, 1000
2008-01-30 18:14:34,905, INFO, Commiting... 446, 1000
2008-01-30 18:14:36,015, INFO, Commiting... 447, 1000
2008-01-30 18:14:37,140, INFO, Commiting... 448, 1000
2008-01-30 18:14:38,265, INFO, Commiting... 449, 1000
2008-01-30 18:14:39,390, INFO, Commiting... 450, 1000
2008-01-30 18:14:40,500, INFO, Commiting... 451, 1000
2008-01-30 18:14:41,625, INFO, Commiting... 452, 1000
2008-01-30 18:14:42,750, INFO, Commiting... 453, 1000
2008-01-30 18:14:43,875, INFO, Commiting... 454, 1000
2008-01-30 18:14:45,000, INFO, Commiting... 455, 1000
2008-01-30 18:14:46,140, INFO, Commiting... 456, 1000
2008-01-30 18:14:47,296, INFO, Commiting... 457, 1000
2008-01-30 18:14:48,421, INFO, Commiting... 458, 1000
2008-01-30 18:14:49,578, INFO, Commiting... 459, 1000
2008-01-30 18:14:50,750, INFO, Commiting... 460, 1000
2008-01-30 18:14:51,875, INFO, Commiting... 461, 1000
2008-01-30 18:14:53,030, INFO, Commiting... 462, 1000
2008-01-30 18:14:54,187, INFO, Commiting... 463, 1000
2008-01-30 18:14:55,296, INFO, Commiting... 464, 1000
2008-01-30 18:14:56,437, INFO, Commiting... 465, 1000
2008-01-30 18:14:57,562, INFO, Commiting... 466, 1000
2008-01-30 18:14:58,671, INFO, Commiting... 467, 1000
2008-01-30 18:14:59,812, INFO, Commiting... 468, 1000
2008-01-30 18:15:00,921, INFO, Commiting... 469, 1000
2008-01-30 18:15:02,030, INFO, Commiting... 470, 1000
2008-01-30 18:15:03,140, INFO, Commiting... 471, 1000
2008-01-30 18:15:04,265, INFO, Commiting... 472, 1000
2008-01-30 18:15:05,375, INFO, Commiting... 473, 1000
2008-01-30 18:15:06,483, INFO, Commiting... 474, 1000
2008-01-30 18:15:07,592, INFO, Commiting... 475, 1000
2008-01-30 18:15:08,717, INFO, Commiting... 476, 1000
2008-01-30 18:15:09,828, INFO, Commiting... 477, 1000
2008-01-30 18:15:10,953, INFO, Commiting... 478, 1000
2008-01-30 18:15:12,030, INFO, Commiting... 479, 1000
2008-01-30 18:15:13,140, INFO, Commiting... 480, 1000
2008-01-30 18:15:14,250, INFO, Commiting... 481, 1000
2008-01-30 18:15:15,358, INFO, Commiting... 482, 1000
2008-01-30 18:15:16,483, INFO, Commiting... 483, 1000
2008-01-30 18:15:17,608, INFO, Commiting... 484, 1000
2008-01-30 18:15:18,717, INFO, Commiting... 485, 1000
2008-01-30 18:15:19,842, INFO, Commiting... 486, 1000
2008-01-30 18:15:20,953, INFO, Commiting... 487, 1000
2008-01-30 18:15:22,062, INFO, Commiting... 488, 1000
2008-01-30 18:15:23,171, INFO, Commiting... 489, 1000
2008-01-30 18:15:24,280, INFO, Commiting... 490, 1000
2008-01-30 18:15:25,390, INFO, Commiting... 491, 1000
2008-01-30 18:15:26,515, INFO, Commiting... 492, 1000
2008-01-30 18:15:27,625, INFO, Commiting... 493, 1000
2008-01-30 18:15:28,733, INFO, Commiting... 494, 1000
2008-01-30 18:15:29,828, INFO, Commiting... 495, 1000
2008-01-30 18:15:30,921, INFO, Commiting... 496, 1000
2008-01-30 18:15:32,046, INFO, Commiting... 497, 1000
2008-01-30 18:15:33,155, INFO, Commiting... 498, 1000
2008-01-30 18:15:34,250, INFO, Commiting... 499, 1000
2008-01-30 18:15:35,358, INFO, Commiting... 500, 1000
2008-01-30 18:15:36,483, INFO, Commiting... 501, 1000
2008-01-30 18:15:37,608, INFO, Commiting... 502, 1000
2008-01-30 18:15:38,703, INFO, Commiting... 503, 1000
2008-01-30 18:15:39,828, INFO, Commiting... 504, 1000
2008-01-30 18:15:40,937, INFO, Commiting... 505, 1000
2008-01-30 18:15:42,046, INFO, Commiting... 506, 1000
2008-01-30 18:15:43,140, INFO, Commiting... 507, 1000
2008-01-30 18:15:44,233, INFO, Commiting... 508, 1000
2008-01-30 18:15:45,342, INFO, Commiting... 509, 1000
2008-01-30 18:15:46,453, INFO, Commiting... 510, 1000
2008-01-30 18:15:47,562, INFO, Commiting... 511, 1000
2008-01-30 18:15:48,671, INFO, Commiting... 512, 1000
2008-01-30 18:15:49,796, INFO, Commiting... 513, 1000
2008-01-30 18:15:50,905, INFO, Commiting... 514, 1000
2008-01-30 18:15:52,046, INFO, Commiting... 515, 1000
2008-01-30 18:15:53,155, INFO, Commiting... 516, 1000
2008-01-30 18:15:54,265, INFO, Commiting... 517, 1000
2008-01-30 18:15:55,437, INFO, Commiting... 518, 1000
2008-01-30 18:15:56,578, INFO, Commiting... 519, 1000
2008-01-30 18:15:57,703, INFO, Commiting... 520, 1000
2008-01-30 18:15:58,812, INFO, Commiting... 521, 1000
2008-01-30 18:15:59,921, INFO, Commiting... 522, 1000
2008-01-30 18:16:01,015, INFO, Commiting... 523, 1000
2008-01-30 18:16:02,108, INFO, Commiting... 524, 1000
2008-01-30 18:16:03,203, INFO, Commiting... 525, 1000
2008-01-30 18:16:04,328, INFO, Commiting... 526, 1000
2008-01-30 18:16:05,453, INFO, Commiting... 527, 1000
2008-01-30 18:16:06,578, INFO, Commiting... 528, 1000
2008-01-30 18:16:07,703, INFO, Commiting... 529, 1000
2008-01-30 18:16:08,828, INFO, Commiting... 530, 1000
2008-01-30 18:16:09,953, INFO, Commiting... 531, 1000
2008-01-30 18:16:11,078, INFO, Commiting... 532, 1000
2008-01-30 18:16:12,187, INFO, Commiting... 533, 1000
2008-01-30 18:16:13,312, INFO, Commiting... 534, 1000
2008-01-30 18:16:14,437, INFO, Commiting... 535, 1000
2008-01-30 18:16:15,562, INFO, Commiting... 536, 1000
2008-01-30 18:16:16,687, INFO, Commiting... 537, 1000
2008-01-30 18:16:17,812, INFO, Commiting... 538, 1000
2008-01-30 18:16:18,921, INFO, Commiting... 539, 1000
2008-01-30 18:16:20,046, INFO, Commiting... 540, 1000
2008-01-30 18:16:21,171, INFO, Commiting... 541, 1000
2008-01-30 18:16:22,296, INFO, Commiting... 542, 1000
2008-01-30 18:16:23,405, INFO, Commiting... 543, 1000
2008-01-30 18:16:24,530, INFO, Commiting... 544, 1000
2008-01-30 18:16:25,655, INFO, Commiting... 545, 1000
2008-01-30 18:16:26,780, INFO, Commiting... 546, 1000
2008-01-30 18:16:27,905, INFO, Commiting... 547, 1000
2008-01-30 18:16:29,030, INFO, Commiting... 548, 1000
2008-01-30 18:16:30,140, INFO, Commiting... 549, 1000
2008-01-30 18:16:31,265, INFO, Commiting... 550, 1000
2008-01-30 18:16:32,390, INFO, Commiting... 551, 1000
2008-01-30 18:16:33,515, INFO, Commiting... 552, 1000
2008-01-30 18:16:34,655, INFO, Commiting... 553, 1000
2008-01-30 18:16:35,750, INFO, Commiting... 554, 1000
2008-01-30 18:16:36,875, INFO, Commiting... 555, 1000
2008-01-30 18:16:37,983, INFO, Commiting... 556, 1000
2008-01-30 18:16:39,092, INFO, Commiting... 557, 1000
2008-01-30 18:16:40,187, INFO, Commiting... 558, 1000
2008-01-30 18:16:41,328, INFO, Commiting... 559, 1000
2008-01-30 18:16:42,421, INFO, Commiting... 560, 1000
2008-01-30 18:16:43,530, INFO, Commiting... 561, 1000
2008-01-30 18:16:44,655, INFO, Commiting... 562, 1000
2008-01-30 18:16:45,765, INFO, Commiting... 563, 1000
2008-01-30 18:16:46,890, INFO, Commiting... 564, 1000
2008-01-30 18:16:48,046, INFO, Commiting... 565, 1000
2008-01-30 18:16:49,171, INFO, Commiting... 566, 1000
2008-01-30 18:16:50,280, INFO, Commiting... 567, 1000
2008-01-30 18:16:51,390, INFO, Commiting... 568, 1000
2008-01-30 18:16:52,500, INFO, Commiting... 569, 1000
2008-01-30 18:16:53,592, INFO, Commiting... 570, 1000
2008-01-30 18:16:54,717, INFO, Commiting... 571, 1000
2008-01-30 18:16:55,828, INFO, Commiting... 572, 1000
2008-01-30 18:16:56,983, INFO, Commiting... 573, 1000
2008-01-30 18:16:58,108, INFO, Commiting... 574, 1000
2008-01-30 18:16:59,217, INFO, Commiting... 575, 1000
2008-01-30 18:17:00,390, INFO, Commiting... 576, 1000
2008-01-30 18:17:01,546, INFO, Commiting... 577, 1000
2008-01-30 18:17:02,671, INFO, Commiting... 578, 1000
2008-01-30 18:17:03,796, INFO, Commiting... 579, 1000
2008-01-30 18:17:04,905, INFO, Commiting... 580, 1000
2008-01-30 18:17:06,030, INFO, Commiting... 581, 1000
2008-01-30 18:17:07,155, INFO, Commiting... 582, 1000
2008-01-30 18:17:08,265, INFO, Commiting... 583, 1000
2008-01-30 18:17:09,390, INFO, Commiting... 584, 1000
2008-01-30 18:17:10,500, INFO, Commiting... 585, 1000
2008-01-30 18:17:11,608, INFO, Commiting... 586, 1000
2008-01-30 18:17:12,703, INFO, Commiting... 587, 1000
2008-01-30 18:17:13,812, INFO, Commiting... 588, 1000
2008-01-30 18:17:14,905, INFO, Commiting... 589, 1000
2008-01-30 18:17:16,030, INFO, Commiting... 590, 1000
2008-01-30 18:17:17,125, INFO, Commiting... 591, 1000
2008-01-30 18:17:18,233, INFO, Commiting... 592, 1000
2008-01-30 18:17:19,358, INFO, Commiting... 593, 1000
2008-01-30 18:17:20,467, INFO, Commiting... 594, 1000
2008-01-30 18:17:21,592, INFO, Commiting... 595, 1000
2008-01-30 18:17:22,687, INFO, Commiting... 596, 1000
2008-01-30 18:17:23,796, INFO, Commiting... 597, 1000
2008-01-30 18:17:24,905, INFO, Commiting... 598, 1000
2008-01-30 18:17:26,015, INFO, Commiting... 599, 1000
2008-01-30 18:17:27,108, INFO, Commiting... 600, 1000
2008-01-30 18:17:28,233, INFO, Commiting... 601, 1000
2008-01-30 18:17:29,328, INFO, Commiting... 602, 1000
2008-01-30 18:17:30,437, INFO, Commiting... 603, 1000
2008-01-30 18:17:31,515, INFO, Commiting... 604, 1000
2008-01-30 18:17:32,625, INFO, Commiting... 605, 1000
2008-01-30 18:17:33,750, INFO, Commiting... 606, 1000
2008-01-30 18:17:34,858, INFO, Commiting... 607, 1000
2008-01-30 18:17:35,983, INFO, Commiting... 608, 1000
2008-01-30 18:17:37,078, INFO, Commiting... 609, 1000
2008-01-30 18:17:38,203, INFO, Commiting... 610, 1000
2008-01-30 18:17:39,312, INFO, Commiting... 611, 1000
2008-01-30 18:17:40,421, INFO, Commiting... 612, 1000
2008-01-30 18:17:41,546, INFO, Commiting... 613, 1000
2008-01-30 18:17:42,671, INFO, Commiting... 614, 1000
2008-01-30 18:17:43,765, INFO, Commiting... 615, 1000
2008-01-30 18:17:44,890, INFO, Commiting... 616, 1000
2008-01-30 18:17:45,967, INFO, Commiting... 617, 1000
2008-01-30 18:17:47,062, INFO, Commiting... 618, 1000
2008-01-30 18:17:48,171, INFO, Commiting... 619, 1000
2008-01-30 18:17:49,265, INFO, Commiting... 620, 1000
2008-01-30 18:17:50,390, INFO, Commiting... 621, 1000
2008-01-30 18:17:51,483, INFO, Commiting... 622, 1000
2008-01-30 18:17:52,592, INFO, Commiting... 623, 1000
2008-01-30 18:17:53,717, INFO, Commiting... 624, 1000
2008-01-30 18:17:54,842, INFO, Commiting... 625, 1000
2008-01-30 18:17:55,953, INFO, Commiting... 626, 1000
2008-01-30 18:17:57,062, INFO, Commiting... 627, 1000
2008-01-30 18:17:58,187, INFO, Commiting... 628, 1000
2008-01-30 18:17:59,312, INFO, Commiting... 629, 1000
2008-01-30 18:18:00,437, INFO, Commiting... 630, 1000
2008-01-30 18:18:01,562, INFO, Commiting... 631, 1000
2008-01-30 18:18:02,717, INFO, Commiting... 632, 1000
2008-01-30 18:18:03,858, INFO, Commiting... 633, 1000
2008-01-30 18:18:05,030, INFO, Commiting... 634, 1000
2008-01-30 18:18:06,155, INFO, Commiting... 635, 1000
2008-01-30 18:18:07,280, INFO, Commiting... 636, 1000
2008-01-30 18:18:08,390, INFO, Commiting... 637, 1000
2008-01-30 18:18:09,483, INFO, Commiting... 638, 1000
2008-01-30 18:18:10,608, INFO, Commiting... 639, 1000
2008-01-30 18:18:11,703, INFO, Commiting... 640, 1000
2008-01-30 18:18:12,796, INFO, Commiting... 641, 1000
2008-01-30 18:18:13,921, INFO, Commiting... 642, 1000
2008-01-30 18:18:15,030, INFO, Commiting... 643, 1000
2008-01-30 18:18:16,140, INFO, Commiting... 644, 1000
2008-01-30 18:18:17,250, INFO, Commiting... 645, 1000
2008-01-30 18:18:18,358, INFO, Commiting... 646, 1000
2008-01-30 18:18:19,453, INFO, Commiting... 647, 1000
2008-01-30 18:18:20,562, INFO, Commiting... 648, 1000
2008-01-30 18:18:21,671, INFO, Commiting... 649, 1000
2008-01-30 18:18:22,780, INFO, Commiting... 650, 1000
2008-01-30 18:18:23,875, INFO, Commiting... 651, 1000
2008-01-30 18:18:24,983, INFO, Commiting... 652, 1000
2008-01-30 18:18:26,092, INFO, Commiting... 653, 1000
2008-01-30 18:18:27,203, INFO, Commiting... 654, 1000
2008-01-30 18:18:28,312, INFO, Commiting... 655, 1000
2008-01-30 18:18:29,421, INFO, Commiting... 656, 1000
2008-01-30 18:18:30,515, INFO, Commiting... 657, 1000
2008-01-30 18:18:31,625, INFO, Commiting... 658, 1000
2008-01-30 18:18:32,733, INFO, Commiting... 659, 1000
2008-01-30 18:18:33,828, INFO, Commiting... 660, 1000
2008-01-30 18:18:34,953, INFO, Commiting... 661, 1000
2008-01-30 18:18:36,062, INFO, Commiting... 662, 1000
2008-01-30 18:18:37,187, INFO, Commiting... 663, 1000
2008-01-30 18:18:38,296, INFO, Commiting... 664, 1000
2008-01-30 18:18:39,390, INFO, Commiting... 665, 1000
2008-01-30 18:18:40,515, INFO, Commiting... 666, 1000
2008-01-30 18:18:41,608, INFO, Commiting... 667, 1000
2008-01-30 18:18:42,703, INFO, Commiting... 668, 1000
2008-01-30 18:18:43,828, INFO, Commiting... 669, 1000
2008-01-30 18:18:44,937, INFO, Commiting... 670, 1000
2008-01-30 18:18:46,062, INFO, Commiting... 671, 1000
2008-01-30 18:18:47,171, INFO, Commiting... 672, 1000
2008-01-30 18:18:48,296, INFO, Commiting... 673, 1000
2008-01-30 18:18:49,405, INFO, Commiting... 674, 1000
2008-01-30 18:18:50,515, INFO, Commiting... 675, 1000
2008-01-30 18:18:51,625, INFO, Commiting... 676, 1000
2008-01-30 18:18:52,750, INFO, Commiting... 677, 1000
2008-01-30 18:18:53,842, INFO, Commiting... 678, 1000
2008-01-30 18:18:54,967, INFO, Commiting... 679, 1000
2008-01-30 18:18:56,092, INFO, Commiting... 680, 1000
2008-01-30 18:18:57,217, INFO, Commiting... 681, 1000
2008-01-30 18:18:58,328, INFO, Commiting... 682, 1000
2008-01-30 18:18:59,421, INFO, Commiting... 683, 1000
2008-01-30 18:19:00,530, INFO, Commiting... 684, 1000
2008-01-30 18:19:01,625, INFO, Commiting... 685, 1000
2008-01-30 18:19:02,717, INFO, Commiting... 686, 1000
2008-01-30 18:19:03,842, INFO, Commiting... 687, 1000
2008-01-30 18:19:04,953, INFO, Commiting... 688, 1000
2008-01-30 18:19:06,062, INFO, Commiting... 689, 1000
2008-01-30 18:19:07,233, INFO, Commiting... 690, 1000
2008-01-30 18:19:08,358, INFO, Commiting... 691, 1000
2008-01-30 18:19:09,467, INFO, Commiting... 692, 1000
2008-01-30 18:19:10,625, INFO, Commiting... 693, 1000
2008-01-30 18:19:11,765, INFO, Commiting... 694, 1000
2008-01-30 18:19:12,858, INFO, Commiting... 695, 1000
2008-01-30 18:19:13,953, INFO, Commiting... 696, 1000
2008-01-30 18:19:15,062, INFO, Commiting... 697, 1000
2008-01-30 18:19:16,155, INFO, Commiting... 698, 1000
2008-01-30 18:19:17,265, INFO, Commiting... 699, 1000
2008-01-30 18:19:18,390, INFO, Commiting... 700, 1000
2008-01-30 18:19:19,483, INFO, Commiting... 701, 1000
2008-01-30 18:19:20,592, INFO, Commiting... 702, 1000
2008-01-30 18:19:21,687, INFO, Commiting... 703, 1000
2008-01-30 18:19:22,812, INFO, Commiting... 704, 1000
2008-01-30 18:19:23,921, INFO, Commiting... 705, 1000
2008-01-30 18:19:25,030, INFO, Commiting... 706, 1000
2008-01-30 18:19:26,155, INFO, Commiting... 707, 1000
2008-01-30 18:19:27,280, INFO, Commiting... 708, 1000
2008-01-30 18:19:28,375, INFO, Commiting... 709, 1000
2008-01-30 18:19:29,483, INFO, Commiting... 710, 1000
2008-01-30 18:19:30,608, INFO, Commiting... 711, 1000
2008-01-30 18:19:31,733, INFO, Commiting... 712, 1000
2008-01-30 18:19:32,842, INFO, Commiting... 713, 1000
2008-01-30 18:19:33,937, INFO, Commiting... 714, 1000
2008-01-30 18:19:35,030, INFO, Commiting... 715, 1000
2008-01-30 18:19:36,140, INFO, Commiting... 716, 1000
2008-01-30 18:19:37,265, INFO, Commiting... 717, 1000
2008-01-30 18:19:38,358, INFO, Commiting... 718, 1000
2008-01-30 18:19:39,453, INFO, Commiting... 719, 1000
2008-01-30 18:19:40,578, INFO, Commiting... 720, 1000
2008-01-30 18:19:41,687, INFO, Commiting... 721, 1000
2008-01-30 18:19:42,796, INFO, Commiting... 722, 1000
2008-01-30 18:19:43,875, INFO, Commiting... 723, 1000
2008-01-30 18:19:44,967, INFO, Commiting... 724, 1000
2008-01-30 18:19:46,062, INFO, Commiting... 725, 1000
2008-01-30 18:19:47,187, INFO, Commiting... 726, 1000
2008-01-30 18:19:48,265, INFO, Commiting... 727, 1000
2008-01-30 18:19:49,358, INFO, Commiting... 728, 1000
2008-01-30 18:19:50,467, INFO, Commiting... 729, 1000
2008-01-30 18:19:51,578, INFO, Commiting... 730, 1000
2008-01-30 18:19:52,703, INFO, Commiting... 731, 1000
2008-01-30 18:19:53,812, INFO, Commiting... 732, 1000
2008-01-30 18:19:54,953, INFO, Commiting... 733, 1000
2008-01-30 18:19:56,078, INFO, Commiting... 734, 1000
2008-01-30 18:19:57,187, INFO, Commiting... 735, 1000
2008-01-30 18:19:58,296, INFO, Commiting... 736, 1000
2008-01-30 18:19:59,390, INFO, Commiting... 737, 1000
2008-01-30 18:20:00,515, INFO, Commiting... 738, 1000
2008-01-30 18:20:01,640, INFO, Commiting... 739, 1000
2008-01-30 18:20:02,750, INFO, Commiting... 740, 1000
2008-01-30 18:20:03,842, INFO, Commiting... 741, 1000
2008-01-30 18:20:04,967, INFO, Commiting... 742, 1000
2008-01-30 18:20:06,078, INFO, Commiting... 743, 1000
2008-01-30 18:20:07,203, INFO, Commiting... 744, 1000
2008-01-30 18:20:08,328, INFO, Commiting... 745, 1000
2008-01-30 18:20:09,453, INFO, Commiting... 746, 1000
2008-01-30 18:20:10,562, INFO, Commiting... 747, 1000
2008-01-30 18:20:11,671, INFO, Commiting... 748, 1000
2008-01-30 18:20:12,812, INFO, Commiting... 749, 1000
2008-01-30 18:20:13,905, INFO, Commiting... 750, 1000
2008-01-30 18:20:15,046, INFO, Commiting... 751, 1000
2008-01-30 18:20:16,155, INFO, Commiting... 752, 1000
2008-01-30 18:20:17,265, INFO, Commiting... 753, 1000
2008-01-30 18:20:18,375, INFO, Commiting... 754, 1000
2008-01-30 18:20:19,483, INFO, Commiting... 755, 1000
2008-01-30 18:20:20,608, INFO, Commiting... 756, 1000
2008-01-30 18:20:21,717, INFO, Commiting... 757, 1000
2008-01-30 18:20:22,842, INFO, Commiting... 758, 1000
2008-01-30 18:20:23,953, INFO, Commiting... 759, 1000
2008-01-30 18:20:25,062, INFO, Commiting... 760, 1000
2008-01-30 18:20:26,171, INFO, Commiting... 761, 1000
2008-01-30 18:20:27,265, INFO, Commiting... 762, 1000
2008-01-30 18:20:28,375, INFO, Commiting... 763, 1000
2008-01-30 18:20:29,500, INFO, Commiting... 764, 1000
2008-01-30 18:20:30,625, INFO, Commiting... 765, 1000
2008-01-30 18:20:31,750, INFO, Commiting... 766, 1000
2008-01-30 18:20:32,842, INFO, Commiting... 767, 1000
2008-01-30 18:20:33,967, INFO, Commiting... 768, 1000
2008-01-30 18:20:35,078, INFO, Commiting... 769, 1000
2008-01-30 18:20:36,171, INFO, Commiting... 770, 1000
2008-01-30 18:20:37,296, INFO, Commiting... 771, 1000
2008-01-30 18:20:38,405, INFO, Commiting... 772, 1000
2008-01-30 18:20:39,530, INFO, Commiting... 773, 1000
2008-01-30 18:20:40,640, INFO, Commiting... 774, 1000
2008-01-30 18:20:41,733, INFO, Commiting... 775, 1000
2008-01-30 18:20:42,842, INFO, Commiting... 776, 1000
2008-01-30 18:20:43,953, INFO, Commiting... 777, 1000
2008-01-30 18:20:45,078, INFO, Commiting... 778, 1000
2008-01-30 18:20:46,187, INFO, Commiting... 779, 1000
2008-01-30 18:20:47,312, INFO, Commiting... 780, 1000
2008-01-30 18:20:48,421, INFO, Commiting... 781, 1000
2008-01-30 18:20:49,546, INFO, Commiting... 782, 1000
2008-01-30 18:20:50,671, INFO, Commiting... 783, 1000
2008-01-30 18:20:51,780, INFO, Commiting... 784, 1000
2008-01-30 18:20:52,890, INFO, Commiting... 785, 1000
2008-01-30 18:20:54,030, INFO, Commiting... 786, 1000
2008-01-30 18:20:55,125, INFO, Commiting... 787, 1000
2008-01-30 18:20:56,250, INFO, Commiting... 788, 1000
2008-01-30 18:20:57,358, INFO, Commiting... 789, 1000
2008-01-30 18:20:58,453, INFO, Commiting... 790, 1000
2008-01-30 18:20:59,546, INFO, Commiting... 791, 1000
2008-01-30 18:21:00,655, INFO, Commiting... 792, 1000
2008-01-30 18:21:01,750, INFO, Commiting... 793, 1000
2008-01-30 18:21:02,858, INFO, Commiting... 794, 1000
2008-01-30 18:21:03,967, INFO, Commiting... 795, 1000
2008-01-30 18:21:05,092, INFO, Commiting... 796, 1000
2008-01-30 18:21:06,203, INFO, Commiting... 797, 1000
2008-01-30 18:21:07,296, INFO, Commiting... 798, 1000
2008-01-30 18:21:08,405, INFO, Commiting... 799, 1000
2008-01-30 18:21:09,515, INFO, Commiting... 800, 1000
2008-01-30 18:21:10,608, INFO, Commiting... 801, 1000
2008-01-30 18:21:11,733, INFO, Commiting... 802, 1000
2008-01-30 18:21:12,842, INFO, Commiting... 803, 1000
2008-01-30 18:21:13,967, INFO, Commiting... 804, 1000
2008-01-30 18:21:15,062, INFO, Commiting... 805, 1000
2008-01-30 18:21:16,187, INFO, Commiting... 806, 1000
2008-01-30 18:21:17,328, INFO, Commiting... 807, 1000
2008-01-30 18:21:18,453, INFO, Commiting... 808, 1000
2008-01-30 18:21:19,546, INFO, Commiting... 809, 1000
2008-01-30 18:21:20,703, INFO, Commiting... 810, 1000
2008-01-30 18:21:21,842, INFO, Commiting... 811, 1000
2008-01-30 18:21:22,953, INFO, Commiting... 812, 1000
2008-01-30 18:21:24,078, INFO, Commiting... 813, 1000
2008-01-30 18:21:25,187, INFO, Commiting... 814, 1000
2008-01-30 18:21:26,328, INFO, Commiting... 815, 1000
2008-01-30 18:21:27,453, INFO, Commiting... 816, 1000
2008-01-30 18:21:28,578, INFO, Commiting... 817, 1000
2008-01-30 18:21:29,687, INFO, Commiting... 818, 1000
2008-01-30 18:21:30,796, INFO, Commiting... 819, 1000
2008-01-30 18:21:31,905, INFO, Commiting... 820, 1000
2008-01-30 18:21:33,015, INFO, Commiting... 821, 1000
2008-01-30 18:21:34,125, INFO, Commiting... 822, 1000
2008-01-30 18:21:35,233, INFO, Commiting... 823, 1000
2008-01-30 18:21:36,358, INFO, Commiting... 824, 1000
2008-01-30 18:21:37,483, INFO, Commiting... 825, 1000
2008-01-30 18:21:38,608, INFO, Commiting... 826, 1000
2008-01-30 18:21:39,703, INFO, Commiting... 827, 1000
2008-01-30 18:21:40,828, INFO, Commiting... 828, 1000
2008-01-30 18:21:41,937, INFO, Commiting... 829, 1000
2008-01-30 18:21:43,062, INFO, Commiting... 830, 1000
2008-01-30 18:21:44,171, INFO, Commiting... 831, 1000
2008-01-30 18:21:45,280, INFO, Commiting... 832, 1000
2008-01-30 18:21:46,390, INFO, Commiting... 833, 1000
2008-01-30 18:21:47,500, INFO, Commiting... 834, 1000
2008-01-30 18:21:48,625, INFO, Commiting... 835, 1000
2008-01-30 18:21:49,733, INFO, Commiting... 836, 1000
2008-01-30 18:21:50,842, INFO, Commiting... 837, 1000
2008-01-30 18:21:51,953, INFO, Commiting... 838, 1000
2008-01-30 18:21:53,062, INFO, Commiting... 839, 1000
2008-01-30 18:21:54,171, INFO, Commiting... 840, 1000
2008-01-30 18:21:55,296, INFO, Commiting... 841, 1000
2008-01-30 18:21:56,405, INFO, Commiting... 842, 1000
2008-01-30 18:21:57,515, INFO, Commiting... 843, 1000
2008-01-30 18:21:58,625, INFO, Commiting... 844, 1000
2008-01-30 18:21:59,717, INFO, Commiting... 845, 1000
2008-01-30 18:22:00,828, INFO, Commiting... 846, 1000
2008-01-30 18:22:01,937, INFO, Commiting... 847, 1000
2008-01-30 18:22:03,030, INFO, Commiting... 848, 1000
2008-01-30 18:22:04,140, INFO, Commiting... 849, 1000
2008-01-30 18:22:05,233, INFO, Commiting... 850, 1000
2008-01-30 18:22:06,328, INFO, Commiting... 851, 1000
2008-01-30 18:22:07,421, INFO, Commiting... 852, 1000
2008-01-30 18:22:08,515, INFO, Commiting... 853, 1000
2008-01-30 18:22:09,608, INFO, Commiting... 854, 1000
2008-01-30 18:22:10,687, INFO, Commiting... 855, 1000
2008-01-30 18:22:11,780, INFO, Commiting... 856, 1000
2008-01-30 18:22:12,875, INFO, Commiting... 857, 1000
2008-01-30 18:22:13,967, INFO, Commiting... 858, 1000
2008-01-30 18:22:15,062, INFO, Commiting... 859, 1000
2008-01-30 18:22:16,155, INFO, Commiting... 860, 1000
2008-01-30 18:22:17,250, INFO, Commiting... 861, 1000
2008-01-30 18:22:18,342, INFO, Commiting... 862, 1000
2008-01-30 18:22:19,437, INFO, Commiting... 863, 1000
2008-01-30 18:22:20,530, INFO, Commiting... 864, 1000
2008-01-30 18:22:21,608, INFO, Commiting... 865, 1000
2008-01-30 18:22:22,750, INFO, Commiting... 866, 1000
2008-01-30 18:22:23,842, INFO, Commiting... 867, 1000
2008-01-30 18:22:24,953, INFO, Commiting... 868, 1000
2008-01-30 18:22:26,062, INFO, Commiting... 869, 1000
2008-01-30 18:22:27,171, INFO, Commiting... 870, 1000
2008-01-30 18:22:28,265, INFO, Commiting... 871, 1000
2008-01-30 18:22:29,358, INFO, Commiting... 872, 1000
2008-01-30 18:22:30,453, INFO, Commiting... 873, 1000
2008-01-30 18:22:31,530, INFO, Commiting... 874, 1000
2008-01-30 18:22:32,640, INFO, Commiting... 875, 1000
2008-01-30 18:22:33,765, INFO, Commiting... 876, 1000
2008-01-30 18:22:34,858, INFO, Commiting... 877, 1000
2008-01-30 18:22:35,953, INFO, Commiting... 878, 1000
2008-01-30 18:22:37,046, INFO, Commiting... 879, 1000
2008-01-30 18:22:38,125, INFO, Commiting... 880, 1000
2008-01-30 18:22:39,233, INFO, Commiting... 881, 1000
2008-01-30 18:22:40,358, INFO, Commiting... 882, 1000
2008-01-30 18:22:41,467, INFO, Commiting... 883, 1000
2008-01-30 18:22:42,562, INFO, Commiting... 884, 1000
2008-01-30 18:22:43,655, INFO, Commiting... 885, 1000
2008-01-30 18:22:44,765, INFO, Commiting... 886, 1000
2008-01-30 18:22:45,858, INFO, Commiting... 887, 1000
2008-01-30 18:22:46,953, INFO, Commiting... 888, 1000
2008-01-30 18:22:48,062, INFO, Commiting... 889, 1000
2008-01-30 18:22:49,187, INFO, Commiting... 890, 1000
2008-01-30 18:22:50,280, INFO, Commiting... 891, 1000
2008-01-30 18:22:51,375, INFO, Commiting... 892, 1000
2008-01-30 18:22:52,483, INFO, Commiting... 893, 1000
2008-01-30 18:22:53,608, INFO, Commiting... 894, 1000
2008-01-30 18:22:54,733, INFO, Commiting... 895, 1000
2008-01-30 18:22:55,842, INFO, Commiting... 896, 1000
2008-01-30 18:22:56,983, INFO, Commiting... 897, 1000
2008-01-30 18:22:58,108, INFO, Commiting... 898, 1000
2008-01-30 18:22:59,217, INFO, Commiting... 899, 1000
2008-01-30 18:23:00,342, INFO, Commiting... 900, 1000
2008-01-30 18:23:01,453, INFO, Commiting... 901, 1000
2008-01-30 18:23:02,578, INFO, Commiting... 902, 1000
2008-01-30 18:23:03,703, INFO, Commiting... 903, 1000
2008-01-30 18:23:04,812, INFO, Commiting... 904, 1000
2008-01-30 18:23:05,921, INFO, Commiting... 905, 1000
2008-01-30 18:23:07,030, INFO, Commiting... 906, 1000
2008-01-30 18:23:08,155, INFO, Commiting... 907, 1000
2008-01-30 18:23:09,265, INFO, Commiting... 908, 1000
2008-01-30 18:23:10,390, INFO, Commiting... 909, 1000
2008-01-30 18:23:11,483, INFO, Commiting... 910, 1000
2008-01-30 18:23:12,608, INFO, Commiting... 911, 1000
2008-01-30 18:23:13,703, INFO, Commiting... 912, 1000
2008-01-30 18:23:14,812, INFO, Commiting... 913, 1000
2008-01-30 18:23:15,921, INFO, Commiting... 914, 1000
2008-01-30 18:23:17,030, INFO, Commiting... 915, 1000
2008-01-30 18:23:18,140, INFO, Commiting... 916, 1000
2008-01-30 18:23:19,265, INFO, Commiting... 917, 1000
2008-01-30 18:23:20,390, INFO, Commiting... 918, 1000
2008-01-30 18:23:21,483, INFO, Commiting... 919, 1000
2008-01-30 18:23:22,625, INFO, Commiting... 920, 1000
2008-01-30 18:23:23,733, INFO, Commiting... 921, 1000
2008-01-30 18:23:24,858, INFO, Commiting... 922, 1000
2008-01-30 18:23:25,953, INFO, Commiting... 923, 1000
2008-01-30 18:23:27,078, INFO, Commiting... 924, 1000
2008-01-30 18:23:28,203, INFO, Commiting... 925, 1000
2008-01-30 18:23:29,312, INFO, Commiting... 926, 1000
2008-01-30 18:23:30,483, INFO, Commiting... 927, 1000
2008-01-30 18:23:31,608, INFO, Commiting... 928, 1000
2008-01-30 18:23:32,733, INFO, Commiting... 929, 1000
2008-01-30 18:23:33,858, INFO, Commiting... 930, 1000
2008-01-30 18:23:34,967, INFO, Commiting... 931, 1000
2008-01-30 18:23:36,078, INFO, Commiting... 932, 1000
2008-01-30 18:23:37,187, INFO, Commiting... 933, 1000
2008-01-30 18:23:38,296, INFO, Commiting... 934, 1000
2008-01-30 18:23:39,405, INFO, Commiting... 935, 1000
2008-01-30 18:23:40,500, INFO, Commiting... 936, 1000
2008-01-30 18:23:41,592, INFO, Commiting... 937, 1000
2008-01-30 18:23:42,717, INFO, Commiting... 938, 1000
2008-01-30 18:23:43,828, INFO, Commiting... 939, 1000
2008-01-30 18:23:44,953, INFO, Commiting... 940, 1000
2008-01-30 18:23:46,062, INFO, Commiting... 941, 1000
2008-01-30 18:23:47,187, INFO, Commiting... 942, 1000
2008-01-30 18:23:48,296, INFO, Commiting... 943, 1000
2008-01-30 18:23:49,437, INFO, Commiting... 944, 1000
2008-01-30 18:23:50,546, INFO, Commiting... 945, 1000
2008-01-30 18:23:51,671, INFO, Commiting... 946, 1000
2008-01-30 18:23:52,765, INFO, Commiting... 947, 1000
2008-01-30 18:23:53,890, INFO, Commiting... 948, 1000
2008-01-30 18:23:55,015, INFO, Commiting... 949, 1000
2008-01-30 18:23:56,140, INFO, Commiting... 950, 1000
2008-01-30 18:23:57,250, INFO, Commiting... 951, 1000
2008-01-30 18:23:58,375, INFO, Commiting... 952, 1000
2008-01-30 18:23:59,483, INFO, Commiting... 953, 1000
2008-01-30 18:24:00,592, INFO, Commiting... 954, 1000
2008-01-30 18:24:01,717, INFO, Commiting... 955, 1000
2008-01-30 18:24:02,842, INFO, Commiting... 956, 1000
2008-01-30 18:24:03,937, INFO, Commiting... 957, 1000
2008-01-30 18:24:05,062, INFO, Commiting... 958, 1000
2008-01-30 18:24:06,187, INFO, Commiting... 959, 1000
2008-01-30 18:24:07,296, INFO, Commiting... 960, 1000
2008-01-30 18:24:08,390, INFO, Commiting... 961, 1000
2008-01-30 18:24:09,500, INFO, Commiting... 962, 1000
2008-01-30 18:24:10,592, INFO, Commiting... 963, 1000
2008-01-30 18:24:11,717, INFO, Commiting... 964, 1000
2008-01-30 18:24:12,828, INFO, Commiting... 965, 1000
2008-01-30 18:24:13,937, INFO, Commiting... 966, 1000
2008-01-30 18:24:15,015, INFO, Commiting... 967, 1000
2008-01-30 18:24:16,125, INFO, Commiting... 968, 1000
2008-01-30 18:24:17,250, INFO, Commiting... 969, 1000
2008-01-30 18:24:18,342, INFO, Commiting... 970, 1000
2008-01-30 18:24:19,467, INFO, Commiting... 971, 1000
2008-01-30 18:24:20,562, INFO, Commiting... 972, 1000
2008-01-30 18:24:21,671, INFO, Commiting... 973, 1000
2008-01-30 18:24:22,780, INFO, Commiting... 974, 1000
2008-01-30 18:24:23,875, INFO, Commiting... 975, 1000
2008-01-30 18:24:24,983, INFO, Commiting... 976, 1000
2008-01-30 18:24:26,108, INFO, Commiting... 977, 1000
2008-01-30 18:24:27,217, INFO, Commiting... 978, 1000
2008-01-30 18:24:28,328, INFO, Commiting... 979, 1000
2008-01-30 18:24:29,453, INFO, Commiting... 980, 1000
2008-01-30 18:24:30,578, INFO, Commiting... 981, 1000
2008-01-30 18:24:31,687, INFO, Commiting... 982, 1000
2008-01-30 18:24:32,875, INFO, Commiting... 983, 1000
2008-01-30 18:24:33,983, INFO, Commiting... 984, 1000
2008-01-30 18:24:35,108, INFO, Commiting... 985, 1000
2008-01-30 18:24:36,250, INFO, Commiting... 986, 1000
2008-01-30 18:24:37,375, INFO, Commiting... 987, 1000
2008-01-30 18:24:38,500, INFO, Commiting... 988, 1000
2008-01-30 18:24:39,608, INFO, Commiting... 989, 1000
2008-01-30 18:24:40,717, INFO, Commiting... 990, 1000
2008-01-30 18:24:41,842, INFO, Commiting... 991, 1000
2008-01-30 18:24:42,953, INFO, Commiting... 992, 1000
2008-01-30 18:24:44,078, INFO, Commiting... 993, 1000
2008-01-30 18:24:45,187, INFO, Commiting... 994, 1000
2008-01-30 18:24:46,296, INFO, Commiting... 995, 1000
2008-01-30 18:24:47,421, INFO, Commiting... 996, 1000
2008-01-30 18:24:48,515, INFO, Commiting... 997, 1000
2008-01-30 18:24:49,640, INFO, Commiting... 998, 1000
2008-01-30 18:24:50,733, INFO, Commiting... 999, 1000
2008-01-30 18:24:51,842, INFO, Commiting... 1000, 1000
